[I 2026-07-11 03:49:17,771] Trial 5 finished with value: 2343.9658563727426 and parameters: {'env.rewards.stair_climb.weight': 23.5, 'env.rewards.base_height_jump.weight': -15.0, 'env.curriculum.terrain_levels.params.promote_steps': 3.0, 'agent.algorithm.learning_rate': 0.001, 'env.rewards.stair_climb.params.growth': 2.6091098933674672, 'env.rewards.jump_lin_vel_z.weight': 5.286626986165748, 'agent.algorithm.entropy_coef': 0.00887012772260928}. Best is trial 3 with value: 2520.913952058938.

[sweep] trial 4: {'env.rewards.stair_climb.weight': 23.5, 'env.rewards.base_height_jump.weight': -15.0, 'env.curriculum.terrain_levels.params.promote_steps': 3.0, 'agent.algorithm.learning_rate': 0.001, 'env.rewards.stair_climb.params.growth': 2.3899721557755242, 'env.rewards.jump_lin_vel_z.weight': 4.531562060027348, 'agent.algorithm.entropy_coef': 0.007021534148213333}
[sweep]   $ /home/lch/miniconda3/envs/env_isaaclab/bin/python scripts/co_rl/train.py --task Isaac-Velocity-Rough-Flamingo-Light-Stair-Jump-v1-ppo --algo ppo --max_iterations 5000 --run_name sweep004 --param_overrides /home/lch/Isaac-RL-Two-wheel-Legged-Bot/logs/co_rl/Flamingo_Light_Rough_Stair_Jump/ppo/_sweeps/stair_jump_focused2_2026-07-10_10-56-38/sweep004_overrides.json --headless --num_envs 8192 --warmstart_ckpt /home/lch/Isaac-RL-Two-wheel-Legged-Bot/logs/co_rl/Flamingo_Light_Flat_Stand_Drive/ppo/2026-07-02_12-12-49/model_1499.pt
[sweep]   metric=1401.3106036438603  status=ok

[sweep] top trials:
 trial  env.rewards.stair_climb.weight  env.rewards.base_height_jump.weight  env.curriculum.terrain_levels.params.promote_steps  agent.algorithm.learning_rate  env.rewards.stair_climb.params.growth  env.rewards.jump_lin_vel_z.weight  agent.algorithm.entropy_coef status      metric                                                                                                             log_dir
     3                            23.5                                -15.0                                                 3.0                          0.001                               2.525077                           4.390442                      0.008431     ok 2520.913952 /home/lch/Isaac-RL-Two-wheel-Legged-Bot/logs/co_rl/Flamingo_Light_Rough_Stair_Jump/ppo/2026-07-10_19-21-16_sweep003
     2                            23.5                                -15.0                                                 3.0                          0.001                               2.440682                           5.163083                      0.006401     ok 1768.932854 /home/lch/Isaac-RL-Two-wheel-Legged-Bot/logs/co_rl/Flamingo_Light_Rough_Stair_Jump/ppo/2026-07-10_16-32-51_sweep002
     4                            23.5                                -15.0                                                 3.0                          0.001                               2.389972                           4.531562                      0.007022     ok 1401.310604 /home/lch/Isaac-RL-Two-wheel-Legged-Bot/logs/co_rl/Flamingo_Light_Rough_Stair_Jump/ppo/2026-07-10_22-11-24_sweep004
     1                            23.5                                -15.0                                                 3.0                          0.001                               2.356485                           4.567700                      0.005639     ok  913.348987 /home/lch/Isaac-RL-Two-wheel-Legged-Bot/logs/co_rl/Flamingo_Light_Rough_Stair_Jump/ppo/2026-07-10_13-44-37_sweep001
     0                            23.5                                -15.0                                                 3.0                          0.001                               2.364617                           4.675843                      0.007844     ok  227.195232 /home/lch/Isaac-RL-Two-wheel-Legged-Bot/logs/co_rl/Flamingo_Light_Rough_Stair_Jump/ppo/2026-07-10_10-56-52_sweep000
[sweep] trial 5: {'env.rewards.stair_climb.weight': 23.5, 'env.rewards.base_height_jump.weight': -15.0, 'env.curriculum.terrain_levels.params.promote_steps': 3.0, 'agent.algorithm.learning_rate': 0.001, 'env.rewards.stair_climb.params.growth': 2.6091098933674672, 'env.rewards.jump_lin_vel_z.weight': 5.286626986165748, 'agent.algorithm.entropy_coef': 0.00887012772260928}
[sweep]   $ /home/lch/miniconda3/envs/env_isaaclab/bin/python scripts/co_rl/train.py --task Isaac-Velocity-Rough-Flamingo-Light-Stair-Jump-v1-ppo --algo ppo --max_iterations 5000 --run_name sweep005 --param_overrides /home/lch/Isaac-RL-Two-wheel-Legged-Bot/logs/co_rl/Flamingo_Light_Rough_Stair_Jump/ppo/_sweeps/stair_jump_focused2_2026-07-10_10-56-38/sweep005_overrides.json --headless --num_envs 8192 --warmstart_ckpt /home/lch/Isaac-RL-Two-wheel-Legged-Bot/logs/co_rl/Flamingo_Light_Flat_Stand_Drive/ppo/2026-07-02_12-12-49/model_1499.pt
[sweep]   metric=2343.9658563727426  status=ok

[sweep] top trials:
 trial  env.rewards.stair_climb.weight  env.rewards.base_height_jump.weight  env.curriculum.terrain_levels.params.promote_steps  agent.algorithm.learning_rate  env.rewards.stair_climb.params.growth  env.rewards.jump_lin_vel_z.weight  agent.algorithm.entropy_coef status      metric                                                                                                             log_dir
     3                            23.5                                -15.0                                                 3.0                          0.001                               2.525077                           4.390442                      0.008431     ok 2520.913952 /home/lch/Isaac-RL-Two-wheel-Legged-Bot/logs/co_rl/Flamingo_Light_Rough_Stair_Jump/ppo/2026-07-10_19-21-16_sweep003
     5                            23.5                                -15.0                                                 3.0                          0.001                               2.609110                           5.286627                      0.008870     ok 2343.965856 /home/lch/Isaac-RL-Two-wheel-Legged-Bot/logs/co_rl/Flamingo_Light_Rough_Stair_Jump/ppo/2026-07-11_00-59-35_sweep005
     2                            23.5                                -15.0                                                 3.0                          0.001                               2.440682                           5.163083                      0.006401     ok 1768.932854 /home/lch/Isaac-RL-Two-wheel-Legged-Bot/logs/co_rl/Flamingo_Light_Rough_Stair_Jump/ppo/2026-07-10_16-32-51_sweep002
     4                            23.5                                -15.0                                                 3.0                          0.001                               2.389972                           4.531562                      0.007022     ok 1401.310604 /home/lch/Isaac-RL-Two-wheel-Legged-Bot/logs/co_rl/Flamingo_Light_Rough_Stair_Jump/ppo/2026-07-10_22-11-24_sweep004
     1                            23.5                                -15.0                                                 3.0                          0.001                               2.356485                           4.567700                      0.005639     ok  913.348987 /home/lch/Isaac-RL-Two-wheel-Legged-Bot/logs/co_rl/Flamingo_Light_Rough_Stair_Jump/ppo/2026-07-10_13-44-37_sweep001
     0                            23.5                                -15.0                                                 3.0                          0.001                               2.364617                           4.675843                      0.007844     ok  227.195232 /home/lch/Isaac-RL-Two-wheel-Legged-Bot/logs/co_rl/Flamingo_Light_Rough_Stair_Jump/ppo/2026-07-10_10-56-52_sweep000
[sweep] trial 6: {'env.rewards.stair_climb.weight': 23.5, 'env.rewards.base_height_jump.weight': -15.0, 'env.curriculum.terrain_levels.params.promote_steps': 3.0, 'agent.algorithm.learning_rate': 0.001, 'env.rewards.stair_climb.params.growth': 2.577790765835666, 'env.rewards.jump_lin_vel_z.weight': 4.7995250417171675, 'agent.algorithm.entropy_coef': 0.006726347374584158}
[sweep]   $ /home/lch/miniconda3/envs/env_isaaclab/bin/python scripts/co_rl/train.py --task Isaac-Velocity-Rough-Flamingo-Light-Stair-Jump-v1-ppo --algo ppo --max_iterations 5000 --run_name sweep006 --param_overrides /home/lch/Isaac-RL-Two-wheel-Legged-Bot/logs/co_rl/Flamingo_Light_Rough_Stair_Jump/ppo/_sweeps/stair_jump_focused2_2026-07-10_10-56-38/sweep006_overrides.json --headless --num_envs 8192 --warmstart_ckpt /home/lch/Isaac-RL-Two-wheel-Legged-Bot/logs/co_rl/Flamingo_Light_Flat_Stand_Drive/ppo/2026-07-02_12-12-49/model_1499.pt
[sweep]   metric=1834.9034437899659  status=ok

[sweep] top trials:
 trial  env.rewards.stair_climb.weight  env.rewards.base_height_jump.weight  env.curriculum.terrain_levels.params.promote_steps  agent.algorithm.learning_rate  env.rewards.stair_climb.params.growth  env.rewards.jump_lin_vel_z.weight  agent.algorithm.entropy_coef status      metric                                                                                                             log_dir
     3                            23.5                                -15.0                                                 3.0                          0.001                               2.525077                           4.390442                      0.008431     ok 2520.913952 /home/lch/Isaac-RL-Two-wheel-Legged-Bot/logs/co_rl/Flamingo_Light_Rough_Stair_Jump/ppo/2026-07-10_19-21-16_sweep003
     5                            23.5                                -15.0                                                 3.0                          0.001                               2.609110                           5.286627                      0.008870     ok 2343.965856 /home/lch/Isaac-RL-Two-wheel-Legged-Bot/logs/co_rl/Flamingo_Light_Rough_Stair_Jump/ppo/2026-07-11_00-59-35_sweep005
     6                            23.5                                -15.0                                                 3.0                          0.001                               2.577791                           4.799525                      0.006726     ok 1834.903444 /home/lch/Isaac-RL-Two-wheel-Legged-Bot/logs/co_rl/Flamingo_Light_Rough_Stair_Jump/ppo/2026-07-11_03-49-29_sweep006
     2                            23.5                                -15.0                                                 3.0                          0.001                               2.440682                           5.163083                      0.006401     ok 1768.932854 /home/lch/Isaac-RL-Two-wheel-Legged-Bot/logs/co_rl/Flamingo_Light_Rough_Stair_Jump/ppo/2026-07-10_16-32-51_sweep002
     4                            23.5                                -15.0                                                 3.0                          0.001                               2.389972                           4.531562                      0.007022     ok 1401.310604 /home/lch/Isaac-RL-Two-wheel-Legged-Bot/logs/co_rl/Flamingo_Light_Rough_Stair_Jump/ppo/2026-07-10_22-11-24_sweep004
     1                            23.5                                -15.0                                                 3.0                          0.001                               2.356485                           4.567700                      0.005639     ok  913.348987 /home/lch/Isaac-RL-Two-wheel-Legged-Bot/logs/co_rl/Flamingo_Light_Rough_Stair_Jump/ppo/2026-07-10_13-44-37_sweep001
     0                            23.5                                -15.0                                                 3.0                          0.001                               2.364617                           4.675843                      0.007844     ok  227.195232 /home/lch/Isaac-RL-Two-wheel-Legged-Bot/logs/co_rl/Flamingo_Light_Rough_Stair_Jump/ppo/2026-07-10_10-56-52_sweep000[I 2026-07-11 06:37:55,342] Trial 6 finished with value: 1834.9034437899659 and parameters: {'env.rewards.stair_climb.weight': 23.5, 'env.rewards.base_height_jump.weight': -15.0, 'env.curriculum.terrain_levels.params.promote_steps': 3.0, 'agent.algorithm.learning_rate': 0.001, 'env.rewards.stair_climb.params.growth': 2.577790765835666, 'env.rewards.jump_lin_vel_z.weight': 4.7995250417171675, 'agent.algorithm.entropy_coef': 0.006726347374584158}. Best is trial 3 with value: 2520.913952058938.
[I 2026-07-11 09:25:51,373] Trial 7 finished with value: 2108.78902390489 and parameters: {'env.rewards.stair_climb.weight': 23.5, 'env.rewards.base_height_jump.weight': -15.0, 'env.curriculum.terrain_levels.params.promote_steps': 3.0, 'agent.algorithm.learning_rate': 0.001, 'env.rewards.stair_climb.params.growth': 2.5640081283653435, 'env.rewards.jump_lin_vel_z.weight': 4.651870704475074, 'agent.algorithm.entropy_coef': 0.008376026794702835}. Best is trial 3 with value: 2520.913952058938.

[sweep] trial 7: {'env.rewards.stair_climb.weight': 23.5, 'env.rewards.base_height_jump.weight': -15.0, 'env.curriculum.terrain_levels.params.promote_steps': 3.0, 'agent.algorithm.learning_rate': 0.001, 'env.rewards.stair_climb.params.growth': 2.5640081283653435, 'env.rewards.jump_lin_vel_z.weight': 4.651870704475074, 'agent.algorithm.entropy_coef': 0.008376026794702835}
[sweep]   $ /home/lch/miniconda3/envs/env_isaaclab/bin/python scripts/co_rl/train.py --task Isaac-Velocity-Rough-Flamingo-Light-Stair-Jump-v1-ppo --algo ppo --max_iterations 5000 --run_name sweep007 --param_overrides /home/lch/Isaac-RL-Two-wheel-Legged-Bot/logs/co_rl/Flamingo_Light_Rough_Stair_Jump/ppo/_sweeps/stair_jump_focused2_2026-07-10_10-56-38/sweep007_overrides.json --headless --num_envs 8192 --warmstart_ckpt /home/lch/Isaac-RL-Two-wheel-Legged-Bot/logs/co_rl/Flamingo_Light_Flat_Stand_Drive/ppo/2026-07-02_12-12-49/model_1499.pt
[sweep]   metric=2108.78902390489  status=ok

[sweep] top trials:
 trial  env.rewards.stair_climb.weight  env.rewards.base_height_jump.weight  env.curriculum.terrain_levels.params.promote_steps  agent.algorithm.learning_rate  env.rewards.stair_climb.params.growth  env.rewards.jump_lin_vel_z.weight  agent.algorithm.entropy_coef status      metric                                                                                                             log_dir
     3                            23.5                                -15.0                                                 3.0                          0.001                               2.525077                           4.390442                      0.008431     ok 2520.913952 /home/lch/Isaac-RL-Two-wheel-Legged-Bot/logs/co_rl/Flamingo_Light_Rough_Stair_Jump/ppo/2026-07-10_19-21-16_sweep003
     5                            23.5                                -15.0                                                 3.0                          0.001                               2.609110                           5.286627                      0.008870     ok 2343.965856 /home/lch/Isaac-RL-Two-wheel-Legged-Bot/logs/co_rl/Flamingo_Light_Rough_Stair_Jump/ppo/2026-07-11_00-59-35_sweep005
     7                            23.5                                -15.0                                                 3.0                          0.001                               2.564008                           4.651871                      0.008376     ok 2108.789024 /home/lch/Isaac-RL-Two-wheel-Legged-Bot/logs/co_rl/Flamingo_Light_Rough_Stair_Jump/ppo/2026-07-11_06-38-07_sweep007
     6                            23.5                                -15.0                                                 3.0                          0.001                               2.577791                           4.799525                      0.006726     ok 1834.903444 /home/lch/Isaac-RL-Two-wheel-Legged-Bot/logs/co_rl/Flamingo_Light_Rough_Stair_Jump/ppo/2026-07-11_03-49-29_sweep006
     2                            23.5                                -15.0                                                 3.0                          0.001                               2.440682                           5.163083                      0.006401     ok 1768.932854 /home/lch/Isaac-RL-Two-wheel-Legged-Bot/logs/co_rl/Flamingo_Light_Rough_Stair_Jump/ppo/2026-07-10_16-32-51_sweep002
     4                            23.5                                -15.0                                                 3.0                          0.001                               2.389972                           4.531562                      0.007022     ok 1401.310604 /home/lch/Isaac-RL-Two-wheel-Legged-Bot/logs/co_rl/Flamingo_Light_Rough_Stair_Jump/ppo/2026-07-10_22-11-24_sweep004
     1                            23.5                                -15.0                                                 3.0                          0.001                               2.356485                           4.567700                      0.005639     ok  913.348987 /home/lch/Isaac-RL-Two-wheel-Legged-Bot/logs/co_rl/Flamingo_Light_Rough_Stair_Jump/ppo/2026-07-10_13-44-37_sweep001
     0                            23.5                                -15.0                                                 3.0                          0.001                               2.364617                           4.675843                      0.007844     ok  227.195232 /home/lch/Isaac-RL-Two-wheel-Legged-Bot/logs/co_rl/Flamingo_Light_Rough_Stair_Jump/ppo/2026-07-10_10-56-52_sweep000
[sweep] trial 8: {'env.rewards.stair_climb.weight': 23.5, 'env.rewards.base_height_jump.weight': -15.0, 'env.curriculum.terrain_levels.params.promote_steps': 3.0, 'agent.algorithm.learning_rate': 0.001, 'env.rewards.stair_climb.params.growth': 2.6239491908835415, 'env.rewards.jump_lin_vel_z.weight': 5.288982890563988, 'agent.algorithm.entropy_coef': 0.0070936158087470036}
[sweep]   $ /home/lch/miniconda3/envs/env_isaaclab/bin/python scripts/co_rl/train.py --task Isaac-Velocity-Rough-Flamingo-Light-Stair-Jump-v1-ppo --algo ppo --max_iterations 5000 --run_name sweep008 --param_overrides /home/lch/Isaac-RL-Two-wheel-Legged-Bot/logs/co_rl/Flamingo_Light_Rough_Stair_Jump/ppo/_sweeps/stair_jump_focused2_2026-07-10_10-56-38/sweep008_overrides.json --headless --num_envs 8192 --warmstart_ckpt /home/lch/Isaac-RL-Two-wheel-Legged-Bot/logs/co_rl/Flamingo_Light_Flat_Stand_Drive/ppo/2026-07-02_12-12-49/model_1499.pt
[sweep]   metric=2325.4958858491736  status=ok

[sweep] top trials:
 trial  env.rewards.stair_climb.weight  env.rewards.base_height_jump.weight  env.curriculum.terrain_levels.params.promote_steps  agent.algorithm.learning_rate  env.rewards.stair_climb.params.growth  env.rewards.jump_lin_vel_z.weight  agent.algorithm.entropy_coef status      metric                                                                                                             log_dir
     3                            23.5                                -15.0                                                 3.0                          0.001                               2.525077                           4.390442                      0.008431     ok 2520.913952 /home/lch/Isaac-RL-Two-wheel-Legged-Bot/logs/co_rl/Flamingo_Light_Rough_Stair_Jump/ppo/2026-07-10_19-21-16_sweep003
     5                            23.5                                -15.0                                                 3.0                          0.001                               2.609110                           5.286627                      0.008870     ok 2343.965856 /home/lch/Isaac-RL-Two-wheel-Legged-Bot/logs/co_rl/Flamingo_Light_Rough_Stair_Jump/ppo/2026-07-11_00-59-35_sweep005
     8                            23.5                                -15.0                                                 3.0                          0.001                               2.623949                           5.288983                      0.007094     ok 2325.495886 /home/lch/Isaac-RL-Two-wheel-Legged-Bot/logs/co_rl/Flamingo_Light_Rough_Stair_Jump/ppo/2026-07-11_09-26-03_sweep008
     7                            23.5                                -15.0                                                 3.0                          0.001                               2.564008                           4.651871                      0.008376     ok 2108.789024 /home/lch/Isaac-RL-Two-wheel-Legged-Bot/logs/co_rl/Flamingo_Light_Rough_Stair_Jump/ppo/2026-07-11_06-38-07_sweep007
     6                            23.5                                -15.0                                                 3.0                          0.001                               2.577791                           4.799525                      0.006726     ok 1834.903444 /home/lch/Isaac-RL-Two-wheel-Legged-Bot/logs/co_rl/Flamingo_Light_Rough_Stair_Jump/ppo/2026-07-11_03-49-29_sweep006
     2                            23.5                                -15.0                                                 3.0                          0.001                               2.440682                           5.163083                      0.006401     ok 1768.932854 /home/lch/Isaac-RL-Two-wheel-Legged-Bot/logs/co_rl/Flamingo_Light_Rough_Stair_Jump/ppo/2026-07-10_16-32-51_sweep002
     4                            23.5                                -15.0                                                 3.0                          0.001                               2.389972                           4.531562                      0.007022     ok 1401.310604 /home/lch/Isaac-RL-Two-wheel-Legged-Bot/logs/co_rl/Flamingo_Light_Rough_Stair_Jump/ppo/2026-07-10_22-11-24_sweep004
     1                            23.5                                -15.0                                                 3.0                          0.001                               2.356485                           4.567700                      0.005639     ok  913.348987 /home/lch/Isaac-RL-Two-wheel-Legged-Bot/logs/co_rl/Flamingo_Light_Rough_Stair_Jump/ppo/2026-07-10_13-44-37_sweep001
