     1                            23.5                                -15.0                                                 3.0                      0.008431                          0.001                                                 0.572                                        0.595                               0.16468                                  0.04151                                     0.46799                                                           6.252308                                                          13.623424                                                               2.925719                                                              8.645203     ok 0.725557 /home/lch/Isaac-RL-Two-wheel-Legged-Bot/logs/co_rl/Flamingo_Light_Rough_Stair_Jump/ppo/2026-07-21_17-19-19_sweep001[I 2026-07-22 01:48:22,412] Trial 3 finished with value: 0.7593792365193367 and parameters: {'env.rewards.stair_climb.weight': 23.5, 'env.rewards.base_height_jump.weight': -15.0, 'env.curriculum.terrain_levels.params.promote_steps': 3.0, 'agent.algorithm.entropy_coef': 0.008431, 'agent.algorithm.learning_rate': 0.001, 'env.curriculum.adaptive_reward.params.penalty_budget': 0.572, 'env.curriculum.adaptive_reward.params.g_min': 0.595, 'env.commands.stair_event.y_halfwidth': 0.16468, 'env.commands.stair_event.step_threshold': 0.04151, 'env.commands.stair_event.event_during_time': 0.46799, 'env.curriculum.weight_schedule.params.stages.1.set.jump_lin_vel_z': 6.70539916426215, 'env.curriculum.weight_schedule.params.stages.2.set.jump_lin_vel_z': 12.474301758163232, 'env.curriculum.weight_schedule.params.stages.2.set.stair_climb/growth': 3.420248837366474, 'env.curriculum.weight_schedule.params.stages.2.set.landing_stability': 7.941994961404023}. Best is trial 2 with value: 0.9481712339520454.
[I 2026-07-22 04:38:24,609] Trial 4 finished with value: 0.9451343640089035 and parameters: {'env.rewards.stair_climb.weight': 23.5, 'env.rewards.base_height_jump.weight': -15.0, 'env.curriculum.terrain_levels.params.promote_steps': 3.0, 'agent.algorithm.entropy_coef': 0.008431, 'agent.algorithm.learning_rate': 0.001, 'env.curriculum.adaptive_reward.params.penalty_budget': 0.572, 'env.curriculum.adaptive_reward.params.g_min': 0.595, 'env.commands.stair_event.y_halfwidth': 0.16468, 'env.commands.stair_event.step_threshold': 0.04151, 'env.commands.stair_event.event_during_time': 0.46799, 'env.curriculum.weight_schedule.params.stages.1.set.jump_lin_vel_z': 5.416297589253153, 'env.curriculum.weight_schedule.params.stages.2.set.jump_lin_vel_z': 12.812648281120683, 'env.curriculum.weight_schedule.params.stages.2.set.stair_climb/growth': 3.136899169508071, 'env.curriculum.weight_schedule.params.stages.2.set.landing_stability': 9.766608529405138}. Best is trial 2 with value: 0.9481712339520454.

[sweep] trial 4: {'env.rewards.stair_climb.weight': 23.5, 'env.rewards.base_height_jump.weight': -15.0, 'env.curriculum.terrain_levels.params.promote_steps': 3.0, 'agent.algorithm.entropy_coef': 0.008431, 'agent.algorithm.learning_rate': 0.001, 'env.curriculum.adaptive_reward.params.penalty_budget': 0.572, 'env.curriculum.adaptive_reward.params.g_min': 0.595, 'env.commands.stair_event.y_halfwidth': 0.16468, 'env.commands.stair_event.step_threshold': 0.04151, 'env.commands.stair_event.event_during_time': 0.46799, 'env.curriculum.weight_schedule.params.stages.1.set.jump_lin_vel_z': 5.416297589253153, 'env.curriculum.weight_schedule.params.stages.2.set.jump_lin_vel_z': 12.812648281120683, 'env.curriculum.weight_schedule.params.stages.2.set.stair_climb/growth': 3.136899169508071, 'env.curriculum.weight_schedule.params.stages.2.set.landing_stability': 9.766608529405138}
[sweep]   $ /home/lch/miniconda3/envs/env_isaaclab/bin/python scripts/co_rl/train.py --task Isaac-Velocity-Rough-Flamingo-Light-Stair-Jump-v1-ppo --algo ppo --max_iterations 5000 --run_name sweep004 --param_overrides /home/lch/Isaac-RL-Two-wheel-Legged-Bot/logs/co_rl/Flamingo_Light_Rough_Stair_Jump/ppo/_sweeps/stair_jump_stage_sched_2026-07-21_14-28-18/sweep004_overrides.json --headless --num_envs 8192 --adaptive_reward --weight_schedule --warmstart_ckpt /home/lch/Isaac-RL-Two-wheel-Legged-Bot/logs/co_rl/Flamingo_Light_Flat_Stand_Drive/ppo/2026-07-02_12-12-49/model_1499.pt
[sweep]   metric=0.9451343640089035  status=ok

[sweep] top trials:
 trial  env.rewards.stair_climb.weight  env.rewards.base_height_jump.weight  env.curriculum.terrain_levels.params.promote_steps  agent.algorithm.entropy_coef  agent.algorithm.learning_rate  env.curriculum.adaptive_reward.params.penalty_budget  env.curriculum.adaptive_reward.params.g_min  env.commands.stair_event.y_halfwidth  env.commands.stair_event.step_threshold  env.commands.stair_event.event_during_time  env.curriculum.weight_schedule.params.stages.1.set.jump_lin_vel_z  env.curriculum.weight_schedule.params.stages.2.set.jump_lin_vel_z  env.curriculum.weight_schedule.params.stages.2.set.stair_climb/growth  env.curriculum.weight_schedule.params.stages.2.set.landing_stability status   metric                                                                                                             log_dir
     2                            23.5                                -15.0                                                 3.0                      0.008431                          0.001                                                 0.572                                        0.595                               0.16468                                  0.04151                                     0.46799                                                           8.650889                                                          10.730024                                                               3.204761                                                              6.509448     ok 0.948171 /home/lch/Isaac-RL-Two-wheel-Legged-Bot/logs/co_rl/Flamingo_Light_Rough_Stair_Jump/ppo/2026-07-21_20-09-32_sweep002
     4                            23.5                                -15.0                                                 3.0                      0.008431                          0.001                                                 0.572                                        0.595                               0.16468                                  0.04151                                     0.46799                                                           5.416298                                                          12.812648                                                               3.136899                                                              9.766609     ok 0.945134 /home/lch/Isaac-RL-Two-wheel-Legged-Bot/logs/co_rl/Flamingo_Light_Rough_Stair_Jump/ppo/2026-07-22_01-48-35_sweep004
     0                            23.5                                -15.0                                                 3.0                      0.008431                          0.001                                                 0.572                                        0.595                               0.16468                                  0.04151                                     0.46799                                                           8.135329                                                          11.809002                                                               3.049426                                                             10.548455     ok 0.843955 /home/lch/Isaac-RL-Two-wheel-Legged-Bot/logs/co_rl/Flamingo_Light_Rough_Stair_Jump/ppo/2026-07-21_14-28-28_sweep000
     3                            23.5                                -15.0                                                 3.0                      0.008431                          0.001                                                 0.572                                        0.595                               0.16468                                  0.04151                                     0.46799                                                           6.705399                                                          12.474302                                                               3.420249                                                              7.941995     ok 0.759379 /home/lch/Isaac-RL-Two-wheel-Legged-Bot/logs/co_rl/Flamingo_Light_Rough_Stair_Jump/ppo/2026-07-21_22-58-57_sweep003
     1                            23.5                                -15.0                                                 3.0                      0.008431                          0.001                                                 0.572                                        0.595                               0.16468                                  0.04151                                     0.46799                                                           6.252308                                                          13.623424                                                               2.925719                                                              8.645203     ok 0.725557 /home/lch/Isaac-RL-Two-wheel-Legged-Bot/logs/co_rl/Flamingo_Light_Rough_Stair_Jump/ppo/2026-07-21_17-19-19_sweep001
[sweep] trial 5: {'env.rewards.stair_climb.weight': 23.5, 'env.rewards.base_height_jump.weight': -15.0, 'env.curriculum.terrain_levels.params.promote_steps': 3.0, 'agent.algorithm.entropy_coef': 0.008431, 'agent.algorithm.learning_rate': 0.001, 'env.curriculum.adaptive_reward.params.penalty_budget': 0.572, 'env.curriculum.adaptive_reward.params.g_min': 0.595, 'env.commands.stair_event.y_halfwidth': 0.16468, 'env.commands.stair_event.step_threshold': 0.04151, 'env.commands.stair_event.event_during_time': 0.46799, 'env.curriculum.weight_schedule.params.stages.1.set.jump_lin_vel_z': 5.143954174398803, 'env.curriculum.weight_schedule.params.stages.2.set.jump_lin_vel_z': 9.799447100129212, 'env.curriculum.weight_schedule.params.stages.2.set.stair_climb/growth': 2.92859193176242, 'env.curriculum.weight_schedule.params.stages.2.set.landing_stability': 8.233266466836751}
[sweep]   $ /home/lch/miniconda3/envs/env_isaaclab/bin/python scripts/co_rl/train.py --task Isaac-Velocity-Rough-Flamingo-Light-Stair-Jump-v1-ppo --algo ppo --max_iterations 5000 --run_name sweep005 --param_overrides /home/lch/Isaac-RL-Two-wheel-Legged-Bot/logs/co_rl/Flamingo_Light_Rough_Stair_Jump/ppo/_sweeps/stair_jump_stage_sched_2026-07-21_14-28-18/sweep005_overrides.json --headless --num_envs 8192 --adaptive_reward --weight_schedule --warmstart_ckpt /home/lch/Isaac-RL-Two-wheel-Legged-Bot/logs/co_rl/Flamingo_Light_Flat_Stand_Drive/ppo/2026-07-02_12-12-49/model_1499.pt
[sweep]   metric=0.8726131629943847  status=ok

[sweep] top trials:
 trial  env.rewards.stair_climb.weight  env.rewards.base_height_jump.weight  env.curriculum.terrain_levels.params.promote_steps  agent.algorithm.entropy_coef  agent.algorithm.learning_rate  env.curriculum.adaptive_reward.params.penalty_budget  env.curriculum.adaptive_reward.params.g_min  env.commands.stair_event.y_halfwidth  env.commands.stair_event.step_threshold  env.commands.stair_event.event_during_time  env.curriculum.weight_schedule.params.stages.1.set.jump_lin_vel_z  env.curriculum.weight_schedule.params.stages.2.set.jump_lin_vel_z  env.curriculum.weight_schedule.params.stages.2.set.stair_climb/growth  env.curriculum.weight_schedule.params.stages.2.set.landing_stability status   metric                                                                                                             log_dir
     2                            23.5                                -15.0                                                 3.0                      0.008431                          0.001                                                 0.572                                        0.595                               0.16468                                  0.04151                                     0.46799                                                           8.650889                                                          10.730024                                                               3.204761                                                              6.509448     ok 0.948171 /home/lch/Isaac-RL-Two-wheel-Legged-Bot/logs/co_rl/Flamingo_Light_Rough_Stair_Jump/ppo/2026-07-21_20-09-32_sweep002
     4                            23.5                                -15.0                                                 3.0                      0.008431                          0.001                                                 0.572                                        0.595                               0.16468                                  0.04151                                     0.46799                                                           5.416298                                                          12.812648                                                               3.136899                                                              9.766609     ok 0.945134 /home/lch/Isaac-RL-Two-wheel-Legged-Bot/logs/co_rl/Flamingo_Light_Rough_Stair_Jump/ppo/2026-07-22_01-48-35_sweep004
     5                            23.5                                -15.0                                                 3.0                      0.008431                          0.001                                                 0.572                                        0.595                               0.16468                                  0.04151                                     0.46799                                                           5.143954                                                           9.799447                                                               2.928592                                                              8.233266     ok 0.872613 /home/lch/Isaac-RL-Two-wheel-Legged-Bot/logs/co_rl/Flamingo_Light_Rough_Stair_Jump/ppo/2026-07-22_04-38-36_sweep005
     0                            23.5                                -15.0                                                 3.0                      0.008431                          0.001                                                 0.572                                        0.595                               0.16468                                  0.04151                                     0.46799                                                           8.135329                                                          11.809002                                                               3.049426                                                             10.548455     ok 0.843955 /home/lch/Isaac-RL-Two-wheel-Legged-Bot/logs/co_rl/Flamingo_Light_Rough_Stair_Jump/ppo/2026-07-21_14-28-28_sweep000
     3                            23.5                                -15.0                                                 3.0                      0.008431                          0.001                                                 0.572                                        0.595                               0.16468                                  0.04151                                     0.46799                                                           6.705399                                                          12.474302                                                               3.420249                                                              7.941995     ok 0.759379 /home/lch/Isaac-RL-Two-wheel-Legged-Bot/logs/co_rl/Flamingo_Light_Rough_Stair_Jump/ppo/2026-07-21_22-58-57_sweep003
     1                            23.5                                -15.0                                                 3.0                      0.008431                          0.001                                                 0.572                                        0.595                               0.16468                                  0.04151                                     0.46799                                                           6.252308                                                          13.623424                                                               2.925719                                                              8.645203     ok 0.725557 /home/lch/Isaac-RL-Two-wheel-Legged-Bot/logs/co_rl/Flamingo_Light_Rough_Stair_Jump/ppo/2026-07-21_17-19-19_sweep001[I 2026-07-22 07:27:54,570] Trial 5 finished with value: 0.8726131629943847 and parameters: {'env.rewards.stair_climb.weight': 23.5, 'env.rewards.base_height_jump.weight': -15.0, 'env.curriculum.terrain_levels.params.promote_steps': 3.0, 'agent.algorithm.entropy_coef': 0.008431, 'agent.algorithm.learning_rate': 0.001, 'env.curriculum.adaptive_reward.params.penalty_budget': 0.572, 'env.curriculum.adaptive_reward.params.g_min': 0.595, 'env.commands.stair_event.y_halfwidth': 0.16468, 'env.commands.stair_event.step_threshold': 0.04151, 'env.commands.stair_event.event_during_time': 0.46799, 'env.curriculum.weight_schedule.params.stages.1.set.jump_lin_vel_z': 5.143954174398803, 'env.curriculum.weight_schedule.params.stages.2.set.jump_lin_vel_z': 9.799447100129212, 'env.curriculum.weight_schedule.params.stages.2.set.stair_climb/growth': 2.92859193176242, 'env.curriculum.weight_schedule.params.stages.2.set.landing_stability': 8.233266466836751}. Best is trial 2 with value: 0.9481712339520454.
