     1                            23.5                                -15.0                                                 3.0                      0.008431                          0.001                                                 0.572                                        0.595                               0.16468                                  0.04151                                     0.46799                                                           6.252308                                                          13.623424                                                               2.925719                                                              8.645203     ok 0.725557 /home/lch/Isaac-RL-Two-wheel-Legged-Bot/logs/co_rl/Flamingo_Light_Rough_Stair_Jump/ppo/2026-07-21_17-19-19_sweep001[I 2026-07-22 17:40:33,244] Trial 8 finished with value: 0.8098094578385353 and parameters: {'env.rewards.stair_climb.weight': 23.5, 'env.rewards.base_height_jump.weight': -15.0, 'env.curriculum.terrain_levels.params.promote_steps': 3.0, 'agent.algorithm.entropy_coef': 0.008431, 'agent.algorithm.learning_rate': 0.001, 'env.curriculum.adaptive_reward.params.penalty_budget': 0.572, 'env.curriculum.adaptive_reward.params.g_min': 0.595, 'env.commands.stair_event.y_halfwidth': 0.16468, 'env.commands.stair_event.step_threshold': 0.04151, 'env.commands.stair_event.event_during_time': 0.46799, 'env.curriculum.weight_schedule.params.stages.1.set.jump_lin_vel_z': 5.93980156250111, 'env.curriculum.weight_schedule.params.stages.2.set.jump_lin_vel_z': 13.780582489721773, 'env.curriculum.weight_schedule.params.stages.2.set.stair_climb/growth': 3.2694043238464996, 'env.curriculum.weight_schedule.params.stages.2.set.landing_stability': 11.17550381581225}. Best is trial 2 with value: 0.9481712339520454.

[sweep] trial 9: {'env.rewards.stair_climb.weight': 23.5, 'env.rewards.base_height_jump.weight': -15.0, 'env.curriculum.terrain_levels.params.promote_steps': 3.0, 'agent.algorithm.entropy_coef': 0.008431, 'agent.algorithm.learning_rate': 0.001, 'env.curriculum.adaptive_reward.params.penalty_budget': 0.572, 'env.curriculum.adaptive_reward.params.g_min': 0.595, 'env.commands.stair_event.y_halfwidth': 0.16468, 'env.commands.stair_event.step_threshold': 0.04151, 'env.commands.stair_event.event_during_time': 0.46799, 'env.curriculum.weight_schedule.params.stages.1.set.jump_lin_vel_z': 5.360341024800173, 'env.curriculum.weight_schedule.params.stages.2.set.jump_lin_vel_z': 8.89393340947943, 'env.curriculum.weight_schedule.params.stages.2.set.stair_climb/growth': 3.30354497821117, 'env.curriculum.weight_schedule.params.stages.2.set.landing_stability': 11.873951548874604}
[sweep]   $ /home/lch/miniconda3/envs/env_isaaclab/bin/python scripts/co_rl/train.py --task Isaac-Velocity-Rough-Flamingo-Light-Stair-Jump-v1-ppo --algo ppo --max_iterations 5000 --run_name sweep009 --param_overrides /home/lch/Isaac-RL-Two-wheel-Legged-Bot/logs/co_rl/Flamingo_Light_Rough_Stair_Jump/ppo/_sweeps/stair_jump_stage_sched_2026-07-21_14-28-18/sweep009_overrides.json --headless --num_envs 8192 --adaptive_reward --weight_schedule --warmstart_ckpt /home/lch/Isaac-RL-Two-wheel-Legged-Bot/logs/co_rl/Flamingo_Light_Flat_Stand_Drive/ppo/2026-07-02_12-12-49/model_1499.pt
[sweep]   metric=0.5886414073109627  status=ok

[sweep] top trials:
 trial  env.rewards.stair_climb.weight  env.rewards.base_height_jump.weight  env.curriculum.terrain_levels.params.promote_steps  agent.algorithm.entropy_coef  agent.algorithm.learning_rate  env.curriculum.adaptive_reward.params.penalty_budget  env.curriculum.adaptive_reward.params.g_min  env.commands.stair_event.y_halfwidth  env.commands.stair_event.step_threshold  env.commands.stair_event.event_during_time  env.curriculum.weight_schedule.params.stages.1.set.jump_lin_vel_z  env.curriculum.weight_schedule.params.stages.2.set.jump_lin_vel_z  env.curriculum.weight_schedule.params.stages.2.set.stair_climb/growth  env.curriculum.weight_schedule.params.stages.2.set.landing_stability status   metric                                                                                                             log_dir
     2                            23.5                                -15.0                                                 3.0                      0.008431                          0.001                                                 0.572                                        0.595                               0.16468                                  0.04151                                     0.46799                                                           8.650889                                                          10.730024                                                               3.204761                                                              6.509448     ok 0.948171 /home/lch/Isaac-RL-Two-wheel-Legged-Bot/logs/co_rl/Flamingo_Light_Rough_Stair_Jump/ppo/2026-07-21_20-09-32_sweep002
     4                            23.5                                -15.0                                                 3.0                      0.008431                          0.001                                                 0.572                                        0.595                               0.16468                                  0.04151                                     0.46799                                                           5.416298                                                          12.812648                                                               3.136899                                                              9.766609     ok 0.945134 /home/lch/Isaac-RL-Two-wheel-Legged-Bot/logs/co_rl/Flamingo_Light_Rough_Stair_Jump/ppo/2026-07-22_01-48-35_sweep004
     5                            23.5                                -15.0                                                 3.0                      0.008431                          0.001                                                 0.572                                        0.595                               0.16468                                  0.04151                                     0.46799                                                           5.143954                                                           9.799447                                                               2.928592                                                              8.233266     ok 0.872613 /home/lch/Isaac-RL-Two-wheel-Legged-Bot/logs/co_rl/Flamingo_Light_Rough_Stair_Jump/ppo/2026-07-22_04-38-36_sweep005
     6                            23.5                                -15.0                                                 3.0                      0.008431                          0.001                                                 0.572                                        0.595                               0.16468                                  0.04151                                     0.46799                                                           6.049661                                                          13.943157                                                               3.137087                                                              7.845236     ok 0.857511 /home/lch/Isaac-RL-Two-wheel-Legged-Bot/logs/co_rl/Flamingo_Light_Rough_Stair_Jump/ppo/2026-07-22_07-28-06_sweep006
     0                            23.5                                -15.0                                                 3.0                      0.008431                          0.001                                                 0.572                                        0.595                               0.16468                                  0.04151                                     0.46799                                                           8.135329                                                          11.809002                                                               3.049426                                                             10.548455     ok 0.843955 /home/lch/Isaac-RL-Two-wheel-Legged-Bot/logs/co_rl/Flamingo_Light_Rough_Stair_Jump/ppo/2026-07-21_14-28-28_sweep000
     8                            23.5                                -15.0                                                 3.0                      0.008431                          0.001                                                 0.572                                        0.595                               0.16468                                  0.04151                                     0.46799                                                           5.939802                                                          13.780582                                                               3.269404                                                             11.175504     ok 0.809809 /home/lch/Isaac-RL-Two-wheel-Legged-Bot/logs/co_rl/Flamingo_Light_Rough_Stair_Jump/ppo/2026-07-22_13-10-13_sweep008
     7                            23.5                                -15.0                                                 3.0                      0.008431                          0.001                                                 0.572                                        0.595                               0.16468                                  0.04151                                     0.46799                                                           5.884405                                                          10.964150                                                               2.934725                                                              7.738200     ok 0.766333 /home/lch/Isaac-RL-Two-wheel-Legged-Bot/logs/co_rl/Flamingo_Light_Rough_Stair_Jump/ppo/2026-07-22_10-17-52_sweep007
     3                            23.5                                -15.0                                                 3.0                      0.008431                          0.001                                                 0.572                                        0.595                               0.16468                                  0.04151                                     0.46799                                                           6.705399                                                          12.474302                                                               3.420249                                                              7.941995     ok 0.759379 /home/lch/Isaac-RL-Two-wheel-Legged-Bot/logs/co_rl/Flamingo_Light_Rough_Stair_Jump/ppo/2026-07-21_22-58-57_sweep003
     1                            23.5                                -15.0                                                 3.0                      0.008431                          0.001                                                 0.572                                        0.595                               0.16468                                  0.04151                                     0.46799                                                           6.252308                                                          13.623424                                                               2.925719                                                              8.645203     ok 0.725557 /home/lch/Isaac-RL-Two-wheel-Legged-Bot/logs/co_rl/Flamingo_Light_Rough_Stair_Jump/ppo/2026-07-21_17-19-19_sweep001
     9                            23.5                                -15.0                                                 3.0                      0.008431                          0.001                                                 0.572                                        0.595                               0.16468                                  0.04151                                     0.46799                                                           5.360341                                                           8.893933                                                               3.303545                                                             11.873952     ok 0.588641 /home/lch/Isaac-RL-Two-wheel-Legged-Bot/logs/co_rl/Flamingo_Light_Rough_Stair_Jump/ppo/2026-07-22_17-40-43_sweep009[I 2026-07-22 20:30:17,639] Trial 9 finished with value: 0.5886414073109627 and parameters: {'env.rewards.stair_climb.weight': 23.5, 'env.rewards.base_height_jump.weight': -15.0, 'env.curriculum.terrain_levels.params.promote_steps': 3.0, 'agent.algorithm.entropy_coef': 0.008431, 'agent.algorithm.learning_rate': 0.001, 'env.curriculum.adaptive_reward.params.penalty_budget': 0.572, 'env.curriculum.adaptive_reward.params.g_min': 0.595, 'env.commands.stair_event.y_halfwidth': 0.16468, 'env.commands.stair_event.step_threshold': 0.04151, 'env.commands.stair_event.event_during_time': 0.46799, 'env.curriculum.weight_schedule.params.stages.1.set.jump_lin_vel_z': 5.360341024800173, 'env.curriculum.weight_schedule.params.stages.2.set.jump_lin_vel_z': 8.89393340947943, 'env.curriculum.weight_schedule.params.stages.2.set.stair_climb/growth': 3.30354497821117, 'env.curriculum.weight_schedule.params.stages.2.set.landing_stability': 11.873951548874604}. Best is trial 2 with value: 0.9481712339520454.


[sweep] optuna best value=0.9481712339520454
[sweep] optuna best params={'env.rewards.stair_climb.weight': 23.5, 'env.rewards.base_height_jump.weight': -15.0, 'env.curriculum.terrain_levels.params.promote_steps': 3.0, 'agent.algorithm.entropy_coef': 0.008431, 'agent.algorithm.learning_rate': 0.001, 'env.curriculum.adaptive_reward.params.penalty_budget': 0.572, 'env.curriculum.adaptive_reward.params.g_min': 0.595, 'env.commands.stair_event.y_halfwidth': 0.16468, 'env.commands.stair_event.step_threshold': 0.04151, 'env.commands.stair_event.event_during_time': 0.46799, 'env.curriculum.weight_schedule.params.stages.1.set.jump_lin_vel_z': 8.65088915974079, 'env.curriculum.weight_schedule.params.stages.2.set.jump_lin_vel_z': 10.730023513560674, 'env.curriculum.weight_schedule.params.stages.2.set.stair_climb/growth': 3.204760604422275, 'env.curriculum.weight_schedule.params.stages.2.set.landing_stability': 6.509447728768201}
[sweep] resume/inspect: optuna-dashboard sqlite:////home/lch/Isaac-RL-Two-wheel-Legged-Bot/logs/co_rl/Flamingo_Light_Rough_Stair_Jump/ppo/_sweeps/stair_jump_stage_sched_2026-07-21_14-28-18/study.db
