     0                            23.5                                 2.5251                             4.3904                                -15.0                                                 3.0                      0.008431                          0.001                                                 0.572                                        0.595                              0.180181                                 0.027620                                    0.548928     ok 0.697605 /home/lch/Isaac-RL-Two-wheel-Legged-Bot/logs/co_rl/Flamingo_Light_Rough_Stair_Jump/ppo/2026-07-15_10-44-11_sweep000[I 2026-07-16 01:10:31,291] Trial 4 finished with value: 0.777589990735054 and parameters: {'env.rewards.stair_climb.weight': 23.5, 'env.rewards.stair_climb.params.growth': 2.5251, 'env.rewards.jump_lin_vel_z.weight': 4.3904, 'env.rewards.base_height_jump.weight': -15.0, 'env.curriculum.terrain_levels.params.promote_steps': 3.0, 'agent.algorithm.entropy_coef': 0.008431, 'agent.algorithm.learning_rate': 0.001, 'env.curriculum.adaptive_reward.params.penalty_budget': 0.572, 'env.curriculum.adaptive_reward.params.g_min': 0.595, 'env.commands.stair_event.y_halfwidth': 0.13131818252739308, 'env.commands.stair_event.step_threshold': 0.027836592527999263, 'env.commands.stair_event.event_during_time': 0.44357977386930486}. Best is trial 3 with value: 1.0574860179424286.
[I 2026-07-16 04:01:19,267] Trial 5 finished with value: 0.9532685185074806 and parameters: {'env.rewards.stair_climb.weight': 23.5, 'env.rewards.stair_climb.params.growth': 2.5251, 'env.rewards.jump_lin_vel_z.weight': 4.3904, 'env.rewards.base_height_jump.weight': -15.0, 'env.curriculum.terrain_levels.params.promote_steps': 3.0, 'agent.algorithm.entropy_coef': 0.008431, 'agent.algorithm.learning_rate': 0.001, 'env.curriculum.adaptive_reward.params.penalty_budget': 0.572, 'env.curriculum.adaptive_reward.params.g_min': 0.595, 'env.commands.stair_event.y_halfwidth': 0.1948966482881501, 'env.commands.stair_event.step_threshold': 0.04858376801010988, 'env.commands.stair_event.event_during_time': 0.5763648562312995}. Best is trial 3 with value: 1.0574860179424286.

[sweep] trial 5: {'env.rewards.stair_climb.weight': 23.5, 'env.rewards.stair_climb.params.growth': 2.5251, 'env.rewards.jump_lin_vel_z.weight': 4.3904, 'env.rewards.base_height_jump.weight': -15.0, 'env.curriculum.terrain_levels.params.promote_steps': 3.0, 'agent.algorithm.entropy_coef': 0.008431, 'agent.algorithm.learning_rate': 0.001, 'env.curriculum.adaptive_reward.params.penalty_budget': 0.572, 'env.curriculum.adaptive_reward.params.g_min': 0.595, 'env.commands.stair_event.y_halfwidth': 0.1948966482881501, 'env.commands.stair_event.step_threshold': 0.04858376801010988, 'env.commands.stair_event.event_during_time': 0.5763648562312995}
[sweep]   $ /home/lch/miniconda3/envs/env_isaaclab/bin/python scripts/co_rl/train.py --task Isaac-Velocity-Rough-Flamingo-Light-Stair-Jump-v1-ppo --algo ppo --max_iterations 5000 --run_name sweep005 --param_overrides /home/lch/Isaac-RL-Two-wheel-Legged-Bot/logs/co_rl/Flamingo_Light_Rough_Stair_Jump/ppo/_sweeps/stair_jump_timing_2026-07-15_10-43-58/sweep005_overrides.json --headless --num_envs 8192 --adaptive_reward --warmstart_ckpt /home/lch/Isaac-RL-Two-wheel-Legged-Bot/logs/co_rl/Flamingo_Light_Flat_Stand_Drive/ppo/2026-07-02_12-12-49/model_1499.pt
[sweep]   metric=0.9532685185074806  status=ok

[sweep] top trials:
 trial  env.rewards.stair_climb.weight  env.rewards.stair_climb.params.growth  env.rewards.jump_lin_vel_z.weight  env.rewards.base_height_jump.weight  env.curriculum.terrain_levels.params.promote_steps  agent.algorithm.entropy_coef  agent.algorithm.learning_rate  env.curriculum.adaptive_reward.params.penalty_budget  env.curriculum.adaptive_reward.params.g_min  env.commands.stair_event.y_halfwidth  env.commands.stair_event.step_threshold  env.commands.stair_event.event_during_time status   metric                                                                                                             log_dir
     3                            23.5                                 2.5251                             4.3904                                -15.0                                                 3.0                      0.008431                          0.001                                                 0.572                                        0.595                              0.165218                                 0.049013                                    0.491324     ok 1.057486 /home/lch/Isaac-RL-Two-wheel-Legged-Bot/logs/co_rl/Flamingo_Light_Rough_Stair_Jump/ppo/2026-07-15_19-28-30_sweep003
     5                            23.5                                 2.5251                             4.3904                                -15.0                                                 3.0                      0.008431                          0.001                                                 0.572                                        0.595                              0.194897                                 0.048584                                    0.576365     ok 0.953269 /home/lch/Isaac-RL-Two-wheel-Legged-Bot/logs/co_rl/Flamingo_Light_Rough_Stair_Jump/ppo/2026-07-16_01-10-47_sweep005
     4                            23.5                                 2.5251                             4.3904                                -15.0                                                 3.0                      0.008431                          0.001                                                 0.572                                        0.595                              0.131318                                 0.027837                                    0.443580     ok 0.777590 /home/lch/Isaac-RL-Two-wheel-Legged-Bot/logs/co_rl/Flamingo_Light_Rough_Stair_Jump/ppo/2026-07-15_22-20-19_sweep004
     1                            23.5                                 2.5251                             4.3904                                -15.0                                                 3.0                      0.008431                          0.001                                                 0.572                                        0.595                              0.123260                                 0.033983                                    0.521848     ok 0.769782 /home/lch/Isaac-RL-Two-wheel-Legged-Bot/logs/co_rl/Flamingo_Light_Rough_Stair_Jump/ppo/2026-07-15_13-38-56_sweep001
     2                            23.5                                 2.5251                             4.3904                                -15.0                                                 3.0                      0.008431                          0.001                                                 0.572                                        0.595                              0.127254                                 0.035227                                    0.501980     ok 0.740920 /home/lch/Isaac-RL-Two-wheel-Legged-Bot/logs/co_rl/Flamingo_Light_Rough_Stair_Jump/ppo/2026-07-15_16-34-44_sweep002
     0                            23.5                                 2.5251                             4.3904                                -15.0                                                 3.0                      0.008431                          0.001                                                 0.572                                        0.595                              0.180181                                 0.027620                                    0.548928     ok 0.697605 /home/lch/Isaac-RL-Two-wheel-Legged-Bot/logs/co_rl/Flamingo_Light_Rough_Stair_Jump/ppo/2026-07-15_10-44-11_sweep000
[sweep] trial 6: {'env.rewards.stair_climb.weight': 23.5, 'env.rewards.stair_climb.params.growth': 2.5251, 'env.rewards.jump_lin_vel_z.weight': 4.3904, 'env.rewards.base_height_jump.weight': -15.0, 'env.curriculum.terrain_levels.params.promote_steps': 3.0, 'agent.algorithm.entropy_coef': 0.008431, 'agent.algorithm.learning_rate': 0.001, 'env.curriculum.adaptive_reward.params.penalty_budget': 0.572, 'env.curriculum.adaptive_reward.params.g_min': 0.595, 'env.commands.stair_event.y_halfwidth': 0.15756926748840722, 'env.commands.stair_event.step_threshold': 0.030345620303265215, 'env.commands.stair_event.event_during_time': 0.5273664027613678}
[sweep]   $ /home/lch/miniconda3/envs/env_isaaclab/bin/python scripts/co_rl/train.py --task Isaac-Velocity-Rough-Flamingo-Light-Stair-Jump-v1-ppo --algo ppo --max_iterations 5000 --run_name sweep006 --param_overrides /home/lch/Isaac-RL-Two-wheel-Legged-Bot/logs/co_rl/Flamingo_Light_Rough_Stair_Jump/ppo/_sweeps/stair_jump_timing_2026-07-15_10-43-58/sweep006_overrides.json --headless --num_envs 8192 --adaptive_reward --warmstart_ckpt /home/lch/Isaac-RL-Two-wheel-Legged-Bot/logs/co_rl/Flamingo_Light_Flat_Stand_Drive/ppo/2026-07-02_12-12-49/model_1499.pt
[sweep]   metric=0.750434782922268  status=ok

[sweep] top trials:
 trial  env.rewards.stair_climb.weight  env.rewards.stair_climb.params.growth  env.rewards.jump_lin_vel_z.weight  env.rewards.base_height_jump.weight  env.curriculum.terrain_levels.params.promote_steps  agent.algorithm.entropy_coef  agent.algorithm.learning_rate  env.curriculum.adaptive_reward.params.penalty_budget  env.curriculum.adaptive_reward.params.g_min  env.commands.stair_event.y_halfwidth  env.commands.stair_event.step_threshold  env.commands.stair_event.event_during_time status   metric                                                                                                             log_dir
     3                            23.5                                 2.5251                             4.3904                                -15.0                                                 3.0                      0.008431                          0.001                                                 0.572                                        0.595                              0.165218                                 0.049013                                    0.491324     ok 1.057486 /home/lch/Isaac-RL-Two-wheel-Legged-Bot/logs/co_rl/Flamingo_Light_Rough_Stair_Jump/ppo/2026-07-15_19-28-30_sweep003
     5                            23.5                                 2.5251                             4.3904                                -15.0                                                 3.0                      0.008431                          0.001                                                 0.572                                        0.595                              0.194897                                 0.048584                                    0.576365     ok 0.953269 /home/lch/Isaac-RL-Two-wheel-Legged-Bot/logs/co_rl/Flamingo_Light_Rough_Stair_Jump/ppo/2026-07-16_01-10-47_sweep005
     4                            23.5                                 2.5251                             4.3904                                -15.0                                                 3.0                      0.008431                          0.001                                                 0.572                                        0.595                              0.131318                                 0.027837                                    0.443580     ok 0.777590 /home/lch/Isaac-RL-Two-wheel-Legged-Bot/logs/co_rl/Flamingo_Light_Rough_Stair_Jump/ppo/2026-07-15_22-20-19_sweep004
     1                            23.5                                 2.5251                             4.3904                                -15.0                                                 3.0                      0.008431                          0.001                                                 0.572                                        0.595                              0.123260                                 0.033983                                    0.521848     ok 0.769782 /home/lch/Isaac-RL-Two-wheel-Legged-Bot/logs/co_rl/Flamingo_Light_Rough_Stair_Jump/ppo/2026-07-15_13-38-56_sweep001
     6                            23.5                                 2.5251                             4.3904                                -15.0                                                 3.0                      0.008431                          0.001                                                 0.572                                        0.595                              0.157569                                 0.030346                                    0.527366     ok 0.750435 /home/lch/Isaac-RL-Two-wheel-Legged-Bot/logs/co_rl/Flamingo_Light_Rough_Stair_Jump/ppo/2026-07-16_04-01-34_sweep006
     2                            23.5                                 2.5251                             4.3904                                -15.0                                                 3.0                      0.008431                          0.001                                                 0.572                                        0.595                              0.127254                                 0.035227                                    0.501980     ok 0.740920 /home/lch/Isaac-RL-Two-wheel-Legged-Bot/logs/co_rl/Flamingo_Light_Rough_Stair_Jump/ppo/2026-07-15_16-34-44_sweep002
     0                            23.5                                 2.5251                             4.3904                                -15.0                                                 3.0                      0.008431                          0.001                                                 0.572                                        0.595                              0.180181                                 0.027620                                    0.548928     ok 0.697605 /home/lch/Isaac-RL-Two-wheel-Legged-Bot/logs/co_rl/Flamingo_Light_Rough_Stair_Jump/ppo/2026-07-15_10-44-11_sweep000[I 2026-07-16 06:52:00,370] Trial 6 finished with value: 0.750434782922268 and parameters: {'env.rewards.stair_climb.weight': 23.5, 'env.rewards.stair_climb.params.growth': 2.5251, 'env.rewards.jump_lin_vel_z.weight': 4.3904, 'env.rewards.base_height_jump.weight': -15.0, 'env.curriculum.terrain_levels.params.promote_steps': 3.0, 'agent.algorithm.entropy_coef': 0.008431, 'agent.algorithm.learning_rate': 0.001, 'env.curriculum.adaptive_reward.params.penalty_budget': 0.572, 'env.curriculum.adaptive_reward.params.g_min': 0.595, 'env.commands.stair_event.y_halfwidth': 0.15756926748840722, 'env.commands.stair_event.step_threshold': 0.030345620303265215, 'env.commands.stair_event.event_during_time': 0.5273664027613678}. Best is trial 3 with value: 1.0574860179424286.
[I 2026-07-16 09:42:40,432] Trial 7 finished with value: 0.8122032268047332 and parameters: {'env.rewards.stair_climb.weight': 23.5, 'env.rewards.stair_climb.params.growth': 2.5251, 'env.rewards.jump_lin_vel_z.weight': 4.3904, 'env.rewards.base_height_jump.weight': -15.0, 'env.curriculum.terrain_levels.params.promote_steps': 3.0, 'agent.algorithm.entropy_coef': 0.008431, 'agent.algorithm.learning_rate': 0.001, 'env.curriculum.adaptive_reward.params.penalty_budget': 0.572, 'env.curriculum.adaptive_reward.params.g_min': 0.595, 'env.commands.stair_event.y_halfwidth': 0.09669755023818842, 'env.commands.stair_event.step_threshold': 0.03646760175763407, 'env.commands.stair_event.event_during_time': 0.5747726370312636}. Best is trial 3 with value: 1.0574860179424286.
[I 2026-07-17 22:43:02,306] Using an existing study with name 'stair_jump_timing_2026-07-15_10-43-58' instead of creating a new one.
[I 2026-07-18 01:32:54,212] Trial 9 finished with value: 0.9543535459637642 and parameters: {'env.rewards.stair_climb.weight': 23.5, 'env.rewards.stair_climb.params.growth': 2.5251, 'env.rewards.jump_lin_vel_z.weight': 4.3904, 'env.rewards.base_height_jump.weight': -15.0, 'env.curriculum.terrain_levels.params.promote_steps': 3.0, 'agent.algorithm.entropy_coef': 0.008431, 'agent.algorithm.learning_rate': 0.001, 'env.curriculum.adaptive_reward.params.penalty_budget': 0.572, 'env.curriculum.adaptive_reward.params.g_min': 0.595, 'env.commands.stair_event.y_halfwidth': 0.18018105783987792, 'env.commands.stair_event.step_threshold': 0.027619902609246745, 'env.commands.stair_event.event_during_time': 0.5489280963359036}. Best is trial 3 with value: 1.0574860179424286.
