[I 2026-07-09 22:12:32,401] Trial 13 finished with value: 190.8319994375306 and parameters: {'env.rewards.stair_climb.weight': 23.490319449545336, 'env.rewards.stair_climb.params.growth': 2.5, 'env.curriculum.terrain_levels.params.promote_steps': 3.0, 'env.rewards.jump_lin_vel_z.weight': 5.981266095093348, 'env.rewards.base_height_jump.weight': -15.0, 'agent.algorithm.entropy_coef': 0.004510283946532621, 'agent.algorithm.learning_rate': 0.001}. Best is trial 5 with value: 1265.0098830337156.

[sweep] trial 13: {'env.rewards.stair_climb.weight': 23.490319449545336, 'env.rewards.stair_climb.params.growth': 2.5, 'env.curriculum.terrain_levels.params.promote_steps': 3.0, 'env.rewards.jump_lin_vel_z.weight': 5.981266095093348, 'env.rewards.base_height_jump.weight': -15.0, 'agent.algorithm.entropy_coef': 0.004510283946532621, 'agent.algorithm.learning_rate': 0.001}
[sweep]   $ /home/lch/miniconda3/envs/env_isaaclab/bin/python scripts/co_rl/train.py --task Isaac-Velocity-Rough-Flamingo-Light-Stair-Jump-v1-ppo --algo ppo --max_iterations 3000 --run_name sweep013 --param_overrides /home/lch/Isaac-RL-Two-wheel-Legged-Bot/logs/co_rl/Flamingo_Light_Rough_Stair_Jump/ppo/_sweeps/stair_jump_focused_auto_2026-07-08_22-32-10/sweep013_overrides.json --headless --num_envs 8192 --warmstart_ckpt /home/lch/Isaac-RL-Two-wheel-Legged-Bot/logs/co_rl/Flamingo_Light_Flat_Stand_Drive/ppo/2026-07-02_12-12-49/model_1499.pt
[sweep]   metric=190.8319994375306  status=ok

[sweep] top trials:
 trial  env.rewards.stair_climb.weight  env.rewards.stair_climb.params.growth  env.curriculum.terrain_levels.params.promote_steps  env.rewards.jump_lin_vel_z.weight  env.rewards.base_height_jump.weight  agent.algorithm.entropy_coef  agent.algorithm.learning_rate status      metric                                                                                                             log_dir
     5                       23.490319                                    2.5                                                 3.0                           4.573714                                -15.0                      0.004815                          0.001     ok 1265.009883 /home/lch/Isaac-RL-Two-wheel-Legged-Bot/logs/co_rl/Flamingo_Light_Rough_Stair_Jump/ppo/2026-07-09_06-54-26_sweep005
     4                       23.490319                                    2.0                                                 3.0                           6.543167                                -15.0                      0.006096                          0.001     ok 1109.325874 /home/lch/Isaac-RL-Two-wheel-Legged-Bot/logs/co_rl/Flamingo_Light_Rough_Stair_Jump/ppo/2026-07-09_05-12-42_sweep004
    11                       23.490319                                    2.5                                                 3.0                           6.319029                                -15.0                      0.006307                          0.001     ok  873.762134 /home/lch/Isaac-RL-Two-wheel-Legged-Bot/logs/co_rl/Flamingo_Light_Rough_Stair_Jump/ppo/2026-07-09_17-09-16_sweep011
     9                       23.490319                                    2.0                                                 3.0                           4.892919                                -15.0                      0.012334                          0.001     ok  777.619342 /home/lch/Isaac-RL-Two-wheel-Legged-Bot/logs/co_rl/Flamingo_Light_Rough_Stair_Jump/ppo/2026-07-09_13-43-44_sweep009
     0                       23.490319                                    2.0                                                 3.0                           4.401472                                -15.0                      0.005234                          0.001     ok  511.687064 /home/lch/Isaac-RL-Two-wheel-Legged-Bot/logs/co_rl/Flamingo_Light_Rough_Stair_Jump/ppo/2026-07-08_22-32-30_sweep000
     6                       23.490319                                    2.0                                                 3.0                           5.588824                                -15.0                      0.012092                          0.001     ok  271.879367 /home/lch/Isaac-RL-Two-wheel-Legged-Bot/logs/co_rl/Flamingo_Light_Rough_Stair_Jump/ppo/2026-07-09_08-35-46_sweep006
     7                       23.490319                                    2.0                                                 3.0                           3.991760                                -15.0                      0.004336                          0.001     ok  263.571187 /home/lch/Isaac-RL-Two-wheel-Legged-Bot/logs/co_rl/Flamingo_Light_Rough_Stair_Jump/ppo/2026-07-09_10-18-05_sweep007
     8                       23.490319                                    1.5                                                 3.0                           5.696235                                -15.0                      0.007715                          0.001     ok  250.519533 /home/lch/Isaac-RL-Two-wheel-Legged-Bot/logs/co_rl/Flamingo_Light_Rough_Stair_Jump/ppo/2026-07-09_12-00-14_sweep008
     1                       23.490319                                    1.5                                                 3.0                           3.766744                                -15.0                      0.008830                          0.001     ok  233.991289 /home/lch/Isaac-RL-Two-wheel-Legged-Bot/logs/co_rl/Flamingo_Light_Rough_Stair_Jump/ppo/2026-07-09_00-13-53_sweep001
    13                       23.490319                                    2.5                                                 3.0                           5.981266                                -15.0                      0.004510                          0.001     ok  190.831999 /home/lch/Isaac-RL-Two-wheel-Legged-Bot/logs/co_rl/Flamingo_Light_Rough_Stair_Jump/ppo/2026-07-09_20-32-08_sweep013
[sweep] trial 14: {'env.rewards.stair_climb.weight': 23.490319449545336, 'env.rewards.stair_climb.params.growth': 2.5, 'env.curriculum.terrain_levels.params.promote_steps': 3.0, 'env.rewards.jump_lin_vel_z.weight': 4.7096337281020215, 'env.rewards.base_height_jump.weight': -15.0, 'agent.algorithm.entropy_coef': 0.007202906998523149, 'agent.algorithm.learning_rate': 0.001}
[sweep]   $ /home/lch/miniconda3/envs/env_isaaclab/bin/python scripts/co_rl/train.py --task Isaac-Velocity-Rough-Flamingo-Light-Stair-Jump-v1-ppo --algo ppo --max_iterations 3000 --run_name sweep014 --param_overrides /home/lch/Isaac-RL-Two-wheel-Legged-Bot/logs/co_rl/Flamingo_Light_Rough_Stair_Jump/ppo/_sweeps/stair_jump_focused_auto_2026-07-08_22-32-10/sweep014_overrides.json --headless --num_envs 8192 --warmstart_ckpt /home/lch/Isaac-RL-Two-wheel-Legged-Bot/logs/co_rl/Flamingo_Light_Flat_Stand_Drive/ppo/2026-07-02_12-12-49/model_1499.pt
[sweep]   metric=1286.170815162288  status=ok

[sweep] top trials:
 trial  env.rewards.stair_climb.weight  env.rewards.stair_climb.params.growth  env.curriculum.terrain_levels.params.promote_steps  env.rewards.jump_lin_vel_z.weight  env.rewards.base_height_jump.weight  agent.algorithm.entropy_coef  agent.algorithm.learning_rate status      metric                                                                                                             log_dir
    14                       23.490319                                    2.5                                                 3.0                           4.709634                                -15.0                      0.007203                          0.001     ok 1286.170815 /home/lch/Isaac-RL-Two-wheel-Legged-Bot/logs/co_rl/Flamingo_Light_Rough_Stair_Jump/ppo/2026-07-09_22-12-41_sweep014
     5                       23.490319                                    2.5                                                 3.0                           4.573714                                -15.0                      0.004815                          0.001     ok 1265.009883 /home/lch/Isaac-RL-Two-wheel-Legged-Bot/logs/co_rl/Flamingo_Light_Rough_Stair_Jump/ppo/2026-07-09_06-54-26_sweep005
     4                       23.490319                                    2.0                                                 3.0                           6.543167                                -15.0                      0.006096                          0.001     ok 1109.325874 /home/lch/Isaac-RL-Two-wheel-Legged-Bot/logs/co_rl/Flamingo_Light_Rough_Stair_Jump/ppo/2026-07-09_05-12-42_sweep004
    11                       23.490319                                    2.5                                                 3.0                           6.319029                                -15.0                      0.006307                          0.001     ok  873.762134 /home/lch/Isaac-RL-Two-wheel-Legged-Bot/logs/co_rl/Flamingo_Light_Rough_Stair_Jump/ppo/2026-07-09_17-09-16_sweep011
     9                       23.490319                                    2.0                                                 3.0                           4.892919                                -15.0                      0.012334                          0.001     ok  777.619342 /home/lch/Isaac-RL-Two-wheel-Legged-Bot/logs/co_rl/Flamingo_Light_Rough_Stair_Jump/ppo/2026-07-09_13-43-44_sweep009
     0                       23.490319                                    2.0                                                 3.0                           4.401472                                -15.0                      0.005234                          0.001     ok  511.687064 /home/lch/Isaac-RL-Two-wheel-Legged-Bot/logs/co_rl/Flamingo_Light_Rough_Stair_Jump/ppo/2026-07-08_22-32-30_sweep000
     6                       23.490319                                    2.0                                                 3.0                           5.588824                                -15.0                      0.012092                          0.001     ok  271.879367 /home/lch/Isaac-RL-Two-wheel-Legged-Bot/logs/co_rl/Flamingo_Light_Rough_Stair_Jump/ppo/2026-07-09_08-35-46_sweep006
     7                       23.490319                                    2.0                                                 3.0                           3.991760                                -15.0                      0.004336                          0.001     ok  263.571187 /home/lch/Isaac-RL-Two-wheel-Legged-Bot/logs/co_rl/Flamingo_Light_Rough_Stair_Jump/ppo/2026-07-09_10-18-05_sweep007
     8                       23.490319                                    1.5                                                 3.0                           5.696235                                -15.0                      0.007715                          0.001     ok  250.519533 /home/lch/Isaac-RL-Two-wheel-Legged-Bot/logs/co_rl/Flamingo_Light_Rough_Stair_Jump/ppo/2026-07-09_12-00-14_sweep008
     1                       23.490319                                    1.5                                                 3.0                           3.766744                                -15.0                      0.008830                          0.001     ok  233.991289 /home/lch/Isaac-RL-Two-wheel-Legged-Bot/logs/co_rl/Flamingo_Light_Rough_Stair_Jump/ppo/2026-07-09_00-13-53_sweep001[I 2026-07-09 23:54:11,178] Trial 14 finished with value: 1286.170815162288 and parameters: {'env.rewards.stair_climb.weight': 23.490319449545336, 'env.rewards.stair_climb.params.growth': 2.5, 'env.curriculum.terrain_levels.params.promote_steps': 3.0, 'env.rewards.jump_lin_vel_z.weight': 4.7096337281020215, 'env.rewards.base_height_jump.weight': -15.0, 'agent.algorithm.entropy_coef': 0.007202906998523149, 'agent.algorithm.learning_rate': 0.001}. Best is trial 14 with value: 1286.170815162288.
