     3                       23.490319                                    2.0                                                 3.0                           3.909691                                -15.0                      0.010165                          0.001     ok    0.037974 /home/lch/Isaac-RL-Two-wheel-Legged-Bot/logs/co_rl/Flamingo_Light_Rough_Stair_Jump/ppo/2026-07-09_03-33-50_sweep003[I 2026-07-09 13:43:32,986] Trial 8 finished with value: 250.51953329068783 and parameters: {'env.rewards.stair_climb.weight': 23.490319449545336, 'env.rewards.stair_climb.params.growth': 1.5, 'env.curriculum.terrain_levels.params.promote_steps': 3.0, 'env.rewards.jump_lin_vel_z.weight': 5.696234838428529, 'env.rewards.base_height_jump.weight': -15.0, 'agent.algorithm.entropy_coef': 0.007714543441576951, 'agent.algorithm.learning_rate': 0.001}. Best is trial 5 with value: 1265.0098830337156.
[I 2026-07-09 15:27:15,584] Trial 9 finished with value: 777.6193415314046 and parameters: {'env.rewards.stair_climb.weight': 23.490319449545336, 'env.rewards.stair_climb.params.growth': 2.0, 'env.curriculum.terrain_levels.params.promote_steps': 3.0, 'env.rewards.jump_lin_vel_z.weight': 4.892918729226222, 'env.rewards.base_height_jump.weight': -15.0, 'agent.algorithm.entropy_coef': 0.012333607698876599, 'agent.algorithm.learning_rate': 0.001}. Best is trial 5 with value: 1265.0098830337156.

[sweep] trial 9: {'env.rewards.stair_climb.weight': 23.490319449545336, 'env.rewards.stair_climb.params.growth': 2.0, 'env.curriculum.terrain_levels.params.promote_steps': 3.0, 'env.rewards.jump_lin_vel_z.weight': 4.892918729226222, 'env.rewards.base_height_jump.weight': -15.0, 'agent.algorithm.entropy_coef': 0.012333607698876599, 'agent.algorithm.learning_rate': 0.001}
[sweep]   $ /home/lch/miniconda3/envs/env_isaaclab/bin/python scripts/co_rl/train.py --task Isaac-Velocity-Rough-Flamingo-Light-Stair-Jump-v1-ppo --algo ppo --max_iterations 3000 --run_name sweep009 --param_overrides /home/lch/Isaac-RL-Two-wheel-Legged-Bot/logs/co_rl/Flamingo_Light_Rough_Stair_Jump/ppo/_sweeps/stair_jump_focused_auto_2026-07-08_22-32-10/sweep009_overrides.json --headless --num_envs 8192 --warmstart_ckpt /home/lch/Isaac-RL-Two-wheel-Legged-Bot/logs/co_rl/Flamingo_Light_Flat_Stand_Drive/ppo/2026-07-02_12-12-49/model_1499.pt
[sweep]   metric=777.6193415314046  status=ok

[sweep] top trials:
 trial  env.rewards.stair_climb.weight  env.rewards.stair_climb.params.growth  env.curriculum.terrain_levels.params.promote_steps  env.rewards.jump_lin_vel_z.weight  env.rewards.base_height_jump.weight  agent.algorithm.entropy_coef  agent.algorithm.learning_rate status      metric                                                                                                             log_dir
     5                       23.490319                                    2.5                                                 3.0                           4.573714                                -15.0                      0.004815                          0.001     ok 1265.009883 /home/lch/Isaac-RL-Two-wheel-Legged-Bot/logs/co_rl/Flamingo_Light_Rough_Stair_Jump/ppo/2026-07-09_06-54-26_sweep005
     4                       23.490319                                    2.0                                                 3.0                           6.543167                                -15.0                      0.006096                          0.001     ok 1109.325874 /home/lch/Isaac-RL-Two-wheel-Legged-Bot/logs/co_rl/Flamingo_Light_Rough_Stair_Jump/ppo/2026-07-09_05-12-42_sweep004
     9                       23.490319                                    2.0                                                 3.0                           4.892919                                -15.0                      0.012334                          0.001     ok  777.619342 /home/lch/Isaac-RL-Two-wheel-Legged-Bot/logs/co_rl/Flamingo_Light_Rough_Stair_Jump/ppo/2026-07-09_13-43-44_sweep009
     0                       23.490319                                    2.0                                                 3.0                           4.401472                                -15.0                      0.005234                          0.001     ok  511.687064 /home/lch/Isaac-RL-Two-wheel-Legged-Bot/logs/co_rl/Flamingo_Light_Rough_Stair_Jump/ppo/2026-07-08_22-32-30_sweep000
     6                       23.490319                                    2.0                                                 3.0                           5.588824                                -15.0                      0.012092                          0.001     ok  271.879367 /home/lch/Isaac-RL-Two-wheel-Legged-Bot/logs/co_rl/Flamingo_Light_Rough_Stair_Jump/ppo/2026-07-09_08-35-46_sweep006
     7                       23.490319                                    2.0                                                 3.0                           3.991760                                -15.0                      0.004336                          0.001     ok  263.571187 /home/lch/Isaac-RL-Two-wheel-Legged-Bot/logs/co_rl/Flamingo_Light_Rough_Stair_Jump/ppo/2026-07-09_10-18-05_sweep007
     8                       23.490319                                    1.5                                                 3.0                           5.696235                                -15.0                      0.007715                          0.001     ok  250.519533 /home/lch/Isaac-RL-Two-wheel-Legged-Bot/logs/co_rl/Flamingo_Light_Rough_Stair_Jump/ppo/2026-07-09_12-00-14_sweep008
     1                       23.490319                                    1.5                                                 3.0                           3.766744                                -15.0                      0.008830                          0.001     ok  233.991289 /home/lch/Isaac-RL-Two-wheel-Legged-Bot/logs/co_rl/Flamingo_Light_Rough_Stair_Jump/ppo/2026-07-09_00-13-53_sweep001
     2                       23.490319                                    2.0                                                 3.0                           3.850358                                -15.0                      0.010476                          0.001     ok    4.502146 /home/lch/Isaac-RL-Two-wheel-Legged-Bot/logs/co_rl/Flamingo_Light_Rough_Stair_Jump/ppo/2026-07-09_01-54-22_sweep002
     3                       23.490319                                    2.0                                                 3.0                           3.909691                                -15.0                      0.010165                          0.001     ok    0.037974 /home/lch/Isaac-RL-Two-wheel-Legged-Bot/logs/co_rl/Flamingo_Light_Rough_Stair_Jump/ppo/2026-07-09_03-33-50_sweep003
[sweep] trial 10: {'env.rewards.stair_climb.weight': 23.490319449545336, 'env.rewards.stair_climb.params.growth': 2.5, 'env.curriculum.terrain_levels.params.promote_steps': 3.0, 'env.rewards.jump_lin_vel_z.weight': 6.675456930942158, 'env.rewards.base_height_jump.weight': -15.0, 'agent.algorithm.entropy_coef': 0.0034666474113379036, 'agent.algorithm.learning_rate': 0.001}
[sweep]   $ /home/lch/miniconda3/envs/env_isaaclab/bin/python scripts/co_rl/train.py --task Isaac-Velocity-Rough-Flamingo-Light-Stair-Jump-v1-ppo --algo ppo --max_iterations 3000 --run_name sweep010 --param_overrides /home/lch/Isaac-RL-Two-wheel-Legged-Bot/logs/co_rl/Flamingo_Light_Rough_Stair_Jump/ppo/_sweeps/stair_jump_focused_auto_2026-07-08_22-32-10/sweep010_overrides.json --headless --num_envs 8192 --warmstart_ckpt /home/lch/Isaac-RL-Two-wheel-Legged-Bot/logs/co_rl/Flamingo_Light_Flat_Stand_Drive/ppo/2026-07-02_12-12-49/model_1499.pt
[sweep]   metric=188.81622846492974  status=ok

[sweep] top trials:
 trial  env.rewards.stair_climb.weight  env.rewards.stair_climb.params.growth  env.curriculum.terrain_levels.params.promote_steps  env.rewards.jump_lin_vel_z.weight  env.rewards.base_height_jump.weight  agent.algorithm.entropy_coef  agent.algorithm.learning_rate status      metric                                                                                                             log_dir
     5                       23.490319                                    2.5                                                 3.0                           4.573714                                -15.0                      0.004815                          0.001     ok 1265.009883 /home/lch/Isaac-RL-Two-wheel-Legged-Bot/logs/co_rl/Flamingo_Light_Rough_Stair_Jump/ppo/2026-07-09_06-54-26_sweep005
     4                       23.490319                                    2.0                                                 3.0                           6.543167                                -15.0                      0.006096                          0.001     ok 1109.325874 /home/lch/Isaac-RL-Two-wheel-Legged-Bot/logs/co_rl/Flamingo_Light_Rough_Stair_Jump/ppo/2026-07-09_05-12-42_sweep004
     9                       23.490319                                    2.0                                                 3.0                           4.892919                                -15.0                      0.012334                          0.001     ok  777.619342 /home/lch/Isaac-RL-Two-wheel-Legged-Bot/logs/co_rl/Flamingo_Light_Rough_Stair_Jump/ppo/2026-07-09_13-43-44_sweep009
     0                       23.490319                                    2.0                                                 3.0                           4.401472                                -15.0                      0.005234                          0.001     ok  511.687064 /home/lch/Isaac-RL-Two-wheel-Legged-Bot/logs/co_rl/Flamingo_Light_Rough_Stair_Jump/ppo/2026-07-08_22-32-30_sweep000
     6                       23.490319                                    2.0                                                 3.0                           5.588824                                -15.0                      0.012092                          0.001     ok  271.879367 /home/lch/Isaac-RL-Two-wheel-Legged-Bot/logs/co_rl/Flamingo_Light_Rough_Stair_Jump/ppo/2026-07-09_08-35-46_sweep006
     7                       23.490319                                    2.0                                                 3.0                           3.991760                                -15.0                      0.004336                          0.001     ok  263.571187 /home/lch/Isaac-RL-Two-wheel-Legged-Bot/logs/co_rl/Flamingo_Light_Rough_Stair_Jump/ppo/2026-07-09_10-18-05_sweep007
     8                       23.490319                                    1.5                                                 3.0                           5.696235                                -15.0                      0.007715                          0.001     ok  250.519533 /home/lch/Isaac-RL-Two-wheel-Legged-Bot/logs/co_rl/Flamingo_Light_Rough_Stair_Jump/ppo/2026-07-09_12-00-14_sweep008
     1                       23.490319                                    1.5                                                 3.0                           3.766744                                -15.0                      0.008830                          0.001     ok  233.991289 /home/lch/Isaac-RL-Two-wheel-Legged-Bot/logs/co_rl/Flamingo_Light_Rough_Stair_Jump/ppo/2026-07-09_00-13-53_sweep001
    10                       23.490319                                    2.5                                                 3.0                           6.675457                                -15.0                      0.003467                          0.001     ok  188.816228 /home/lch/Isaac-RL-Two-wheel-Legged-Bot/logs/co_rl/Flamingo_Light_Rough_Stair_Jump/ppo/2026-07-09_15-27-33_sweep010
     2                       23.490319                                    2.0                                                 3.0                           3.850358                                -15.0                      0.010476                          0.001     ok    4.502146 /home/lch/Isaac-RL-Two-wheel-Legged-Bot/logs/co_rl/Flamingo_Light_Rough_Stair_Jump/ppo/2026-07-09_01-54-22_sweep002[I 2026-07-09 17:09:01,050] Trial 10 finished with value: 188.81622846492974 and parameters: {'env.rewards.stair_climb.weight': 23.490319449545336, 'env.rewards.stair_climb.params.growth': 2.5, 'env.curriculum.terrain_levels.params.promote_steps': 3.0, 'env.rewards.jump_lin_vel_z.weight': 6.675456930942158, 'env.rewards.base_height_jump.weight': -15.0, 'agent.algorithm.entropy_coef': 0.0034666474113379036, 'agent.algorithm.learning_rate': 0.001}. Best is trial 5 with value: 1265.0098830337156.
