nohup: 입력 무시
[I 2026-07-13 10:21:44,746] A new study created in RDB with name: stair_jump_adaptive_2026-07-13_10-21-44
[I 2026-07-13 14:47:57,486] Trial 0 finished with value: 3836.4629750083213 and parameters: {'env.rewards.stair_climb.weight': 23.5, 'env.rewards.stair_climb.params.growth': 2.525, 'env.rewards.jump_lin_vel_z.weight': 4.39, 'env.rewards.base_height_jump.weight': -15.0, 'env.curriculum.terrain_levels.params.promote_steps': 3.0, 'agent.algorithm.entropy_coef': 0.00843, 'agent.algorithm.learning_rate': 0.001, 'env.curriculum.adaptive_reward.params.penalty_budget': 0.39940405097509196, 'env.curriculum.adaptive_reward.params.g_min': 0.5799901684203183}. Best is trial 0 with value: 3836.4629750083213.
[I 2026-07-13 19:14:42,253] Trial 1 finished with value: 2876.5550899752125 and parameters: {'env.rewards.stair_climb.weight': 23.5, 'env.rewards.stair_climb.params.growth': 2.525, 'env.rewards.jump_lin_vel_z.weight': 4.39, 'env.rewards.base_height_jump.weight': -15.0, 'env.curriculum.terrain_levels.params.promote_steps': 3.0, 'agent.algorithm.entropy_coef': 0.00843, 'agent.algorithm.learning_rate': 0.001, 'env.curriculum.adaptive_reward.params.penalty_budget': 0.46437632119861627, 'env.curriculum.adaptive_reward.params.g_min': 0.50411987635476}. Best is trial 0 with value: 3836.4629750083213.
[sweep] method=optuna  task=Isaac-Velocity-Rough-Flamingo-Light-Stair-Jump-v1-ppo  max_iterations=5000  metric={'tag_contains': 'terrain_level', 'reduce': 'auc', 'goal': 'max'}
[sweep] results dir: /home/lch/Isaac-RL-Two-wheel-Legged-Bot/logs/co_rl/Flamingo_Light_Rough_Stair_Jump/ppo/_sweeps/stair_jump_adaptive_2026-07-13_10-21-44
[sweep] optuna: 0 finished trial(s) in store, running 8 more (target 8).
[sweep] trial 0: {'env.rewards.stair_climb.weight': 23.5, 'env.rewards.stair_climb.params.growth': 2.525, 'env.rewards.jump_lin_vel_z.weight': 4.39, 'env.rewards.base_height_jump.weight': -15.0, 'env.curriculum.terrain_levels.params.promote_steps': 3.0, 'agent.algorithm.entropy_coef': 0.00843, 'agent.algorithm.learning_rate': 0.001, 'env.curriculum.adaptive_reward.params.penalty_budget': 0.39940405097509196, 'env.curriculum.adaptive_reward.params.g_min': 0.5799901684203183}
[sweep]   $ /home/lch/miniconda3/envs/env_isaaclab/bin/python scripts/co_rl/train.py --task Isaac-Velocity-Rough-Flamingo-Light-Stair-Jump-v1-ppo --algo ppo --max_iterations 5000 --run_name sweep000 --param_overrides /home/lch/Isaac-RL-Two-wheel-Legged-Bot/logs/co_rl/Flamingo_Light_Rough_Stair_Jump/ppo/_sweeps/stair_jump_adaptive_2026-07-13_10-21-44/sweep000_overrides.json --headless --num_envs 16384 --adaptive_reward --warmstart_ckpt /home/lch/Isaac-RL-Two-wheel-Legged-Bot/logs/co_rl/Flamingo_Light_Flat_Stand_Drive/ppo/2026-07-02_12-12-49/model_1499.pt
[sweep]   metric=3836.4629750083213  status=ok

[sweep] top trials:
 trial  env.rewards.stair_climb.weight  env.rewards.stair_climb.params.growth  env.rewards.jump_lin_vel_z.weight  env.rewards.base_height_jump.weight  env.curriculum.terrain_levels.params.promote_steps  agent.algorithm.entropy_coef  agent.algorithm.learning_rate  env.curriculum.adaptive_reward.params.penalty_budget  env.curriculum.adaptive_reward.params.g_min status      metric                                                                                                             log_dir
     0                            23.5                                  2.525                               4.39                                -15.0                                                 3.0                       0.00843                          0.001                                              0.399404                                      0.57999     ok 3836.462975 /home/lch/Isaac-RL-Two-wheel-Legged-Bot/logs/co_rl/Flamingo_Light_Rough_Stair_Jump/ppo/2026-07-13_10-21-55_sweep000
[sweep] trial 1: {'env.rewards.stair_climb.weight': 23.5, 'env.rewards.stair_climb.params.growth': 2.525, 'env.rewards.jump_lin_vel_z.weight': 4.39, 'env.rewards.base_height_jump.weight': -15.0, 'env.curriculum.terrain_levels.params.promote_steps': 3.0, 'agent.algorithm.entropy_coef': 0.00843, 'agent.algorithm.learning_rate': 0.001, 'env.curriculum.adaptive_reward.params.penalty_budget': 0.46437632119861627, 'env.curriculum.adaptive_reward.params.g_min': 0.50411987635476}
[sweep]   $ /home/lch/miniconda3/envs/env_isaaclab/bin/python scripts/co_rl/train.py --task Isaac-Velocity-Rough-Flamingo-Light-Stair-Jump-v1-ppo --algo ppo --max_iterations 5000 --run_name sweep001 --param_overrides /home/lch/Isaac-RL-Two-wheel-Legged-Bot/logs/co_rl/Flamingo_Light_Rough_Stair_Jump/ppo/_sweeps/stair_jump_adaptive_2026-07-13_10-21-44/sweep001_overrides.json --headless --num_envs 16384 --adaptive_reward --warmstart_ckpt /home/lch/Isaac-RL-Two-wheel-Legged-Bot/logs/co_rl/Flamingo_Light_Flat_Stand_Drive/ppo/2026-07-02_12-12-49/model_1499.pt
[sweep]   metric=2876.5550899752125  status=ok

[sweep] top trials:
 trial  env.rewards.stair_climb.weight  env.rewards.stair_climb.params.growth  env.rewards.jump_lin_vel_z.weight  env.rewards.base_height_jump.weight  env.curriculum.terrain_levels.params.promote_steps  agent.algorithm.entropy_coef  agent.algorithm.learning_rate  env.curriculum.adaptive_reward.params.penalty_budget  env.curriculum.adaptive_reward.params.g_min status      metric                                                                                                             log_dir
     0                            23.5                                  2.525                               4.39                                -15.0                                                 3.0                       0.00843                          0.001                                              0.399404                                      0.57999     ok 3836.462975 /home/lch/Isaac-RL-Two-wheel-Legged-Bot/logs/co_rl/Flamingo_Light_Rough_Stair_Jump/ppo/2026-07-13_10-21-55_sweep000
     1                            23.5                                  2.525                               4.39                                -15.0                                                 3.0                       0.00843                          0.001                                              0.464376                                      0.50412     ok 2876.555090 /home/lch/Isaac-RL-Two-wheel-Legged-Bot/logs/co_rl/Flamingo_Light_Rough_Stair_Jump/ppo/2026-07-13_14-48-06_sweep001
[sweep] trial 2: {'env.rewards.stair_climb.weight': 23.5, 'env.rewards.stair_climb.params.growth': 2.525, 'env.rewards.jump_lin_vel_z.weight': 4.39, 'env.rewards.base_height_jump.weight': -15.0, 'env.curriculum.terrain_levels.params.promote_steps': 3.0, 'agent.algorithm.entropy_coef': 0.00843, 'agent.algorithm.learning_rate': 0.001, 'env.curriculum.adaptive_reward.params.penalty_budget': 0.6481582753387798, 'env.curriculum.adaptive_reward.params.g_min': 0.474015970864762}
[sweep]   $ /home/lch/miniconda3/envs/env_isaaclab/bin/python scripts/co_rl/train.py --task Isaac-Velocity-Rough-Flamingo-Light-Stair-Jump-v1-ppo --algo ppo --max_iterations 5000 --run_name sweep002 --param_overrides /home/lch/Isaac-RL-Two-wheel-Legged-Bot/logs/co_rl/Flamingo_Light_Rough_Stair_Jump/ppo/_sweeps/stair_jump_adaptive_2026-07-13_10-21-44/sweep002_overrides.json --headless --num_envs 16384 --adaptive_reward --warmstart_ckpt /home/lch/Isaac-RL-Two-wheel-Legged-Bot/logs/co_rl/Flamingo_Light_Flat_Stand_Drive/ppo/2026-07-02_12-12-49/model_1499.pt
[sweep]   metric=2323.120876967003  status=ok

[sweep] top trials:
 trial  env.rewards.stair_climb.weight  env.rewards.stair_climb.params.growth  env.rewards.jump_lin_vel_z.weight  env.rewards.base_height_jump.weight  env.curriculum.terrain_levels.params.promote_steps  agent.algorithm.entropy_coef  agent.algorithm.learning_rate  env.curriculum.adaptive_reward.params.penalty_budget  env.curriculum.adaptive_reward.params.g_min status      metric                                                                                                             log_dir
     0                            23.5                                  2.525                               4.39                                -15.0                                                 3.0                       0.00843                          0.001                                              0.399404                                     0.579990     ok 3836.462975 /home/lch/Isaac-RL-Two-wheel-Legged-Bot/logs/co_rl/Flamingo_Light_Rough_Stair_Jump/ppo/2026-07-13_10-21-55_sweep000
     1                            23.5                                  2.525                               4.39                                -15.0                                                 3.0                       0.00843                          0.001                                              0.464376                                     0.504120     ok 2876.555090 /home/lch/Isaac-RL-Two-wheel-Legged-Bot/logs/co_rl/Flamingo_Light_Rough_Stair_Jump/ppo/2026-07-13_14-48-06_sweep001
     2                            23.5                                  2.525                               4.39                                -15.0                                                 3.0                       0.00843                          0.001                                              0.648158                                     0.474016     ok 2323.120877 /home/lch/Isaac-RL-Two-wheel-Legged-Bot/logs/co_rl/Flamingo_Light_Rough_Stair_Jump/ppo/2026-07-13_19-15-00_sweep002[I 2026-07-13 23:38:47,511] Trial 2 finished with value: 2323.120876967003 and parameters: {'env.rewards.stair_climb.weight': 23.5, 'env.rewards.stair_climb.params.growth': 2.525, 'env.rewards.jump_lin_vel_z.weight': 4.39, 'env.rewards.base_height_jump.weight': -15.0, 'env.curriculum.terrain_levels.params.promote_steps': 3.0, 'agent.algorithm.entropy_coef': 0.00843, 'agent.algorithm.learning_rate': 0.001, 'env.curriculum.adaptive_reward.params.penalty_budget': 0.6481582753387798, 'env.curriculum.adaptive_reward.params.g_min': 0.474015970864762}. Best is trial 0 with value: 3836.4629750083213.
[I 2026-07-14 04:03:01,419] Trial 3 finished with value: 3231.865913664131 and parameters: {'env.rewards.stair_climb.weight': 23.5, 'env.rewards.stair_climb.params.growth': 2.525, 'env.rewards.jump_lin_vel_z.weight': 4.39, 'env.rewards.base_height_jump.weight': -15.0, 'env.curriculum.terrain_levels.params.promote_steps': 3.0, 'agent.algorithm.entropy_coef': 0.00843, 'agent.algorithm.learning_rate': 0.001, 'env.curriculum.adaptive_reward.params.penalty_budget': 0.30786457017201757, 'env.curriculum.adaptive_reward.params.g_min': 0.7813008126014849}. Best is trial 0 with value: 3836.4629750083213.
[I 2026-07-14 08:28:29,811] Trial 4 finished with value: 3329.2220497913686 and parameters: {'env.rewards.stair_climb.weight': 23.5, 'env.rewards.stair_climb.params.growth': 2.525, 'env.rewards.jump_lin_vel_z.weight': 4.39, 'env.rewards.base_height_jump.weight': -15.0, 'env.curriculum.terrain_levels.params.promote_steps': 3.0, 'agent.algorithm.entropy_coef': 0.00843, 'agent.algorithm.learning_rate': 0.001, 'env.curriculum.adaptive_reward.params.penalty_budget': 0.5721803218924157, 'env.curriculum.adaptive_reward.params.g_min': 0.5946352506202112}. Best is trial 0 with value: 3836.4629750083213.

[sweep] trial 3: {'env.rewards.stair_climb.weight': 23.5, 'env.rewards.stair_climb.params.growth': 2.525, 'env.rewards.jump_lin_vel_z.weight': 4.39, 'env.rewards.base_height_jump.weight': -15.0, 'env.curriculum.terrain_levels.params.promote_steps': 3.0, 'agent.algorithm.entropy_coef': 0.00843, 'agent.algorithm.learning_rate': 0.001, 'env.curriculum.adaptive_reward.params.penalty_budget': 0.30786457017201757, 'env.curriculum.adaptive_reward.params.g_min': 0.7813008126014849}
[sweep]   $ /home/lch/miniconda3/envs/env_isaaclab/bin/python scripts/co_rl/train.py --task Isaac-Velocity-Rough-Flamingo-Light-Stair-Jump-v1-ppo --algo ppo --max_iterations 5000 --run_name sweep003 --param_overrides /home/lch/Isaac-RL-Two-wheel-Legged-Bot/logs/co_rl/Flamingo_Light_Rough_Stair_Jump/ppo/_sweeps/stair_jump_adaptive_2026-07-13_10-21-44/sweep003_overrides.json --headless --num_envs 16384 --adaptive_reward --warmstart_ckpt /home/lch/Isaac-RL-Two-wheel-Legged-Bot/logs/co_rl/Flamingo_Light_Flat_Stand_Drive/ppo/2026-07-02_12-12-49/model_1499.pt
[sweep]   metric=3231.865913664131  status=ok

[sweep] top trials:
 trial  env.rewards.stair_climb.weight  env.rewards.stair_climb.params.growth  env.rewards.jump_lin_vel_z.weight  env.rewards.base_height_jump.weight  env.curriculum.terrain_levels.params.promote_steps  agent.algorithm.entropy_coef  agent.algorithm.learning_rate  env.curriculum.adaptive_reward.params.penalty_budget  env.curriculum.adaptive_reward.params.g_min status      metric                                                                                                             log_dir
     0                            23.5                                  2.525                               4.39                                -15.0                                                 3.0                       0.00843                          0.001                                              0.399404                                     0.579990     ok 3836.462975 /home/lch/Isaac-RL-Two-wheel-Legged-Bot/logs/co_rl/Flamingo_Light_Rough_Stair_Jump/ppo/2026-07-13_10-21-55_sweep000
     3                            23.5                                  2.525                               4.39                                -15.0                                                 3.0                       0.00843                          0.001                                              0.307865                                     0.781301     ok 3231.865914 /home/lch/Isaac-RL-Two-wheel-Legged-Bot/logs/co_rl/Flamingo_Light_Rough_Stair_Jump/ppo/2026-07-13_23-39-07_sweep003
     1                            23.5                                  2.525                               4.39                                -15.0                                                 3.0                       0.00843                          0.001                                              0.464376                                     0.504120     ok 2876.555090 /home/lch/Isaac-RL-Two-wheel-Legged-Bot/logs/co_rl/Flamingo_Light_Rough_Stair_Jump/ppo/2026-07-13_14-48-06_sweep001
     2                            23.5                                  2.525                               4.39                                -15.0                                                 3.0                       0.00843                          0.001                                              0.648158                                     0.474016     ok 2323.120877 /home/lch/Isaac-RL-Two-wheel-Legged-Bot/logs/co_rl/Flamingo_Light_Rough_Stair_Jump/ppo/2026-07-13_19-15-00_sweep002
[sweep] trial 4: {'env.rewards.stair_climb.weight': 23.5, 'env.rewards.stair_climb.params.growth': 2.525, 'env.rewards.jump_lin_vel_z.weight': 4.39, 'env.rewards.base_height_jump.weight': -15.0, 'env.curriculum.terrain_levels.params.promote_steps': 3.0, 'agent.algorithm.entropy_coef': 0.00843, 'agent.algorithm.learning_rate': 0.001, 'env.curriculum.adaptive_reward.params.penalty_budget': 0.5721803218924157, 'env.curriculum.adaptive_reward.params.g_min': 0.5946352506202112}
[sweep]   $ /home/lch/miniconda3/envs/env_isaaclab/bin/python scripts/co_rl/train.py --task Isaac-Velocity-Rough-Flamingo-Light-Stair-Jump-v1-ppo --algo ppo --max_iterations 5000 --run_name sweep004 --param_overrides /home/lch/Isaac-RL-Two-wheel-Legged-Bot/logs/co_rl/Flamingo_Light_Rough_Stair_Jump/ppo/_sweeps/stair_jump_adaptive_2026-07-13_10-21-44/sweep004_overrides.json --headless --num_envs 16384 --adaptive_reward --warmstart_ckpt /home/lch/Isaac-RL-Two-wheel-Legged-Bot/logs/co_rl/Flamingo_Light_Flat_Stand_Drive/ppo/2026-07-02_12-12-49/model_1499.pt
[sweep]   metric=3329.2220497913686  status=ok

[sweep] top trials:
 trial  env.rewards.stair_climb.weight  env.rewards.stair_climb.params.growth  env.rewards.jump_lin_vel_z.weight  env.rewards.base_height_jump.weight  env.curriculum.terrain_levels.params.promote_steps  agent.algorithm.entropy_coef  agent.algorithm.learning_rate  env.curriculum.adaptive_reward.params.penalty_budget  env.curriculum.adaptive_reward.params.g_min status      metric                                                                                                             log_dir
     0                            23.5                                  2.525                               4.39                                -15.0                                                 3.0                       0.00843                          0.001                                              0.399404                                     0.579990     ok 3836.462975 /home/lch/Isaac-RL-Two-wheel-Legged-Bot/logs/co_rl/Flamingo_Light_Rough_Stair_Jump/ppo/2026-07-13_10-21-55_sweep000
     4                            23.5                                  2.525                               4.39                                -15.0                                                 3.0                       0.00843                          0.001                                              0.572180                                     0.594635     ok 3329.222050 /home/lch/Isaac-RL-Two-wheel-Legged-Bot/logs/co_rl/Flamingo_Light_Rough_Stair_Jump/ppo/2026-07-14_04-03-12_sweep004
     3                            23.5                                  2.525                               4.39                                -15.0                                                 3.0                       0.00843                          0.001                                              0.307865                                     0.781301     ok 3231.865914 /home/lch/Isaac-RL-Two-wheel-Legged-Bot/logs/co_rl/Flamingo_Light_Rough_Stair_Jump/ppo/2026-07-13_23-39-07_sweep003
     1                            23.5                                  2.525                               4.39                                -15.0                                                 3.0                       0.00843                          0.001                                              0.464376                                     0.504120     ok 2876.555090 /home/lch/Isaac-RL-Two-wheel-Legged-Bot/logs/co_rl/Flamingo_Light_Rough_Stair_Jump/ppo/2026-07-13_14-48-06_sweep001
     2                            23.5                                  2.525                               4.39                                -15.0                                                 3.0                       0.00843                          0.001                                              0.648158                                     0.474016     ok 2323.120877 /home/lch/Isaac-RL-Two-wheel-Legged-Bot/logs/co_rl/Flamingo_Light_Rough_Stair_Jump/ppo/2026-07-13_19-15-00_sweep002
[sweep] trial 5: {'env.rewards.stair_climb.weight': 23.5, 'env.rewards.stair_climb.params.growth': 2.525, 'env.rewards.jump_lin_vel_z.weight': 4.39, 'env.rewards.base_height_jump.weight': -15.0, 'env.curriculum.terrain_levels.params.promote_steps': 3.0, 'agent.algorithm.entropy_coef': 0.00843, 'agent.algorithm.learning_rate': 0.001, 'env.curriculum.adaptive_reward.params.penalty_budget': 0.6860107279463816, 'env.curriculum.adaptive_reward.params.g_min': 0.5573594956486534}
[sweep]   $ /home/lch/miniconda3/envs/env_isaaclab/bin/python scripts/co_rl/train.py --task Isaac-Velocity-Rough-Flamingo-Light-Stair-Jump-v1-ppo --algo ppo --max_iterations 5000 --run_name sweep005 --param_overrides /home/lch/Isaac-RL-Two-wheel-Legged-Bot/logs/co_rl/Flamingo_Light_Rough_Stair_Jump/ppo/_sweeps/stair_jump_adaptive_2026-07-13_10-21-44/sweep005_overrides.json --headless --num_envs 16384 --adaptive_reward --warmstart_ckpt /home/lch/Isaac-RL-Two-wheel-Legged-Bot/logs/co_rl/Flamingo_Light_Flat_Stand_Drive/ppo/2026-07-02_12-12-49/model_1499.pt[I 2026-07-14 12:52:26,735] Trial 5 finished with value: 2745.9135308915866 and parameters: {'env.rewards.stair_climb.weight': 23.5, 'env.rewards.stair_climb.params.growth': 2.525, 'env.rewards.jump_lin_vel_z.weight': 4.39, 'env.rewards.base_height_jump.weight': -15.0, 'env.curriculum.terrain_levels.params.promote_steps': 3.0, 'agent.algorithm.entropy_coef': 0.00843, 'agent.algorithm.learning_rate': 0.001, 'env.curriculum.adaptive_reward.params.penalty_budget': 0.6860107279463816, 'env.curriculum.adaptive_reward.params.g_min': 0.5573594956486534}. Best is trial 0 with value: 3836.4629750083213.
