     0                            23.5                                -15.0                                                 3.0                          0.001                               2.364617                           4.675843                      0.007844     ok  227.195232 /home/lch/Isaac-RL-Two-wheel-Legged-Bot/logs/co_rl/Flamingo_Light_Rough_Stair_Jump/ppo/2026-07-10_10-56-52_sweep000[I 2026-07-11 12:14:48,939] Trial 8 finished with value: 2325.4958858491736 and parameters: {'env.rewards.stair_climb.weight': 23.5, 'env.rewards.base_height_jump.weight': -15.0, 'env.curriculum.terrain_levels.params.promote_steps': 3.0, 'agent.algorithm.learning_rate': 0.001, 'env.rewards.stair_climb.params.growth': 2.6239491908835415, 'env.rewards.jump_lin_vel_z.weight': 5.288982890563988, 'agent.algorithm.entropy_coef': 0.0070936158087470036}. Best is trial 3 with value: 2520.913952058938.
[I 2026-07-11 15:03:07,942] Trial 9 finished with value: 1538.3371544120046 and parameters: {'env.rewards.stair_climb.weight': 23.5, 'env.rewards.base_height_jump.weight': -15.0, 'env.curriculum.terrain_levels.params.promote_steps': 3.0, 'agent.algorithm.learning_rate': 0.001, 'env.rewards.stair_climb.params.growth': 2.400350729566452, 'env.rewards.jump_lin_vel_z.weight': 4.688299979091525, 'agent.algorithm.entropy_coef': 0.006325463831846325}. Best is trial 3 with value: 2520.913952058938.

[sweep] trial 9: {'env.rewards.stair_climb.weight': 23.5, 'env.rewards.base_height_jump.weight': -15.0, 'env.curriculum.terrain_levels.params.promote_steps': 3.0, 'agent.algorithm.learning_rate': 0.001, 'env.rewards.stair_climb.params.growth': 2.400350729566452, 'env.rewards.jump_lin_vel_z.weight': 4.688299979091525, 'agent.algorithm.entropy_coef': 0.006325463831846325}
[sweep]   $ /home/lch/miniconda3/envs/env_isaaclab/bin/python scripts/co_rl/train.py --task Isaac-Velocity-Rough-Flamingo-Light-Stair-Jump-v1-ppo --algo ppo --max_iterations 5000 --run_name sweep009 --param_overrides /home/lch/Isaac-RL-Two-wheel-Legged-Bot/logs/co_rl/Flamingo_Light_Rough_Stair_Jump/ppo/_sweeps/stair_jump_focused2_2026-07-10_10-56-38/sweep009_overrides.json --headless --num_envs 8192 --warmstart_ckpt /home/lch/Isaac-RL-Two-wheel-Legged-Bot/logs/co_rl/Flamingo_Light_Flat_Stand_Drive/ppo/2026-07-02_12-12-49/model_1499.pt
[sweep]   metric=1538.3371544120046  status=ok

[sweep] top trials:
 trial  env.rewards.stair_climb.weight  env.rewards.base_height_jump.weight  env.curriculum.terrain_levels.params.promote_steps  agent.algorithm.learning_rate  env.rewards.stair_climb.params.growth  env.rewards.jump_lin_vel_z.weight  agent.algorithm.entropy_coef status      metric                                                                                                             log_dir
     3                            23.5                                -15.0                                                 3.0                          0.001                               2.525077                           4.390442                      0.008431     ok 2520.913952 /home/lch/Isaac-RL-Two-wheel-Legged-Bot/logs/co_rl/Flamingo_Light_Rough_Stair_Jump/ppo/2026-07-10_19-21-16_sweep003
     5                            23.5                                -15.0                                                 3.0                          0.001                               2.609110                           5.286627                      0.008870     ok 2343.965856 /home/lch/Isaac-RL-Two-wheel-Legged-Bot/logs/co_rl/Flamingo_Light_Rough_Stair_Jump/ppo/2026-07-11_00-59-35_sweep005
     8                            23.5                                -15.0                                                 3.0                          0.001                               2.623949                           5.288983                      0.007094     ok 2325.495886 /home/lch/Isaac-RL-Two-wheel-Legged-Bot/logs/co_rl/Flamingo_Light_Rough_Stair_Jump/ppo/2026-07-11_09-26-03_sweep008
     7                            23.5                                -15.0                                                 3.0                          0.001                               2.564008                           4.651871                      0.008376     ok 2108.789024 /home/lch/Isaac-RL-Two-wheel-Legged-Bot/logs/co_rl/Flamingo_Light_Rough_Stair_Jump/ppo/2026-07-11_06-38-07_sweep007
     6                            23.5                                -15.0                                                 3.0                          0.001                               2.577791                           4.799525                      0.006726     ok 1834.903444 /home/lch/Isaac-RL-Two-wheel-Legged-Bot/logs/co_rl/Flamingo_Light_Rough_Stair_Jump/ppo/2026-07-11_03-49-29_sweep006
     2                            23.5                                -15.0                                                 3.0                          0.001                               2.440682                           5.163083                      0.006401     ok 1768.932854 /home/lch/Isaac-RL-Two-wheel-Legged-Bot/logs/co_rl/Flamingo_Light_Rough_Stair_Jump/ppo/2026-07-10_16-32-51_sweep002
     9                            23.5                                -15.0                                                 3.0                          0.001                               2.400351                           4.688300                      0.006325     ok 1538.337154 /home/lch/Isaac-RL-Two-wheel-Legged-Bot/logs/co_rl/Flamingo_Light_Rough_Stair_Jump/ppo/2026-07-11_12-15-04_sweep009
     4                            23.5                                -15.0                                                 3.0                          0.001                               2.389972                           4.531562                      0.007022     ok 1401.310604 /home/lch/Isaac-RL-Two-wheel-Legged-Bot/logs/co_rl/Flamingo_Light_Rough_Stair_Jump/ppo/2026-07-10_22-11-24_sweep004
     1                            23.5                                -15.0                                                 3.0                          0.001                               2.356485                           4.567700                      0.005639     ok  913.348987 /home/lch/Isaac-RL-Two-wheel-Legged-Bot/logs/co_rl/Flamingo_Light_Rough_Stair_Jump/ppo/2026-07-10_13-44-37_sweep001
     0                            23.5                                -15.0                                                 3.0                          0.001                               2.364617                           4.675843                      0.007844     ok  227.195232 /home/lch/Isaac-RL-Two-wheel-Legged-Bot/logs/co_rl/Flamingo_Light_Rough_Stair_Jump/ppo/2026-07-10_10-56-52_sweep000

[sweep] optuna best value=2520.913952058938
[sweep] optuna best params={'env.rewards.stair_climb.weight': 23.5, 'env.rewards.base_height_jump.weight': -15.0, 'env.curriculum.terrain_levels.params.promote_steps': 3.0, 'agent.algorithm.learning_rate': 0.001, 'env.rewards.stair_climb.params.growth': 2.5250773828655797, 'env.rewards.jump_lin_vel_z.weight': 4.39044224099638, 'agent.algorithm.entropy_coef': 0.008431076003555393}
[sweep] resume/inspect: optuna-dashboard sqlite:////home/lch/Isaac-RL-Two-wheel-Legged-Bot/logs/co_rl/Flamingo_Light_Rough_Stair_Jump/ppo/_sweeps/stair_jump_focused2_2026-07-10_10-56-38/study.db
