[I 2026-07-09 18:51:15,380] Trial 11 finished with value: 873.7621339963371 and parameters: {'env.rewards.stair_climb.weight': 23.490319449545336, 'env.rewards.stair_climb.params.growth': 2.5, 'env.curriculum.terrain_levels.params.promote_steps': 3.0, 'env.rewards.jump_lin_vel_z.weight': 6.319029358740605, 'env.rewards.base_height_jump.weight': -15.0, 'agent.algorithm.entropy_coef': 0.006306597573252717, 'agent.algorithm.learning_rate': 0.001}. Best is trial 5 with value: 1265.0098830337156.

[sweep] trial 11: {'env.rewards.stair_climb.weight': 23.490319449545336, 'env.rewards.stair_climb.params.growth': 2.5, 'env.curriculum.terrain_levels.params.promote_steps': 3.0, 'env.rewards.jump_lin_vel_z.weight': 6.319029358740605, 'env.rewards.base_height_jump.weight': -15.0, 'agent.algorithm.entropy_coef': 0.006306597573252717, 'agent.algorithm.learning_rate': 0.001}
[sweep]   $ /home/lch/miniconda3/envs/env_isaaclab/bin/python scripts/co_rl/train.py --task Isaac-Velocity-Rough-Flamingo-Light-Stair-Jump-v1-ppo --algo ppo --max_iterations 3000 --run_name sweep011 --param_overrides /home/lch/Isaac-RL-Two-wheel-Legged-Bot/logs/co_rl/Flamingo_Light_Rough_Stair_Jump/ppo/_sweeps/stair_jump_focused_auto_2026-07-08_22-32-10/sweep011_overrides.json --headless --num_envs 8192 --warmstart_ckpt /home/lch/Isaac-RL-Two-wheel-Legged-Bot/logs/co_rl/Flamingo_Light_Flat_Stand_Drive/ppo/2026-07-02_12-12-49/model_1499.pt
[sweep]   metric=873.7621339963371  status=ok

[sweep] top trials:
 trial  env.rewards.stair_climb.weight  env.rewards.stair_climb.params.growth  env.curriculum.terrain_levels.params.promote_steps  env.rewards.jump_lin_vel_z.weight  env.rewards.base_height_jump.weight  agent.algorithm.entropy_coef  agent.algorithm.learning_rate status      metric                                                                                                             log_dir
     5                       23.490319                                    2.5                                                 3.0                           4.573714                                -15.0                      0.004815                          0.001     ok 1265.009883 /home/lch/Isaac-RL-Two-wheel-Legged-Bot/logs/co_rl/Flamingo_Light_Rough_Stair_Jump/ppo/2026-07-09_06-54-26_sweep005
     4                       23.490319                                    2.0                                                 3.0                           6.543167                                -15.0                      0.006096                          0.001     ok 1109.325874 /home/lch/Isaac-RL-Two-wheel-Legged-Bot/logs/co_rl/Flamingo_Light_Rough_Stair_Jump/ppo/2026-07-09_05-12-42_sweep004
    11                       23.490319                                    2.5                                                 3.0                           6.319029                                -15.0                      0.006307                          0.001     ok  873.762134 /home/lch/Isaac-RL-Two-wheel-Legged-Bot/logs/co_rl/Flamingo_Light_Rough_Stair_Jump/ppo/2026-07-09_17-09-16_sweep011
     9                       23.490319                                    2.0                                                 3.0                           4.892919                                -15.0                      0.012334                          0.001     ok  777.619342 /home/lch/Isaac-RL-Two-wheel-Legged-Bot/logs/co_rl/Flamingo_Light_Rough_Stair_Jump/ppo/2026-07-09_13-43-44_sweep009
     0                       23.490319                                    2.0                                                 3.0                           4.401472                                -15.0                      0.005234                          0.001     ok  511.687064 /home/lch/Isaac-RL-Two-wheel-Legged-Bot/logs/co_rl/Flamingo_Light_Rough_Stair_Jump/ppo/2026-07-08_22-32-30_sweep000
     6                       23.490319                                    2.0                                                 3.0                           5.588824                                -15.0                      0.012092                          0.001     ok  271.879367 /home/lch/Isaac-RL-Two-wheel-Legged-Bot/logs/co_rl/Flamingo_Light_Rough_Stair_Jump/ppo/2026-07-09_08-35-46_sweep006
     7                       23.490319                                    2.0                                                 3.0                           3.991760                                -15.0                      0.004336                          0.001     ok  263.571187 /home/lch/Isaac-RL-Two-wheel-Legged-Bot/logs/co_rl/Flamingo_Light_Rough_Stair_Jump/ppo/2026-07-09_10-18-05_sweep007
     8                       23.490319                                    1.5                                                 3.0                           5.696235                                -15.0                      0.007715                          0.001     ok  250.519533 /home/lch/Isaac-RL-Two-wheel-Legged-Bot/logs/co_rl/Flamingo_Light_Rough_Stair_Jump/ppo/2026-07-09_12-00-14_sweep008
     1                       23.490319                                    1.5                                                 3.0                           3.766744                                -15.0                      0.008830                          0.001     ok  233.991289 /home/lch/Isaac-RL-Two-wheel-Legged-Bot/logs/co_rl/Flamingo_Light_Rough_Stair_Jump/ppo/2026-07-09_00-13-53_sweep001
    10                       23.490319                                    2.5                                                 3.0                           6.675457                                -15.0                      0.003467                          0.001     ok  188.816228 /home/lch/Isaac-RL-Two-wheel-Legged-Bot/logs/co_rl/Flamingo_Light_Rough_Stair_Jump/ppo/2026-07-09_15-27-33_sweep010
[sweep] trial 12: {'env.rewards.stair_climb.weight': 23.490319449545336, 'env.rewards.stair_climb.params.growth': 2.5, 'env.curriculum.terrain_levels.params.promote_steps': 3.0, 'env.rewards.jump_lin_vel_z.weight': 5.202520245999537, 'env.rewards.base_height_jump.weight': -15.0, 'agent.algorithm.entropy_coef': 0.0056765925760127066, 'agent.algorithm.learning_rate': 0.001}
[sweep]   $ /home/lch/miniconda3/envs/env_isaaclab/bin/python scripts/co_rl/train.py --task Isaac-Velocity-Rough-Flamingo-Light-Stair-Jump-v1-ppo --algo ppo --max_iterations 3000 --run_name sweep012 --param_overrides /home/lch/Isaac-RL-Two-wheel-Legged-Bot/logs/co_rl/Flamingo_Light_Rough_Stair_Jump/ppo/_sweeps/stair_jump_focused_auto_2026-07-08_22-32-10/sweep012_overrides.json --headless --num_envs 8192 --warmstart_ckpt /home/lch/Isaac-RL-Two-wheel-Legged-Bot/logs/co_rl/Flamingo_Light_Flat_Stand_Drive/ppo/2026-07-02_12-12-49/model_1499.pt
[sweep]   metric=180.41984294010035  status=ok

[sweep] top trials:
 trial  env.rewards.stair_climb.weight  env.rewards.stair_climb.params.growth  env.curriculum.terrain_levels.params.promote_steps  env.rewards.jump_lin_vel_z.weight  env.rewards.base_height_jump.weight  agent.algorithm.entropy_coef  agent.algorithm.learning_rate status      metric                                                                                                             log_dir
     5                       23.490319                                    2.5                                                 3.0                           4.573714                                -15.0                      0.004815                          0.001     ok 1265.009883 /home/lch/Isaac-RL-Two-wheel-Legged-Bot/logs/co_rl/Flamingo_Light_Rough_Stair_Jump/ppo/2026-07-09_06-54-26_sweep005
     4                       23.490319                                    2.0                                                 3.0                           6.543167                                -15.0                      0.006096                          0.001     ok 1109.325874 /home/lch/Isaac-RL-Two-wheel-Legged-Bot/logs/co_rl/Flamingo_Light_Rough_Stair_Jump/ppo/2026-07-09_05-12-42_sweep004
    11                       23.490319                                    2.5                                                 3.0                           6.319029                                -15.0                      0.006307                          0.001     ok  873.762134 /home/lch/Isaac-RL-Two-wheel-Legged-Bot/logs/co_rl/Flamingo_Light_Rough_Stair_Jump/ppo/2026-07-09_17-09-16_sweep011
     9                       23.490319                                    2.0                                                 3.0                           4.892919                                -15.0                      0.012334                          0.001     ok  777.619342 /home/lch/Isaac-RL-Two-wheel-Legged-Bot/logs/co_rl/Flamingo_Light_Rough_Stair_Jump/ppo/2026-07-09_13-43-44_sweep009
     0                       23.490319                                    2.0                                                 3.0                           4.401472                                -15.0                      0.005234                          0.001     ok  511.687064 /home/lch/Isaac-RL-Two-wheel-Legged-Bot/logs/co_rl/Flamingo_Light_Rough_Stair_Jump/ppo/2026-07-08_22-32-30_sweep000
     6                       23.490319                                    2.0                                                 3.0                           5.588824                                -15.0                      0.012092                          0.001     ok  271.879367 /home/lch/Isaac-RL-Two-wheel-Legged-Bot/logs/co_rl/Flamingo_Light_Rough_Stair_Jump/ppo/2026-07-09_08-35-46_sweep006
     7                       23.490319                                    2.0                                                 3.0                           3.991760                                -15.0                      0.004336                          0.001     ok  263.571187 /home/lch/Isaac-RL-Two-wheel-Legged-Bot/logs/co_rl/Flamingo_Light_Rough_Stair_Jump/ppo/2026-07-09_10-18-05_sweep007
     8                       23.490319                                    1.5                                                 3.0                           5.696235                                -15.0                      0.007715                          0.001     ok  250.519533 /home/lch/Isaac-RL-Two-wheel-Legged-Bot/logs/co_rl/Flamingo_Light_Rough_Stair_Jump/ppo/2026-07-09_12-00-14_sweep008
     1                       23.490319                                    1.5                                                 3.0                           3.766744                                -15.0                      0.008830                          0.001     ok  233.991289 /home/lch/Isaac-RL-Two-wheel-Legged-Bot/logs/co_rl/Flamingo_Light_Rough_Stair_Jump/ppo/2026-07-09_00-13-53_sweep001
    10                       23.490319                                    2.5                                                 3.0                           6.675457                                -15.0                      0.003467                          0.001     ok  188.816228 /home/lch/Isaac-RL-Two-wheel-Legged-Bot/logs/co_rl/Flamingo_Light_Rough_Stair_Jump/ppo/2026-07-09_15-27-33_sweep010[I 2026-07-09 20:31:56,652] Trial 12 finished with value: 180.41984294010035 and parameters: {'env.rewards.stair_climb.weight': 23.490319449545336, 'env.rewards.stair_climb.params.growth': 2.5, 'env.curriculum.terrain_levels.params.promote_steps': 3.0, 'env.rewards.jump_lin_vel_z.weight': 5.202520245999537, 'env.rewards.base_height_jump.weight': -15.0, 'agent.algorithm.entropy_coef': 0.0056765925760127066, 'agent.algorithm.learning_rate': 0.001}. Best is trial 5 with value: 1265.0098830337156.
