[I 2026-07-10 01:34:56,144] Trial 15 finished with value: 104.94011386871261 and parameters: {'env.rewards.stair_climb.weight': 23.490319449545336, 'env.rewards.stair_climb.params.growth': 2.5, 'env.curriculum.terrain_levels.params.promote_steps': 3.0, 'env.rewards.jump_lin_vel_z.weight': 4.590747469893217, 'env.rewards.base_height_jump.weight': -15.0, 'agent.algorithm.entropy_coef': 0.007257583191759973, 'agent.algorithm.learning_rate': 0.001}. Best is trial 14 with value: 1286.170815162288.

[sweep] trial 15: {'env.rewards.stair_climb.weight': 23.490319449545336, 'env.rewards.stair_climb.params.growth': 2.5, 'env.curriculum.terrain_levels.params.promote_steps': 3.0, 'env.rewards.jump_lin_vel_z.weight': 4.590747469893217, 'env.rewards.base_height_jump.weight': -15.0, 'agent.algorithm.entropy_coef': 0.007257583191759973, 'agent.algorithm.learning_rate': 0.001}
[sweep]   $ /home/lch/miniconda3/envs/env_isaaclab/bin/python scripts/co_rl/train.py --task Isaac-Velocity-Rough-Flamingo-Light-Stair-Jump-v1-ppo --algo ppo --max_iterations 3000 --run_name sweep015 --param_overrides /home/lch/Isaac-RL-Two-wheel-Legged-Bot/logs/co_rl/Flamingo_Light_Rough_Stair_Jump/ppo/_sweeps/stair_jump_focused_auto_2026-07-08_22-32-10/sweep015_overrides.json --headless --num_envs 8192 --warmstart_ckpt /home/lch/Isaac-RL-Two-wheel-Legged-Bot/logs/co_rl/Flamingo_Light_Flat_Stand_Drive/ppo/2026-07-02_12-12-49/model_1499.pt
[sweep]   metric=104.94011386871261  status=ok

[sweep] top trials:
 trial  env.rewards.stair_climb.weight  env.rewards.stair_climb.params.growth  env.curriculum.terrain_levels.params.promote_steps  env.rewards.jump_lin_vel_z.weight  env.rewards.base_height_jump.weight  agent.algorithm.entropy_coef  agent.algorithm.learning_rate status      metric                                                                                                             log_dir
    14                       23.490319                                    2.5                                                 3.0                           4.709634                                -15.0                      0.007203                          0.001     ok 1286.170815 /home/lch/Isaac-RL-Two-wheel-Legged-Bot/logs/co_rl/Flamingo_Light_Rough_Stair_Jump/ppo/2026-07-09_22-12-41_sweep014
     5                       23.490319                                    2.5                                                 3.0                           4.573714                                -15.0                      0.004815                          0.001     ok 1265.009883 /home/lch/Isaac-RL-Two-wheel-Legged-Bot/logs/co_rl/Flamingo_Light_Rough_Stair_Jump/ppo/2026-07-09_06-54-26_sweep005
     4                       23.490319                                    2.0                                                 3.0                           6.543167                                -15.0                      0.006096                          0.001     ok 1109.325874 /home/lch/Isaac-RL-Two-wheel-Legged-Bot/logs/co_rl/Flamingo_Light_Rough_Stair_Jump/ppo/2026-07-09_05-12-42_sweep004
    11                       23.490319                                    2.5                                                 3.0                           6.319029                                -15.0                      0.006307                          0.001     ok  873.762134 /home/lch/Isaac-RL-Two-wheel-Legged-Bot/logs/co_rl/Flamingo_Light_Rough_Stair_Jump/ppo/2026-07-09_17-09-16_sweep011
     9                       23.490319                                    2.0                                                 3.0                           4.892919                                -15.0                      0.012334                          0.001     ok  777.619342 /home/lch/Isaac-RL-Two-wheel-Legged-Bot/logs/co_rl/Flamingo_Light_Rough_Stair_Jump/ppo/2026-07-09_13-43-44_sweep009
     0                       23.490319                                    2.0                                                 3.0                           4.401472                                -15.0                      0.005234                          0.001     ok  511.687064 /home/lch/Isaac-RL-Two-wheel-Legged-Bot/logs/co_rl/Flamingo_Light_Rough_Stair_Jump/ppo/2026-07-08_22-32-30_sweep000
     6                       23.490319                                    2.0                                                 3.0                           5.588824                                -15.0                      0.012092                          0.001     ok  271.879367 /home/lch/Isaac-RL-Two-wheel-Legged-Bot/logs/co_rl/Flamingo_Light_Rough_Stair_Jump/ppo/2026-07-09_08-35-46_sweep006
     7                       23.490319                                    2.0                                                 3.0                           3.991760                                -15.0                      0.004336                          0.001     ok  263.571187 /home/lch/Isaac-RL-Two-wheel-Legged-Bot/logs/co_rl/Flamingo_Light_Rough_Stair_Jump/ppo/2026-07-09_10-18-05_sweep007
     8                       23.490319                                    1.5                                                 3.0                           5.696235                                -15.0                      0.007715                          0.001     ok  250.519533 /home/lch/Isaac-RL-Two-wheel-Legged-Bot/logs/co_rl/Flamingo_Light_Rough_Stair_Jump/ppo/2026-07-09_12-00-14_sweep008
     1                       23.490319                                    1.5                                                 3.0                           3.766744                                -15.0                      0.008830                          0.001     ok  233.991289 /home/lch/Isaac-RL-Two-wheel-Legged-Bot/logs/co_rl/Flamingo_Light_Rough_Stair_Jump/ppo/2026-07-09_00-13-53_sweep001
[sweep] trial 16: {'env.rewards.stair_climb.weight': 23.490319449545336, 'env.rewards.stair_climb.params.growth': 2.5, 'env.curriculum.terrain_levels.params.promote_steps': 3.0, 'env.rewards.jump_lin_vel_z.weight': 4.412724988575513, 'env.rewards.base_height_jump.weight': -15.0, 'agent.algorithm.entropy_coef': 0.003863771525795651, 'agent.algorithm.learning_rate': 0.001}
[sweep]   $ /home/lch/miniconda3/envs/env_isaaclab/bin/python scripts/co_rl/train.py --task Isaac-Velocity-Rough-Flamingo-Light-Stair-Jump-v1-ppo --algo ppo --max_iterations 3000 --run_name sweep016 --param_overrides /home/lch/Isaac-RL-Two-wheel-Legged-Bot/logs/co_rl/Flamingo_Light_Rough_Stair_Jump/ppo/_sweeps/stair_jump_focused_auto_2026-07-08_22-32-10/sweep016_overrides.json --headless --num_envs 8192 --warmstart_ckpt /home/lch/Isaac-RL-Two-wheel-Legged-Bot/logs/co_rl/Flamingo_Light_Flat_Stand_Drive/ppo/2026-07-02_12-12-49/model_1499.pt
[sweep]   metric=240.69527365268732  status=ok

[sweep] top trials:
 trial  env.rewards.stair_climb.weight  env.rewards.stair_climb.params.growth  env.curriculum.terrain_levels.params.promote_steps  env.rewards.jump_lin_vel_z.weight  env.rewards.base_height_jump.weight  agent.algorithm.entropy_coef  agent.algorithm.learning_rate status      metric                                                                                                             log_dir
    14                       23.490319                                    2.5                                                 3.0                           4.709634                                -15.0                      0.007203                          0.001     ok 1286.170815 /home/lch/Isaac-RL-Two-wheel-Legged-Bot/logs/co_rl/Flamingo_Light_Rough_Stair_Jump/ppo/2026-07-09_22-12-41_sweep014
     5                       23.490319                                    2.5                                                 3.0                           4.573714                                -15.0                      0.004815                          0.001     ok 1265.009883 /home/lch/Isaac-RL-Two-wheel-Legged-Bot/logs/co_rl/Flamingo_Light_Rough_Stair_Jump/ppo/2026-07-09_06-54-26_sweep005
     4                       23.490319                                    2.0                                                 3.0                           6.543167                                -15.0                      0.006096                          0.001     ok 1109.325874 /home/lch/Isaac-RL-Two-wheel-Legged-Bot/logs/co_rl/Flamingo_Light_Rough_Stair_Jump/ppo/2026-07-09_05-12-42_sweep004
    11                       23.490319                                    2.5                                                 3.0                           6.319029                                -15.0                      0.006307                          0.001     ok  873.762134 /home/lch/Isaac-RL-Two-wheel-Legged-Bot/logs/co_rl/Flamingo_Light_Rough_Stair_Jump/ppo/2026-07-09_17-09-16_sweep011
     9                       23.490319                                    2.0                                                 3.0                           4.892919                                -15.0                      0.012334                          0.001     ok  777.619342 /home/lch/Isaac-RL-Two-wheel-Legged-Bot/logs/co_rl/Flamingo_Light_Rough_Stair_Jump/ppo/2026-07-09_13-43-44_sweep009
     0                       23.490319                                    2.0                                                 3.0                           4.401472                                -15.0                      0.005234                          0.001     ok  511.687064 /home/lch/Isaac-RL-Two-wheel-Legged-Bot/logs/co_rl/Flamingo_Light_Rough_Stair_Jump/ppo/2026-07-08_22-32-30_sweep000
     6                       23.490319                                    2.0                                                 3.0                           5.588824                                -15.0                      0.012092                          0.001     ok  271.879367 /home/lch/Isaac-RL-Two-wheel-Legged-Bot/logs/co_rl/Flamingo_Light_Rough_Stair_Jump/ppo/2026-07-09_08-35-46_sweep006
     7                       23.490319                                    2.0                                                 3.0                           3.991760                                -15.0                      0.004336                          0.001     ok  263.571187 /home/lch/Isaac-RL-Two-wheel-Legged-Bot/logs/co_rl/Flamingo_Light_Rough_Stair_Jump/ppo/2026-07-09_10-18-05_sweep007
     8                       23.490319                                    1.5                                                 3.0                           5.696235                                -15.0                      0.007715                          0.001     ok  250.519533 /home/lch/Isaac-RL-Two-wheel-Legged-Bot/logs/co_rl/Flamingo_Light_Rough_Stair_Jump/ppo/2026-07-09_12-00-14_sweep008
    16                       23.490319                                    2.5                                                 3.0                           4.412725                                -15.0                      0.003864                          0.001     ok  240.695274 /home/lch/Isaac-RL-Two-wheel-Legged-Bot/logs/co_rl/Flamingo_Light_Rough_Stair_Jump/ppo/2026-07-10_01-35-13_sweep016[I 2026-07-10 03:15:50,104] Trial 16 finished with value: 240.69527365268732 and parameters: {'env.rewards.stair_climb.weight': 23.490319449545336, 'env.rewards.stair_climb.params.growth': 2.5, 'env.curriculum.terrain_levels.params.promote_steps': 3.0, 'env.rewards.jump_lin_vel_z.weight': 4.412724988575513, 'env.rewards.base_height_jump.weight': -15.0, 'agent.algorithm.entropy_coef': 0.003863771525795651, 'agent.algorithm.learning_rate': 0.001}. Best is trial 14 with value: 1286.170815162288.
