nohup: 입력 무시
[I 2026-07-10 10:56:39,095] A new study created in RDB with name: stair_jump_focused2_2026-07-10_10-56-38
[I 2026-07-10 13:44:27,363] Trial 0 finished with value: 227.19523185124535 and parameters: {'env.rewards.stair_climb.weight': 23.5, 'env.rewards.base_height_jump.weight': -15.0, 'env.curriculum.terrain_levels.params.promote_steps': 3.0, 'agent.algorithm.learning_rate': 0.001, 'env.rewards.stair_climb.params.growth': 2.3646174642427384, 'env.rewards.jump_lin_vel_z.weight': 4.675842557726762, 'agent.algorithm.entropy_coef': 0.007844456191012159}. Best is trial 0 with value: 227.19523185124535.
[I 2026-07-10 16:32:40,533] Trial 1 finished with value: 913.348986605255 and parameters: {'env.rewards.stair_climb.weight': 23.5, 'env.rewards.base_height_jump.weight': -15.0, 'env.curriculum.terrain_levels.params.promote_steps': 3.0, 'agent.algorithm.learning_rate': 0.001, 'env.rewards.stair_climb.params.growth': 2.356484874974785, 'env.rewards.jump_lin_vel_z.weight': 4.567699594847671, 'agent.algorithm.entropy_coef': 0.00563925930075854}. Best is trial 1 with value: 913.348986605255.
[I 2026-07-10 19:21:06,645] Trial 2 finished with value: 1768.93285358486 and parameters: {'env.rewards.stair_climb.weight': 23.5, 'env.rewards.base_height_jump.weight': -15.0, 'env.curriculum.terrain_levels.params.promote_steps': 3.0, 'agent.algorithm.learning_rate': 0.001, 'env.rewards.stair_climb.params.growth': 2.440681568189385, 'env.rewards.jump_lin_vel_z.weight': 5.1630833830121095, 'agent.algorithm.entropy_coef': 0.006401210964228409}. Best is trial 2 with value: 1768.93285358486.
[sweep] method=optuna  task=Isaac-Velocity-Rough-Flamingo-Light-Stair-Jump-v1-ppo  max_iterations=5000  metric={'tag_contains': 'terrain_level', 'reduce': 'auc', 'goal': 'max'}
[sweep] results dir: /home/lch/Isaac-RL-Two-wheel-Legged-Bot/logs/co_rl/Flamingo_Light_Rough_Stair_Jump/ppo/_sweeps/stair_jump_focused2_2026-07-10_10-56-38
[sweep] optuna: 0 finished trial(s) in store, running 10 more (target 10).
[sweep] trial 0: {'env.rewards.stair_climb.weight': 23.5, 'env.rewards.base_height_jump.weight': -15.0, 'env.curriculum.terrain_levels.params.promote_steps': 3.0, 'agent.algorithm.learning_rate': 0.001, 'env.rewards.stair_climb.params.growth': 2.3646174642427384, 'env.rewards.jump_lin_vel_z.weight': 4.675842557726762, 'agent.algorithm.entropy_coef': 0.007844456191012159}
[sweep]   $ /home/lch/miniconda3/envs/env_isaaclab/bin/python scripts/co_rl/train.py --task Isaac-Velocity-Rough-Flamingo-Light-Stair-Jump-v1-ppo --algo ppo --max_iterations 5000 --run_name sweep000 --param_overrides /home/lch/Isaac-RL-Two-wheel-Legged-Bot/logs/co_rl/Flamingo_Light_Rough_Stair_Jump/ppo/_sweeps/stair_jump_focused2_2026-07-10_10-56-38/sweep000_overrides.json --headless --num_envs 8192 --warmstart_ckpt /home/lch/Isaac-RL-Two-wheel-Legged-Bot/logs/co_rl/Flamingo_Light_Flat_Stand_Drive/ppo/2026-07-02_12-12-49/model_1499.pt
[sweep]   metric=227.19523185124535  status=ok

[sweep] top trials:
 trial  env.rewards.stair_climb.weight  env.rewards.base_height_jump.weight  env.curriculum.terrain_levels.params.promote_steps  agent.algorithm.learning_rate  env.rewards.stair_climb.params.growth  env.rewards.jump_lin_vel_z.weight  agent.algorithm.entropy_coef status     metric                                                                                                             log_dir
     0                            23.5                                -15.0                                                 3.0                          0.001                               2.364617                           4.675843                      0.007844     ok 227.195232 /home/lch/Isaac-RL-Two-wheel-Legged-Bot/logs/co_rl/Flamingo_Light_Rough_Stair_Jump/ppo/2026-07-10_10-56-52_sweep000
[sweep] trial 1: {'env.rewards.stair_climb.weight': 23.5, 'env.rewards.base_height_jump.weight': -15.0, 'env.curriculum.terrain_levels.params.promote_steps': 3.0, 'agent.algorithm.learning_rate': 0.001, 'env.rewards.stair_climb.params.growth': 2.356484874974785, 'env.rewards.jump_lin_vel_z.weight': 4.567699594847671, 'agent.algorithm.entropy_coef': 0.00563925930075854}
[sweep]   $ /home/lch/miniconda3/envs/env_isaaclab/bin/python scripts/co_rl/train.py --task Isaac-Velocity-Rough-Flamingo-Light-Stair-Jump-v1-ppo --algo ppo --max_iterations 5000 --run_name sweep001 --param_overrides /home/lch/Isaac-RL-Two-wheel-Legged-Bot/logs/co_rl/Flamingo_Light_Rough_Stair_Jump/ppo/_sweeps/stair_jump_focused2_2026-07-10_10-56-38/sweep001_overrides.json --headless --num_envs 8192 --warmstart_ckpt /home/lch/Isaac-RL-Two-wheel-Legged-Bot/logs/co_rl/Flamingo_Light_Flat_Stand_Drive/ppo/2026-07-02_12-12-49/model_1499.pt
[sweep]   metric=913.348986605255  status=ok

[sweep] top trials:
 trial  env.rewards.stair_climb.weight  env.rewards.base_height_jump.weight  env.curriculum.terrain_levels.params.promote_steps  agent.algorithm.learning_rate  env.rewards.stair_climb.params.growth  env.rewards.jump_lin_vel_z.weight  agent.algorithm.entropy_coef status     metric                                                                                                             log_dir
     1                            23.5                                -15.0                                                 3.0                          0.001                               2.356485                           4.567700                      0.005639     ok 913.348987 /home/lch/Isaac-RL-Two-wheel-Legged-Bot/logs/co_rl/Flamingo_Light_Rough_Stair_Jump/ppo/2026-07-10_13-44-37_sweep001
     0                            23.5                                -15.0                                                 3.0                          0.001                               2.364617                           4.675843                      0.007844     ok 227.195232 /home/lch/Isaac-RL-Two-wheel-Legged-Bot/logs/co_rl/Flamingo_Light_Rough_Stair_Jump/ppo/2026-07-10_10-56-52_sweep000
[sweep] trial 2: {'env.rewards.stair_climb.weight': 23.5, 'env.rewards.base_height_jump.weight': -15.0, 'env.curriculum.terrain_levels.params.promote_steps': 3.0, 'agent.algorithm.learning_rate': 0.001, 'env.rewards.stair_climb.params.growth': 2.440681568189385, 'env.rewards.jump_lin_vel_z.weight': 5.1630833830121095, 'agent.algorithm.entropy_coef': 0.006401210964228409}
[sweep]   $ /home/lch/miniconda3/envs/env_isaaclab/bin/python scripts/co_rl/train.py --task Isaac-Velocity-Rough-Flamingo-Light-Stair-Jump-v1-ppo --algo ppo --max_iterations 5000 --run_name sweep002 --param_overrides /home/lch/Isaac-RL-Two-wheel-Legged-Bot/logs/co_rl/Flamingo_Light_Rough_Stair_Jump/ppo/_sweeps/stair_jump_focused2_2026-07-10_10-56-38/sweep002_overrides.json --headless --num_envs 8192 --warmstart_ckpt /home/lch/Isaac-RL-Two-wheel-Legged-Bot/logs/co_rl/Flamingo_Light_Flat_Stand_Drive/ppo/2026-07-02_12-12-49/model_1499.pt
[sweep]   metric=1768.93285358486  status=ok

[sweep] top trials:
 trial  env.rewards.stair_climb.weight  env.rewards.base_height_jump.weight  env.curriculum.terrain_levels.params.promote_steps  agent.algorithm.learning_rate  env.rewards.stair_climb.params.growth  env.rewards.jump_lin_vel_z.weight  agent.algorithm.entropy_coef status      metric                                                                                                             log_dir
     2                            23.5                                -15.0                                                 3.0                          0.001                               2.440682                           5.163083                      0.006401     ok 1768.932854 /home/lch/Isaac-RL-Two-wheel-Legged-Bot/logs/co_rl/Flamingo_Light_Rough_Stair_Jump/ppo/2026-07-10_16-32-51_sweep002
     1                            23.5                                -15.0                                                 3.0                          0.001                               2.356485                           4.567700                      0.005639     ok  913.348987 /home/lch/Isaac-RL-Two-wheel-Legged-Bot/logs/co_rl/Flamingo_Light_Rough_Stair_Jump/ppo/2026-07-10_13-44-37_sweep001
     0                            23.5                                -15.0                                                 3.0                          0.001                               2.364617                           4.675843                      0.007844     ok  227.195232 /home/lch/Isaac-RL-Two-wheel-Legged-Bot/logs/co_rl/Flamingo_Light_Rough_Stair_Jump/ppo/2026-07-10_10-56-52_sweep000
[sweep] trial 3: {'env.rewards.stair_climb.weight': 23.5, 'env.rewards.base_height_jump.weight': -15.0, 'env.curriculum.terrain_levels.params.promote_steps': 3.0, 'agent.algorithm.learning_rate': 0.001, 'env.rewards.stair_climb.params.growth': 2.5250773828655797, 'env.rewards.jump_lin_vel_z.weight': 4.39044224099638, 'agent.algorithm.entropy_coef': 0.008431076003555393}
[sweep]   $ /home/lch/miniconda3/envs/env_isaaclab/bin/python scripts/co_rl/train.py --task Isaac-Velocity-Rough-Flamingo-Light-Stair-Jump-v1-ppo --algo ppo --max_iterations 5000 --run_name sweep003 --param_overrides /home/lch/Isaac-RL-Two-wheel-Legged-Bot/logs/co_rl/Flamingo_Light_Rough_Stair_Jump/ppo/_sweeps/stair_jump_focused2_2026-07-10_10-56-38/sweep003_overrides.json --headless --num_envs 8192 --warmstart_ckpt /home/lch/Isaac-RL-Two-wheel-Legged-Bot/logs/co_rl/Flamingo_Light_Flat_Stand_Drive/ppo/2026-07-02_12-12-49/model_1499.pt
[sweep]   metric=2520.913952058938  status=ok

[sweep] top trials:
 trial  env.rewards.stair_climb.weight  env.rewards.base_height_jump.weight  env.curriculum.terrain_levels.params.promote_steps  agent.algorithm.learning_rate  env.rewards.stair_climb.params.growth  env.rewards.jump_lin_vel_z.weight  agent.algorithm.entropy_coef status      metric                                                                                                             log_dir
     3                            23.5                                -15.0                                                 3.0                          0.001                               2.525077                           4.390442                      0.008431     ok 2520.913952 /home/lch/Isaac-RL-Two-wheel-Legged-Bot/logs/co_rl/Flamingo_Light_Rough_Stair_Jump/ppo/2026-07-10_19-21-16_sweep003
     2                            23.5                                -15.0                                                 3.0                          0.001                               2.440682                           5.163083                      0.006401     ok 1768.932854 /home/lch/Isaac-RL-Two-wheel-Legged-Bot/logs/co_rl/Flamingo_Light_Rough_Stair_Jump/ppo/2026-07-10_16-32-51_sweep002
     1                            23.5                                -15.0                                                 3.0                          0.001                               2.356485                           4.567700                      0.005639     ok  913.348987 /home/lch/Isaac-RL-Two-wheel-Legged-Bot/logs/co_rl/Flamingo_Light_Rough_Stair_Jump/ppo/2026-07-10_13-44-37_sweep001
     0                            23.5                                -15.0                                                 3.0                          0.001                               2.364617                           4.675843                      0.007844     ok  227.195232 /home/lch/Isaac-RL-Two-wheel-Legged-Bot/logs/co_rl/Flamingo_Light_Rough_Stair_Jump/ppo/2026-07-10_10-56-52_sweep000[I 2026-07-10 22:11:07,049] Trial 3 finished with value: 2520.913952058938 and parameters: {'env.rewards.stair_climb.weight': 23.5, 'env.rewards.base_height_jump.weight': -15.0, 'env.curriculum.terrain_levels.params.promote_steps': 3.0, 'agent.algorithm.learning_rate': 0.001, 'env.rewards.stair_climb.params.growth': 2.5250773828655797, 'env.rewards.jump_lin_vel_z.weight': 4.39044224099638, 'agent.algorithm.entropy_coef': 0.008431076003555393}. Best is trial 3 with value: 2520.913952058938.
[I 2026-07-11 00:59:23,177] Trial 4 finished with value: 1401.3106036438603 and parameters: {'env.rewards.stair_climb.weight': 23.5, 'env.rewards.base_height_jump.weight': -15.0, 'env.curriculum.terrain_levels.params.promote_steps': 3.0, 'agent.algorithm.learning_rate': 0.001, 'env.rewards.stair_climb.params.growth': 2.3899721557755242, 'env.rewards.jump_lin_vel_z.weight': 4.531562060027348, 'agent.algorithm.entropy_coef': 0.007021534148213333}. Best is trial 3 with value: 2520.913952058938.
