nohup: 입력 무시
[I 2026-07-15 10:43:58,651] A new study created in RDB with name: stair_jump_timing_2026-07-15_10-43-58
[I 2026-07-15 13:38:45,009] Trial 0 finished with value: 0.6976048986911774 and parameters: {'env.rewards.stair_climb.weight': 23.5, 'env.rewards.stair_climb.params.growth': 2.5251, 'env.rewards.jump_lin_vel_z.weight': 4.3904, 'env.rewards.base_height_jump.weight': -15.0, 'env.curriculum.terrain_levels.params.promote_steps': 3.0, 'agent.algorithm.entropy_coef': 0.008431, 'agent.algorithm.learning_rate': 0.001, 'env.curriculum.adaptive_reward.params.penalty_budget': 0.572, 'env.curriculum.adaptive_reward.params.g_min': 0.595, 'env.commands.stair_event.y_halfwidth': 0.18018105783987792, 'env.commands.stair_event.step_threshold': 0.027619902609246745, 'env.commands.stair_event.event_during_time': 0.5489280963359036}. Best is trial 0 with value: 0.6976048986911774.
[I 2026-07-15 16:34:33,053] Trial 1 finished with value: 0.7697819255590439 and parameters: {'env.rewards.stair_climb.weight': 23.5, 'env.rewards.stair_climb.params.growth': 2.5251, 'env.rewards.jump_lin_vel_z.weight': 4.3904, 'env.rewards.base_height_jump.weight': -15.0, 'env.curriculum.terrain_levels.params.promote_steps': 3.0, 'agent.algorithm.entropy_coef': 0.008431, 'agent.algorithm.learning_rate': 0.001, 'env.curriculum.adaptive_reward.params.penalty_budget': 0.572, 'env.curriculum.adaptive_reward.params.g_min': 0.595, 'env.commands.stair_event.y_halfwidth': 0.1232601003507543, 'env.commands.stair_event.step_threshold': 0.0339827709452018, 'env.commands.stair_event.event_during_time': 0.5218476761236304}. Best is trial 1 with value: 0.7697819255590439.
[sweep] method=optuna  task=Isaac-Velocity-Rough-Flamingo-Light-Stair-Jump-v1-ppo  max_iterations=5000  metric={'tag_contains': 'terrain_level', 'reduce': 'final_mean', 'tail_frac': 0.2, 'goal': 'max'}
[sweep] results dir: /home/lch/Isaac-RL-Two-wheel-Legged-Bot/logs/co_rl/Flamingo_Light_Rough_Stair_Jump/ppo/_sweeps/stair_jump_timing_2026-07-15_10-43-58
[sweep] optuna: 0 finished trial(s) in store, running 12 more (target 12).
[sweep] trial 0: {'env.rewards.stair_climb.weight': 23.5, 'env.rewards.stair_climb.params.growth': 2.5251, 'env.rewards.jump_lin_vel_z.weight': 4.3904, 'env.rewards.base_height_jump.weight': -15.0, 'env.curriculum.terrain_levels.params.promote_steps': 3.0, 'agent.algorithm.entropy_coef': 0.008431, 'agent.algorithm.learning_rate': 0.001, 'env.curriculum.adaptive_reward.params.penalty_budget': 0.572, 'env.curriculum.adaptive_reward.params.g_min': 0.595, 'env.commands.stair_event.y_halfwidth': 0.18018105783987792, 'env.commands.stair_event.step_threshold': 0.027619902609246745, 'env.commands.stair_event.event_during_time': 0.5489280963359036}
[sweep]   $ /home/lch/miniconda3/envs/env_isaaclab/bin/python scripts/co_rl/train.py --task Isaac-Velocity-Rough-Flamingo-Light-Stair-Jump-v1-ppo --algo ppo --max_iterations 5000 --run_name sweep000 --param_overrides /home/lch/Isaac-RL-Two-wheel-Legged-Bot/logs/co_rl/Flamingo_Light_Rough_Stair_Jump/ppo/_sweeps/stair_jump_timing_2026-07-15_10-43-58/sweep000_overrides.json --headless --num_envs 8192 --adaptive_reward --warmstart_ckpt /home/lch/Isaac-RL-Two-wheel-Legged-Bot/logs/co_rl/Flamingo_Light_Flat_Stand_Drive/ppo/2026-07-02_12-12-49/model_1499.pt
[sweep]   metric=0.6976048986911774  status=ok

[sweep] top trials:
 trial  env.rewards.stair_climb.weight  env.rewards.stair_climb.params.growth  env.rewards.jump_lin_vel_z.weight  env.rewards.base_height_jump.weight  env.curriculum.terrain_levels.params.promote_steps  agent.algorithm.entropy_coef  agent.algorithm.learning_rate  env.curriculum.adaptive_reward.params.penalty_budget  env.curriculum.adaptive_reward.params.g_min  env.commands.stair_event.y_halfwidth  env.commands.stair_event.step_threshold  env.commands.stair_event.event_during_time status   metric                                                                                                             log_dir
     0                            23.5                                 2.5251                             4.3904                                -15.0                                                 3.0                      0.008431                          0.001                                                 0.572                                        0.595                              0.180181                                  0.02762                                    0.548928     ok 0.697605 /home/lch/Isaac-RL-Two-wheel-Legged-Bot/logs/co_rl/Flamingo_Light_Rough_Stair_Jump/ppo/2026-07-15_10-44-11_sweep000
[sweep] trial 1: {'env.rewards.stair_climb.weight': 23.5, 'env.rewards.stair_climb.params.growth': 2.5251, 'env.rewards.jump_lin_vel_z.weight': 4.3904, 'env.rewards.base_height_jump.weight': -15.0, 'env.curriculum.terrain_levels.params.promote_steps': 3.0, 'agent.algorithm.entropy_coef': 0.008431, 'agent.algorithm.learning_rate': 0.001, 'env.curriculum.adaptive_reward.params.penalty_budget': 0.572, 'env.curriculum.adaptive_reward.params.g_min': 0.595, 'env.commands.stair_event.y_halfwidth': 0.1232601003507543, 'env.commands.stair_event.step_threshold': 0.0339827709452018, 'env.commands.stair_event.event_during_time': 0.5218476761236304}
[sweep]   $ /home/lch/miniconda3/envs/env_isaaclab/bin/python scripts/co_rl/train.py --task Isaac-Velocity-Rough-Flamingo-Light-Stair-Jump-v1-ppo --algo ppo --max_iterations 5000 --run_name sweep001 --param_overrides /home/lch/Isaac-RL-Two-wheel-Legged-Bot/logs/co_rl/Flamingo_Light_Rough_Stair_Jump/ppo/_sweeps/stair_jump_timing_2026-07-15_10-43-58/sweep001_overrides.json --headless --num_envs 8192 --adaptive_reward --warmstart_ckpt /home/lch/Isaac-RL-Two-wheel-Legged-Bot/logs/co_rl/Flamingo_Light_Flat_Stand_Drive/ppo/2026-07-02_12-12-49/model_1499.pt
[sweep]   metric=0.7697819255590439  status=ok

[sweep] top trials:
 trial  env.rewards.stair_climb.weight  env.rewards.stair_climb.params.growth  env.rewards.jump_lin_vel_z.weight  env.rewards.base_height_jump.weight  env.curriculum.terrain_levels.params.promote_steps  agent.algorithm.entropy_coef  agent.algorithm.learning_rate  env.curriculum.adaptive_reward.params.penalty_budget  env.curriculum.adaptive_reward.params.g_min  env.commands.stair_event.y_halfwidth  env.commands.stair_event.step_threshold  env.commands.stair_event.event_during_time status   metric                                                                                                             log_dir
     1                            23.5                                 2.5251                             4.3904                                -15.0                                                 3.0                      0.008431                          0.001                                                 0.572                                        0.595                              0.123260                                 0.033983                                    0.521848     ok 0.769782 /home/lch/Isaac-RL-Two-wheel-Legged-Bot/logs/co_rl/Flamingo_Light_Rough_Stair_Jump/ppo/2026-07-15_13-38-56_sweep001
     0                            23.5                                 2.5251                             4.3904                                -15.0                                                 3.0                      0.008431                          0.001                                                 0.572                                        0.595                              0.180181                                 0.027620                                    0.548928     ok 0.697605 /home/lch/Isaac-RL-Two-wheel-Legged-Bot/logs/co_rl/Flamingo_Light_Rough_Stair_Jump/ppo/2026-07-15_10-44-11_sweep000
[sweep] trial 2: {'env.rewards.stair_climb.weight': 23.5, 'env.rewards.stair_climb.params.growth': 2.5251, 'env.rewards.jump_lin_vel_z.weight': 4.3904, 'env.rewards.base_height_jump.weight': -15.0, 'env.curriculum.terrain_levels.params.promote_steps': 3.0, 'agent.algorithm.entropy_coef': 0.008431, 'agent.algorithm.learning_rate': 0.001, 'env.curriculum.adaptive_reward.params.penalty_budget': 0.572, 'env.curriculum.adaptive_reward.params.g_min': 0.595, 'env.commands.stair_event.y_halfwidth': 0.12725354613059017, 'env.commands.stair_event.step_threshold': 0.03522681524652247, 'env.commands.stair_event.event_during_time': 0.5019804819179213}
[sweep]   $ /home/lch/miniconda3/envs/env_isaaclab/bin/python scripts/co_rl/train.py --task Isaac-Velocity-Rough-Flamingo-Light-Stair-Jump-v1-ppo --algo ppo --max_iterations 5000 --run_name sweep002 --param_overrides /home/lch/Isaac-RL-Two-wheel-Legged-Bot/logs/co_rl/Flamingo_Light_Rough_Stair_Jump/ppo/_sweeps/stair_jump_timing_2026-07-15_10-43-58/sweep002_overrides.json --headless --num_envs 8192 --adaptive_reward --warmstart_ckpt /home/lch/Isaac-RL-Two-wheel-Legged-Bot/logs/co_rl/Flamingo_Light_Flat_Stand_Drive/ppo/2026-07-02_12-12-49/model_1499.pt
[sweep]   metric=0.7409199468493461  status=ok

[sweep] top trials:
 trial  env.rewards.stair_climb.weight  env.rewards.stair_climb.params.growth  env.rewards.jump_lin_vel_z.weight  env.rewards.base_height_jump.weight  env.curriculum.terrain_levels.params.promote_steps  agent.algorithm.entropy_coef  agent.algorithm.learning_rate  env.curriculum.adaptive_reward.params.penalty_budget  env.curriculum.adaptive_reward.params.g_min  env.commands.stair_event.y_halfwidth  env.commands.stair_event.step_threshold  env.commands.stair_event.event_during_time status   metric                                                                                                             log_dir
     1                            23.5                                 2.5251                             4.3904                                -15.0                                                 3.0                      0.008431                          0.001                                                 0.572                                        0.595                              0.123260                                 0.033983                                    0.521848     ok 0.769782 /home/lch/Isaac-RL-Two-wheel-Legged-Bot/logs/co_rl/Flamingo_Light_Rough_Stair_Jump/ppo/2026-07-15_13-38-56_sweep001
     2                            23.5                                 2.5251                             4.3904                                -15.0                                                 3.0                      0.008431                          0.001                                                 0.572                                        0.595                              0.127254                                 0.035227                                    0.501980     ok 0.740920 /home/lch/Isaac-RL-Two-wheel-Legged-Bot/logs/co_rl/Flamingo_Light_Rough_Stair_Jump/ppo/2026-07-15_16-34-44_sweep002
     0                            23.5                                 2.5251                             4.3904                                -15.0                                                 3.0                      0.008431                          0.001                                                 0.572                                        0.595                              0.180181                                 0.027620                                    0.548928     ok 0.697605 /home/lch/Isaac-RL-Two-wheel-Legged-Bot/logs/co_rl/Flamingo_Light_Rough_Stair_Jump/ppo/2026-07-15_10-44-11_sweep000[I 2026-07-15 19:28:13,886] Trial 2 finished with value: 0.7409199468493461 and parameters: {'env.rewards.stair_climb.weight': 23.5, 'env.rewards.stair_climb.params.growth': 2.5251, 'env.rewards.jump_lin_vel_z.weight': 4.3904, 'env.rewards.base_height_jump.weight': -15.0, 'env.curriculum.terrain_levels.params.promote_steps': 3.0, 'agent.algorithm.entropy_coef': 0.008431, 'agent.algorithm.learning_rate': 0.001, 'env.curriculum.adaptive_reward.params.penalty_budget': 0.572, 'env.curriculum.adaptive_reward.params.g_min': 0.595, 'env.commands.stair_event.y_halfwidth': 0.12725354613059017, 'env.commands.stair_event.step_threshold': 0.03522681524652247, 'env.commands.stair_event.event_during_time': 0.5019804819179213}. Best is trial 1 with value: 0.7697819255590439.
[I 2026-07-15 22:20:06,359] Trial 3 finished with value: 1.0574860179424286 and parameters: {'env.rewards.stair_climb.weight': 23.5, 'env.rewards.stair_climb.params.growth': 2.5251, 'env.rewards.jump_lin_vel_z.weight': 4.3904, 'env.rewards.base_height_jump.weight': -15.0, 'env.curriculum.terrain_levels.params.promote_steps': 3.0, 'agent.algorithm.entropy_coef': 0.008431, 'agent.algorithm.learning_rate': 0.001, 'env.curriculum.adaptive_reward.params.penalty_budget': 0.572, 'env.curriculum.adaptive_reward.params.g_min': 0.595, 'env.commands.stair_event.y_halfwidth': 0.1652177591992488, 'env.commands.stair_event.step_threshold': 0.049013155630141685, 'env.commands.stair_event.event_during_time': 0.49132422178778745}. Best is trial 3 with value: 1.0574860179424286.

[sweep] trial 3: {'env.rewards.stair_climb.weight': 23.5, 'env.rewards.stair_climb.params.growth': 2.5251, 'env.rewards.jump_lin_vel_z.weight': 4.3904, 'env.rewards.base_height_jump.weight': -15.0, 'env.curriculum.terrain_levels.params.promote_steps': 3.0, 'agent.algorithm.entropy_coef': 0.008431, 'agent.algorithm.learning_rate': 0.001, 'env.curriculum.adaptive_reward.params.penalty_budget': 0.572, 'env.curriculum.adaptive_reward.params.g_min': 0.595, 'env.commands.stair_event.y_halfwidth': 0.1652177591992488, 'env.commands.stair_event.step_threshold': 0.049013155630141685, 'env.commands.stair_event.event_during_time': 0.49132422178778745}
[sweep]   $ /home/lch/miniconda3/envs/env_isaaclab/bin/python scripts/co_rl/train.py --task Isaac-Velocity-Rough-Flamingo-Light-Stair-Jump-v1-ppo --algo ppo --max_iterations 5000 --run_name sweep003 --param_overrides /home/lch/Isaac-RL-Two-wheel-Legged-Bot/logs/co_rl/Flamingo_Light_Rough_Stair_Jump/ppo/_sweeps/stair_jump_timing_2026-07-15_10-43-58/sweep003_overrides.json --headless --num_envs 8192 --adaptive_reward --warmstart_ckpt /home/lch/Isaac-RL-Two-wheel-Legged-Bot/logs/co_rl/Flamingo_Light_Flat_Stand_Drive/ppo/2026-07-02_12-12-49/model_1499.pt
[sweep]   metric=1.0574860179424286  status=ok

[sweep] top trials:
 trial  env.rewards.stair_climb.weight  env.rewards.stair_climb.params.growth  env.rewards.jump_lin_vel_z.weight  env.rewards.base_height_jump.weight  env.curriculum.terrain_levels.params.promote_steps  agent.algorithm.entropy_coef  agent.algorithm.learning_rate  env.curriculum.adaptive_reward.params.penalty_budget  env.curriculum.adaptive_reward.params.g_min  env.commands.stair_event.y_halfwidth  env.commands.stair_event.step_threshold  env.commands.stair_event.event_during_time status   metric                                                                                                             log_dir
     3                            23.5                                 2.5251                             4.3904                                -15.0                                                 3.0                      0.008431                          0.001                                                 0.572                                        0.595                              0.165218                                 0.049013                                    0.491324     ok 1.057486 /home/lch/Isaac-RL-Two-wheel-Legged-Bot/logs/co_rl/Flamingo_Light_Rough_Stair_Jump/ppo/2026-07-15_19-28-30_sweep003
     1                            23.5                                 2.5251                             4.3904                                -15.0                                                 3.0                      0.008431                          0.001                                                 0.572                                        0.595                              0.123260                                 0.033983                                    0.521848     ok 0.769782 /home/lch/Isaac-RL-Two-wheel-Legged-Bot/logs/co_rl/Flamingo_Light_Rough_Stair_Jump/ppo/2026-07-15_13-38-56_sweep001
     2                            23.5                                 2.5251                             4.3904                                -15.0                                                 3.0                      0.008431                          0.001                                                 0.572                                        0.595                              0.127254                                 0.035227                                    0.501980     ok 0.740920 /home/lch/Isaac-RL-Two-wheel-Legged-Bot/logs/co_rl/Flamingo_Light_Rough_Stair_Jump/ppo/2026-07-15_16-34-44_sweep002
     0                            23.5                                 2.5251                             4.3904                                -15.0                                                 3.0                      0.008431                          0.001                                                 0.572                                        0.595                              0.180181                                 0.027620                                    0.548928     ok 0.697605 /home/lch/Isaac-RL-Two-wheel-Legged-Bot/logs/co_rl/Flamingo_Light_Rough_Stair_Jump/ppo/2026-07-15_10-44-11_sweep000
[sweep] trial 4: {'env.rewards.stair_climb.weight': 23.5, 'env.rewards.stair_climb.params.growth': 2.5251, 'env.rewards.jump_lin_vel_z.weight': 4.3904, 'env.rewards.base_height_jump.weight': -15.0, 'env.curriculum.terrain_levels.params.promote_steps': 3.0, 'agent.algorithm.entropy_coef': 0.008431, 'agent.algorithm.learning_rate': 0.001, 'env.curriculum.adaptive_reward.params.penalty_budget': 0.572, 'env.curriculum.adaptive_reward.params.g_min': 0.595, 'env.commands.stair_event.y_halfwidth': 0.13131818252739308, 'env.commands.stair_event.step_threshold': 0.027836592527999263, 'env.commands.stair_event.event_during_time': 0.44357977386930486}
[sweep]   $ /home/lch/miniconda3/envs/env_isaaclab/bin/python scripts/co_rl/train.py --task Isaac-Velocity-Rough-Flamingo-Light-Stair-Jump-v1-ppo --algo ppo --max_iterations 5000 --run_name sweep004 --param_overrides /home/lch/Isaac-RL-Two-wheel-Legged-Bot/logs/co_rl/Flamingo_Light_Rough_Stair_Jump/ppo/_sweeps/stair_jump_timing_2026-07-15_10-43-58/sweep004_overrides.json --headless --num_envs 8192 --adaptive_reward --warmstart_ckpt /home/lch/Isaac-RL-Two-wheel-Legged-Bot/logs/co_rl/Flamingo_Light_Flat_Stand_Drive/ppo/2026-07-02_12-12-49/model_1499.pt
[sweep]   metric=0.777589990735054  status=ok

[sweep] top trials:
 trial  env.rewards.stair_climb.weight  env.rewards.stair_climb.params.growth  env.rewards.jump_lin_vel_z.weight  env.rewards.base_height_jump.weight  env.curriculum.terrain_levels.params.promote_steps  agent.algorithm.entropy_coef  agent.algorithm.learning_rate  env.curriculum.adaptive_reward.params.penalty_budget  env.curriculum.adaptive_reward.params.g_min  env.commands.stair_event.y_halfwidth  env.commands.stair_event.step_threshold  env.commands.stair_event.event_during_time status   metric                                                                                                             log_dir
     3                            23.5                                 2.5251                             4.3904                                -15.0                                                 3.0                      0.008431                          0.001                                                 0.572                                        0.595                              0.165218                                 0.049013                                    0.491324     ok 1.057486 /home/lch/Isaac-RL-Two-wheel-Legged-Bot/logs/co_rl/Flamingo_Light_Rough_Stair_Jump/ppo/2026-07-15_19-28-30_sweep003
     4                            23.5                                 2.5251                             4.3904                                -15.0                                                 3.0                      0.008431                          0.001                                                 0.572                                        0.595                              0.131318                                 0.027837                                    0.443580     ok 0.777590 /home/lch/Isaac-RL-Two-wheel-Legged-Bot/logs/co_rl/Flamingo_Light_Rough_Stair_Jump/ppo/2026-07-15_22-20-19_sweep004
     1                            23.5                                 2.5251                             4.3904                                -15.0                                                 3.0                      0.008431                          0.001                                                 0.572                                        0.595                              0.123260                                 0.033983                                    0.521848     ok 0.769782 /home/lch/Isaac-RL-Two-wheel-Legged-Bot/logs/co_rl/Flamingo_Light_Rough_Stair_Jump/ppo/2026-07-15_13-38-56_sweep001
     2                            23.5                                 2.5251                             4.3904                                -15.0                                                 3.0                      0.008431                          0.001                                                 0.572                                        0.595                              0.127254                                 0.035227                                    0.501980     ok 0.740920 /home/lch/Isaac-RL-Two-wheel-Legged-Bot/logs/co_rl/Flamingo_Light_Rough_Stair_Jump/ppo/2026-07-15_16-34-44_sweep002
