[I 2026-07-10 04:56:01,149] Trial 17 finished with value: 324.9756920663858 and parameters: {'env.rewards.stair_climb.weight': 23.490319449545336, 'env.rewards.stair_climb.params.growth': 2.5, 'env.curriculum.terrain_levels.params.promote_steps': 3.0, 'env.rewards.jump_lin_vel_z.weight': 4.986447879175196, 'env.rewards.base_height_jump.weight': -15.0, 'agent.algorithm.entropy_coef': 0.005151774171102422, 'agent.algorithm.learning_rate': 0.001}. Best is trial 14 with value: 1286.170815162288.

[sweep] trial 17: {'env.rewards.stair_climb.weight': 23.490319449545336, 'env.rewards.stair_climb.params.growth': 2.5, 'env.curriculum.terrain_levels.params.promote_steps': 3.0, 'env.rewards.jump_lin_vel_z.weight': 4.986447879175196, 'env.rewards.base_height_jump.weight': -15.0, 'agent.algorithm.entropy_coef': 0.005151774171102422, 'agent.algorithm.learning_rate': 0.001}
[sweep]   $ /home/lch/miniconda3/envs/env_isaaclab/bin/python scripts/co_rl/train.py --task Isaac-Velocity-Rough-Flamingo-Light-Stair-Jump-v1-ppo --algo ppo --max_iterations 3000 --run_name sweep017 --param_overrides /home/lch/Isaac-RL-Two-wheel-Legged-Bot/logs/co_rl/Flamingo_Light_Rough_Stair_Jump/ppo/_sweeps/stair_jump_focused_auto_2026-07-08_22-32-10/sweep017_overrides.json --headless --num_envs 8192 --warmstart_ckpt /home/lch/Isaac-RL-Two-wheel-Legged-Bot/logs/co_rl/Flamingo_Light_Flat_Stand_Drive/ppo/2026-07-02_12-12-49/model_1499.pt
[sweep]   metric=324.9756920663858  status=ok

[sweep] top trials:
 trial  env.rewards.stair_climb.weight  env.rewards.stair_climb.params.growth  env.curriculum.terrain_levels.params.promote_steps  env.rewards.jump_lin_vel_z.weight  env.rewards.base_height_jump.weight  agent.algorithm.entropy_coef  agent.algorithm.learning_rate status      metric                                                                                                             log_dir
    14                       23.490319                                    2.5                                                 3.0                           4.709634                                -15.0                      0.007203                          0.001     ok 1286.170815 /home/lch/Isaac-RL-Two-wheel-Legged-Bot/logs/co_rl/Flamingo_Light_Rough_Stair_Jump/ppo/2026-07-09_22-12-41_sweep014
     5                       23.490319                                    2.5                                                 3.0                           4.573714                                -15.0                      0.004815                          0.001     ok 1265.009883 /home/lch/Isaac-RL-Two-wheel-Legged-Bot/logs/co_rl/Flamingo_Light_Rough_Stair_Jump/ppo/2026-07-09_06-54-26_sweep005
     4                       23.490319                                    2.0                                                 3.0                           6.543167                                -15.0                      0.006096                          0.001     ok 1109.325874 /home/lch/Isaac-RL-Two-wheel-Legged-Bot/logs/co_rl/Flamingo_Light_Rough_Stair_Jump/ppo/2026-07-09_05-12-42_sweep004
    11                       23.490319                                    2.5                                                 3.0                           6.319029                                -15.0                      0.006307                          0.001     ok  873.762134 /home/lch/Isaac-RL-Two-wheel-Legged-Bot/logs/co_rl/Flamingo_Light_Rough_Stair_Jump/ppo/2026-07-09_17-09-16_sweep011
     9                       23.490319                                    2.0                                                 3.0                           4.892919                                -15.0                      0.012334                          0.001     ok  777.619342 /home/lch/Isaac-RL-Two-wheel-Legged-Bot/logs/co_rl/Flamingo_Light_Rough_Stair_Jump/ppo/2026-07-09_13-43-44_sweep009
     0                       23.490319                                    2.0                                                 3.0                           4.401472                                -15.0                      0.005234                          0.001     ok  511.687064 /home/lch/Isaac-RL-Two-wheel-Legged-Bot/logs/co_rl/Flamingo_Light_Rough_Stair_Jump/ppo/2026-07-08_22-32-30_sweep000
    17                       23.490319                                    2.5                                                 3.0                           4.986448                                -15.0                      0.005152                          0.001     ok  324.975692 /home/lch/Isaac-RL-Two-wheel-Legged-Bot/logs/co_rl/Flamingo_Light_Rough_Stair_Jump/ppo/2026-07-10_03-16-00_sweep017
     6                       23.490319                                    2.0                                                 3.0                           5.588824                                -15.0                      0.012092                          0.001     ok  271.879367 /home/lch/Isaac-RL-Two-wheel-Legged-Bot/logs/co_rl/Flamingo_Light_Rough_Stair_Jump/ppo/2026-07-09_08-35-46_sweep006
     7                       23.490319                                    2.0                                                 3.0                           3.991760                                -15.0                      0.004336                          0.001     ok  263.571187 /home/lch/Isaac-RL-Two-wheel-Legged-Bot/logs/co_rl/Flamingo_Light_Rough_Stair_Jump/ppo/2026-07-09_10-18-05_sweep007
     8                       23.490319                                    1.5                                                 3.0                           5.696235                                -15.0                      0.007715                          0.001     ok  250.519533 /home/lch/Isaac-RL-Two-wheel-Legged-Bot/logs/co_rl/Flamingo_Light_Rough_Stair_Jump/ppo/2026-07-09_12-00-14_sweep008
[sweep] trial 18: {'env.rewards.stair_climb.weight': 23.490319449545336, 'env.rewards.stair_climb.params.growth': 2.5, 'env.curriculum.terrain_levels.params.promote_steps': 3.0, 'env.rewards.jump_lin_vel_z.weight': 5.235093303903093, 'env.rewards.base_height_jump.weight': -15.0, 'agent.algorithm.entropy_coef': 0.0070799005555070614, 'agent.algorithm.learning_rate': 0.001}
[sweep]   $ /home/lch/miniconda3/envs/env_isaaclab/bin/python scripts/co_rl/train.py --task Isaac-Velocity-Rough-Flamingo-Light-Stair-Jump-v1-ppo --algo ppo --max_iterations 3000 --run_name sweep018 --param_overrides /home/lch/Isaac-RL-Two-wheel-Legged-Bot/logs/co_rl/Flamingo_Light_Rough_Stair_Jump/ppo/_sweeps/stair_jump_focused_auto_2026-07-08_22-32-10/sweep018_overrides.json --headless --num_envs 8192 --warmstart_ckpt /home/lch/Isaac-RL-Two-wheel-Legged-Bot/logs/co_rl/Flamingo_Light_Flat_Stand_Drive/ppo/2026-07-02_12-12-49/model_1499.pt
[sweep]   metric=802.4071499895399  status=ok

[sweep] top trials:
 trial  env.rewards.stair_climb.weight  env.rewards.stair_climb.params.growth  env.curriculum.terrain_levels.params.promote_steps  env.rewards.jump_lin_vel_z.weight  env.rewards.base_height_jump.weight  agent.algorithm.entropy_coef  agent.algorithm.learning_rate status      metric                                                                                                             log_dir
    14                       23.490319                                    2.5                                                 3.0                           4.709634                                -15.0                      0.007203                          0.001     ok 1286.170815 /home/lch/Isaac-RL-Two-wheel-Legged-Bot/logs/co_rl/Flamingo_Light_Rough_Stair_Jump/ppo/2026-07-09_22-12-41_sweep014
     5                       23.490319                                    2.5                                                 3.0                           4.573714                                -15.0                      0.004815                          0.001     ok 1265.009883 /home/lch/Isaac-RL-Two-wheel-Legged-Bot/logs/co_rl/Flamingo_Light_Rough_Stair_Jump/ppo/2026-07-09_06-54-26_sweep005
     4                       23.490319                                    2.0                                                 3.0                           6.543167                                -15.0                      0.006096                          0.001     ok 1109.325874 /home/lch/Isaac-RL-Two-wheel-Legged-Bot/logs/co_rl/Flamingo_Light_Rough_Stair_Jump/ppo/2026-07-09_05-12-42_sweep004
    11                       23.490319                                    2.5                                                 3.0                           6.319029                                -15.0                      0.006307                          0.001     ok  873.762134 /home/lch/Isaac-RL-Two-wheel-Legged-Bot/logs/co_rl/Flamingo_Light_Rough_Stair_Jump/ppo/2026-07-09_17-09-16_sweep011
    18                       23.490319                                    2.5                                                 3.0                           5.235093                                -15.0                      0.007080                          0.001     ok  802.407150 /home/lch/Isaac-RL-Two-wheel-Legged-Bot/logs/co_rl/Flamingo_Light_Rough_Stair_Jump/ppo/2026-07-10_04-56-12_sweep018
     9                       23.490319                                    2.0                                                 3.0                           4.892919                                -15.0                      0.012334                          0.001     ok  777.619342 /home/lch/Isaac-RL-Two-wheel-Legged-Bot/logs/co_rl/Flamingo_Light_Rough_Stair_Jump/ppo/2026-07-09_13-43-44_sweep009
     0                       23.490319                                    2.0                                                 3.0                           4.401472                                -15.0                      0.005234                          0.001     ok  511.687064 /home/lch/Isaac-RL-Two-wheel-Legged-Bot/logs/co_rl/Flamingo_Light_Rough_Stair_Jump/ppo/2026-07-08_22-32-30_sweep000
    17                       23.490319                                    2.5                                                 3.0                           4.986448                                -15.0                      0.005152                          0.001     ok  324.975692 /home/lch/Isaac-RL-Two-wheel-Legged-Bot/logs/co_rl/Flamingo_Light_Rough_Stair_Jump/ppo/2026-07-10_03-16-00_sweep017
     6                       23.490319                                    2.0                                                 3.0                           5.588824                                -15.0                      0.012092                          0.001     ok  271.879367 /home/lch/Isaac-RL-Two-wheel-Legged-Bot/logs/co_rl/Flamingo_Light_Rough_Stair_Jump/ppo/2026-07-09_08-35-46_sweep006
     7                       23.490319                                    2.0                                                 3.0                           3.991760                                -15.0                      0.004336                          0.001     ok  263.571187 /home/lch/Isaac-RL-Two-wheel-Legged-Bot/logs/co_rl/Flamingo_Light_Rough_Stair_Jump/ppo/2026-07-09_10-18-05_sweep007[I 2026-07-10 06:37:11,794] Trial 18 finished with value: 802.4071499895399 and parameters: {'env.rewards.stair_climb.weight': 23.490319449545336, 'env.rewards.stair_climb.params.growth': 2.5, 'env.curriculum.terrain_levels.params.promote_steps': 3.0, 'env.rewards.jump_lin_vel_z.weight': 5.235093303903093, 'env.rewards.base_height_jump.weight': -15.0, 'agent.algorithm.entropy_coef': 0.0070799005555070614, 'agent.algorithm.learning_rate': 0.001}. Best is trial 14 with value: 1286.170815162288.
[I 2026-07-10 08:18:25,283] Trial 19 finished with value: 542.3309635218084 and parameters: {'env.rewards.stair_climb.weight': 23.490319449545336, 'env.rewards.stair_climb.params.growth': 1.5, 'env.curriculum.terrain_levels.params.promote_steps': 3.0, 'env.rewards.jump_lin_vel_z.weight': 4.603410111002935, 'env.rewards.base_height_jump.weight': -15.0, 'agent.algorithm.entropy_coef': 0.008697449896192882, 'agent.algorithm.learning_rate': 0.001}. Best is trial 14 with value: 1286.170815162288.

[sweep] trial 19: {'env.rewards.stair_climb.weight': 23.490319449545336, 'env.rewards.stair_climb.params.growth': 1.5, 'env.curriculum.terrain_levels.params.promote_steps': 3.0, 'env.rewards.jump_lin_vel_z.weight': 4.603410111002935, 'env.rewards.base_height_jump.weight': -15.0, 'agent.algorithm.entropy_coef': 0.008697449896192882, 'agent.algorithm.learning_rate': 0.001}
[sweep]   $ /home/lch/miniconda3/envs/env_isaaclab/bin/python scripts/co_rl/train.py --task Isaac-Velocity-Rough-Flamingo-Light-Stair-Jump-v1-ppo --algo ppo --max_iterations 3000 --run_name sweep019 --param_overrides /home/lch/Isaac-RL-Two-wheel-Legged-Bot/logs/co_rl/Flamingo_Light_Rough_Stair_Jump/ppo/_sweeps/stair_jump_focused_auto_2026-07-08_22-32-10/sweep019_overrides.json --headless --num_envs 8192 --warmstart_ckpt /home/lch/Isaac-RL-Two-wheel-Legged-Bot/logs/co_rl/Flamingo_Light_Flat_Stand_Drive/ppo/2026-07-02_12-12-49/model_1499.pt
[sweep]   metric=542.3309635218084  status=ok

[sweep] top trials:
 trial  env.rewards.stair_climb.weight  env.rewards.stair_climb.params.growth  env.curriculum.terrain_levels.params.promote_steps  env.rewards.jump_lin_vel_z.weight  env.rewards.base_height_jump.weight  agent.algorithm.entropy_coef  agent.algorithm.learning_rate status      metric                                                                                                             log_dir
    14                       23.490319                                    2.5                                                 3.0                           4.709634                                -15.0                      0.007203                          0.001     ok 1286.170815 /home/lch/Isaac-RL-Two-wheel-Legged-Bot/logs/co_rl/Flamingo_Light_Rough_Stair_Jump/ppo/2026-07-09_22-12-41_sweep014
     5                       23.490319                                    2.5                                                 3.0                           4.573714                                -15.0                      0.004815                          0.001     ok 1265.009883 /home/lch/Isaac-RL-Two-wheel-Legged-Bot/logs/co_rl/Flamingo_Light_Rough_Stair_Jump/ppo/2026-07-09_06-54-26_sweep005
     4                       23.490319                                    2.0                                                 3.0                           6.543167                                -15.0                      0.006096                          0.001     ok 1109.325874 /home/lch/Isaac-RL-Two-wheel-Legged-Bot/logs/co_rl/Flamingo_Light_Rough_Stair_Jump/ppo/2026-07-09_05-12-42_sweep004
    11                       23.490319                                    2.5                                                 3.0                           6.319029                                -15.0                      0.006307                          0.001     ok  873.762134 /home/lch/Isaac-RL-Two-wheel-Legged-Bot/logs/co_rl/Flamingo_Light_Rough_Stair_Jump/ppo/2026-07-09_17-09-16_sweep011
    18                       23.490319                                    2.5                                                 3.0                           5.235093                                -15.0                      0.007080                          0.001     ok  802.407150 /home/lch/Isaac-RL-Two-wheel-Legged-Bot/logs/co_rl/Flamingo_Light_Rough_Stair_Jump/ppo/2026-07-10_04-56-12_sweep018
     9                       23.490319                                    2.0                                                 3.0                           4.892919                                -15.0                      0.012334                          0.001     ok  777.619342 /home/lch/Isaac-RL-Two-wheel-Legged-Bot/logs/co_rl/Flamingo_Light_Rough_Stair_Jump/ppo/2026-07-09_13-43-44_sweep009
    19                       23.490319                                    1.5                                                 3.0                           4.603410                                -15.0                      0.008697                          0.001     ok  542.330964 /home/lch/Isaac-RL-Two-wheel-Legged-Bot/logs/co_rl/Flamingo_Light_Rough_Stair_Jump/ppo/2026-07-10_06-37-29_sweep019
     0                       23.490319                                    2.0                                                 3.0                           4.401472                                -15.0                      0.005234                          0.001     ok  511.687064 /home/lch/Isaac-RL-Two-wheel-Legged-Bot/logs/co_rl/Flamingo_Light_Rough_Stair_Jump/ppo/2026-07-08_22-32-30_sweep000
    17                       23.490319                                    2.5                                                 3.0                           4.986448                                -15.0                      0.005152                          0.001     ok  324.975692 /home/lch/Isaac-RL-Two-wheel-Legged-Bot/logs/co_rl/Flamingo_Light_Rough_Stair_Jump/ppo/2026-07-10_03-16-00_sweep017
     6                       23.490319                                    2.0                                                 3.0                           5.588824                                -15.0                      0.012092                          0.001     ok  271.879367 /home/lch/Isaac-RL-Two-wheel-Legged-Bot/logs/co_rl/Flamingo_Light_Rough_Stair_Jump/ppo/2026-07-09_08-35-46_sweep006

[sweep] optuna best value=1286.170815162288
[sweep] optuna best params={'env.rewards.stair_climb.weight': 23.490319449545336, 'env.rewards.stair_climb.params.growth': 2.5, 'env.curriculum.terrain_levels.params.promote_steps': 3.0, 'env.rewards.jump_lin_vel_z.weight': 4.7096337281020215, 'env.rewards.base_height_jump.weight': -15.0, 'agent.algorithm.entropy_coef': 0.007202906998523149, 'agent.algorithm.learning_rate': 0.001}
[sweep] resume/inspect: optuna-dashboard sqlite:////home/lch/Isaac-RL-Two-wheel-Legged-Bot/logs/co_rl/Flamingo_Light_Rough_Stair_Jump/ppo/_sweeps/stair_jump_focused_auto_2026-07-08_22-32-10/study.db
