[I 2026-07-21 14:28:18,904] A new study created in RDB with name: stair_jump_stage_sched_2026-07-21_14-28-18
[I 2026-07-21 17:19:07,430] Trial 0 finished with value: 0.8439550557732582 and parameters: {'env.rewards.stair_climb.weight': 23.5, 'env.rewards.base_height_jump.weight': -15.0, 'env.curriculum.terrain_levels.params.promote_steps': 3.0, 'agent.algorithm.entropy_coef': 0.008431, 'agent.algorithm.learning_rate': 0.001, 'env.curriculum.adaptive_reward.params.penalty_budget': 0.572, 'env.curriculum.adaptive_reward.params.g_min': 0.595, 'env.commands.stair_event.y_halfwidth': 0.16468, 'env.commands.stair_event.step_threshold': 0.04151, 'env.commands.stair_event.event_during_time': 0.46799, 'env.curriculum.weight_schedule.params.stages.1.set.jump_lin_vel_z': 8.135329403223002, 'env.curriculum.weight_schedule.params.stages.2.set.jump_lin_vel_z': 11.809002236316381, 'env.curriculum.weight_schedule.params.stages.2.set.stair_climb/growth': 3.0494258549094493, 'env.curriculum.weight_schedule.params.stages.2.set.landing_stability': 10.548455187898906}. Best is trial 0 with value: 0.8439550557732582.
[I 2026-07-21 20:09:23,357] Trial 1 finished with value: 0.7255573214292527 and parameters: {'env.rewards.stair_climb.weight': 23.5, 'env.rewards.base_height_jump.weight': -15.0, 'env.curriculum.terrain_levels.params.promote_steps': 3.0, 'agent.algorithm.entropy_coef': 0.008431, 'agent.algorithm.learning_rate': 0.001, 'env.curriculum.adaptive_reward.params.penalty_budget': 0.572, 'env.curriculum.adaptive_reward.params.g_min': 0.595, 'env.commands.stair_event.y_halfwidth': 0.16468, 'env.commands.stair_event.step_threshold': 0.04151, 'env.commands.stair_event.event_during_time': 0.46799, 'env.curriculum.weight_schedule.params.stages.1.set.jump_lin_vel_z': 6.252307742526719, 'env.curriculum.weight_schedule.params.stages.2.set.jump_lin_vel_z': 13.623424144930386, 'env.curriculum.weight_schedule.params.stages.2.set.stair_climb/growth': 2.9257192690113585, 'env.curriculum.weight_schedule.params.stages.2.set.landing_stability': 8.645203220578827}. Best is trial 0 with value: 0.8439550557732582.
[sweep] method=optuna  task=Isaac-Velocity-Rough-Flamingo-Light-Stair-Jump-v1-ppo  max_iterations=5000  metric={'tag_contains': 'terrain_level', 'reduce': 'final_mean', 'tail_frac': 0.2, 'goal': 'max'}
[sweep] results dir: /home/lch/Isaac-RL-Two-wheel-Legged-Bot/logs/co_rl/Flamingo_Light_Rough_Stair_Jump/ppo/_sweeps/stair_jump_stage_sched_2026-07-21_14-28-18
[sweep] optuna: 0 finished trial(s) in store, running 10 more (target 10).
[sweep] trial 0: {'env.rewards.stair_climb.weight': 23.5, 'env.rewards.base_height_jump.weight': -15.0, 'env.curriculum.terrain_levels.params.promote_steps': 3.0, 'agent.algorithm.entropy_coef': 0.008431, 'agent.algorithm.learning_rate': 0.001, 'env.curriculum.adaptive_reward.params.penalty_budget': 0.572, 'env.curriculum.adaptive_reward.params.g_min': 0.595, 'env.commands.stair_event.y_halfwidth': 0.16468, 'env.commands.stair_event.step_threshold': 0.04151, 'env.commands.stair_event.event_during_time': 0.46799, 'env.curriculum.weight_schedule.params.stages.1.set.jump_lin_vel_z': 8.135329403223002, 'env.curriculum.weight_schedule.params.stages.2.set.jump_lin_vel_z': 11.809002236316381, 'env.curriculum.weight_schedule.params.stages.2.set.stair_climb/growth': 3.0494258549094493, 'env.curriculum.weight_schedule.params.stages.2.set.landing_stability': 10.548455187898906}
[sweep]   $ /home/lch/miniconda3/envs/env_isaaclab/bin/python scripts/co_rl/train.py --task Isaac-Velocity-Rough-Flamingo-Light-Stair-Jump-v1-ppo --algo ppo --max_iterations 5000 --run_name sweep000 --param_overrides /home/lch/Isaac-RL-Two-wheel-Legged-Bot/logs/co_rl/Flamingo_Light_Rough_Stair_Jump/ppo/_sweeps/stair_jump_stage_sched_2026-07-21_14-28-18/sweep000_overrides.json --headless --num_envs 8192 --adaptive_reward --weight_schedule --warmstart_ckpt /home/lch/Isaac-RL-Two-wheel-Legged-Bot/logs/co_rl/Flamingo_Light_Flat_Stand_Drive/ppo/2026-07-02_12-12-49/model_1499.pt
[sweep]   metric=0.8439550557732582  status=ok

[sweep] top trials:
 trial  env.rewards.stair_climb.weight  env.rewards.base_height_jump.weight  env.curriculum.terrain_levels.params.promote_steps  agent.algorithm.entropy_coef  agent.algorithm.learning_rate  env.curriculum.adaptive_reward.params.penalty_budget  env.curriculum.adaptive_reward.params.g_min  env.commands.stair_event.y_halfwidth  env.commands.stair_event.step_threshold  env.commands.stair_event.event_during_time  env.curriculum.weight_schedule.params.stages.1.set.jump_lin_vel_z  env.curriculum.weight_schedule.params.stages.2.set.jump_lin_vel_z  env.curriculum.weight_schedule.params.stages.2.set.stair_climb/growth  env.curriculum.weight_schedule.params.stages.2.set.landing_stability status   metric                                                                                                             log_dir
     0                            23.5                                -15.0                                                 3.0                      0.008431                          0.001                                                 0.572                                        0.595                               0.16468                                  0.04151                                     0.46799                                                           8.135329                                                          11.809002                                                               3.049426                                                             10.548455     ok 0.843955 /home/lch/Isaac-RL-Two-wheel-Legged-Bot/logs/co_rl/Flamingo_Light_Rough_Stair_Jump/ppo/2026-07-21_14-28-28_sweep000
[sweep] trial 1: {'env.rewards.stair_climb.weight': 23.5, 'env.rewards.base_height_jump.weight': -15.0, 'env.curriculum.terrain_levels.params.promote_steps': 3.0, 'agent.algorithm.entropy_coef': 0.008431, 'agent.algorithm.learning_rate': 0.001, 'env.curriculum.adaptive_reward.params.penalty_budget': 0.572, 'env.curriculum.adaptive_reward.params.g_min': 0.595, 'env.commands.stair_event.y_halfwidth': 0.16468, 'env.commands.stair_event.step_threshold': 0.04151, 'env.commands.stair_event.event_during_time': 0.46799, 'env.curriculum.weight_schedule.params.stages.1.set.jump_lin_vel_z': 6.252307742526719, 'env.curriculum.weight_schedule.params.stages.2.set.jump_lin_vel_z': 13.623424144930386, 'env.curriculum.weight_schedule.params.stages.2.set.stair_climb/growth': 2.9257192690113585, 'env.curriculum.weight_schedule.params.stages.2.set.landing_stability': 8.645203220578827}
[sweep]   $ /home/lch/miniconda3/envs/env_isaaclab/bin/python scripts/co_rl/train.py --task Isaac-Velocity-Rough-Flamingo-Light-Stair-Jump-v1-ppo --algo ppo --max_iterations 5000 --run_name sweep001 --param_overrides /home/lch/Isaac-RL-Two-wheel-Legged-Bot/logs/co_rl/Flamingo_Light_Rough_Stair_Jump/ppo/_sweeps/stair_jump_stage_sched_2026-07-21_14-28-18/sweep001_overrides.json --headless --num_envs 8192 --adaptive_reward --weight_schedule --warmstart_ckpt /home/lch/Isaac-RL-Two-wheel-Legged-Bot/logs/co_rl/Flamingo_Light_Flat_Stand_Drive/ppo/2026-07-02_12-12-49/model_1499.pt
[sweep]   metric=0.7255573214292527  status=ok

[sweep] top trials:
 trial  env.rewards.stair_climb.weight  env.rewards.base_height_jump.weight  env.curriculum.terrain_levels.params.promote_steps  agent.algorithm.entropy_coef  agent.algorithm.learning_rate  env.curriculum.adaptive_reward.params.penalty_budget  env.curriculum.adaptive_reward.params.g_min  env.commands.stair_event.y_halfwidth  env.commands.stair_event.step_threshold  env.commands.stair_event.event_during_time  env.curriculum.weight_schedule.params.stages.1.set.jump_lin_vel_z  env.curriculum.weight_schedule.params.stages.2.set.jump_lin_vel_z  env.curriculum.weight_schedule.params.stages.2.set.stair_climb/growth  env.curriculum.weight_schedule.params.stages.2.set.landing_stability status   metric                                                                                                             log_dir
     0                            23.5                                -15.0                                                 3.0                      0.008431                          0.001                                                 0.572                                        0.595                               0.16468                                  0.04151                                     0.46799                                                           8.135329                                                          11.809002                                                               3.049426                                                             10.548455     ok 0.843955 /home/lch/Isaac-RL-Two-wheel-Legged-Bot/logs/co_rl/Flamingo_Light_Rough_Stair_Jump/ppo/2026-07-21_14-28-28_sweep000
     1                            23.5                                -15.0                                                 3.0                      0.008431                          0.001                                                 0.572                                        0.595                               0.16468                                  0.04151                                     0.46799                                                           6.252308                                                          13.623424                                                               2.925719                                                              8.645203     ok 0.725557 /home/lch/Isaac-RL-Two-wheel-Legged-Bot/logs/co_rl/Flamingo_Light_Rough_Stair_Jump/ppo/2026-07-21_17-19-19_sweep001
[sweep] trial 2: {'env.rewards.stair_climb.weight': 23.5, 'env.rewards.base_height_jump.weight': -15.0, 'env.curriculum.terrain_levels.params.promote_steps': 3.0, 'agent.algorithm.entropy_coef': 0.008431, 'agent.algorithm.learning_rate': 0.001, 'env.curriculum.adaptive_reward.params.penalty_budget': 0.572, 'env.curriculum.adaptive_reward.params.g_min': 0.595, 'env.commands.stair_event.y_halfwidth': 0.16468, 'env.commands.stair_event.step_threshold': 0.04151, 'env.commands.stair_event.event_during_time': 0.46799, 'env.curriculum.weight_schedule.params.stages.1.set.jump_lin_vel_z': 8.65088915974079, 'env.curriculum.weight_schedule.params.stages.2.set.jump_lin_vel_z': 10.730023513560674, 'env.curriculum.weight_schedule.params.stages.2.set.stair_climb/growth': 3.204760604422275, 'env.curriculum.weight_schedule.params.stages.2.set.landing_stability': 6.509447728768201}[I 2026-07-21 22:58:48,267] Trial 2 finished with value: 0.9481712339520454 and parameters: {'env.rewards.stair_climb.weight': 23.5, 'env.rewards.base_height_jump.weight': -15.0, 'env.curriculum.terrain_levels.params.promote_steps': 3.0, 'agent.algorithm.entropy_coef': 0.008431, 'agent.algorithm.learning_rate': 0.001, 'env.curriculum.adaptive_reward.params.penalty_budget': 0.572, 'env.curriculum.adaptive_reward.params.g_min': 0.595, 'env.commands.stair_event.y_halfwidth': 0.16468, 'env.commands.stair_event.step_threshold': 0.04151, 'env.commands.stair_event.event_during_time': 0.46799, 'env.curriculum.weight_schedule.params.stages.1.set.jump_lin_vel_z': 8.65088915974079, 'env.curriculum.weight_schedule.params.stages.2.set.jump_lin_vel_z': 10.730023513560674, 'env.curriculum.weight_schedule.params.stages.2.set.stair_climb/growth': 3.204760604422275, 'env.curriculum.weight_schedule.params.stages.2.set.landing_stability': 6.509447728768201}. Best is trial 2 with value: 0.9481712339520454.

[sweep]   $ /home/lch/miniconda3/envs/env_isaaclab/bin/python scripts/co_rl/train.py --task Isaac-Velocity-Rough-Flamingo-Light-Stair-Jump-v1-ppo --algo ppo --max_iterations 5000 --run_name sweep002 --param_overrides /home/lch/Isaac-RL-Two-wheel-Legged-Bot/logs/co_rl/Flamingo_Light_Rough_Stair_Jump/ppo/_sweeps/stair_jump_stage_sched_2026-07-21_14-28-18/sweep002_overrides.json --headless --num_envs 8192 --adaptive_reward --weight_schedule --warmstart_ckpt /home/lch/Isaac-RL-Two-wheel-Legged-Bot/logs/co_rl/Flamingo_Light_Flat_Stand_Drive/ppo/2026-07-02_12-12-49/model_1499.pt
[sweep]   metric=0.9481712339520454  status=ok

[sweep] top trials:
 trial  env.rewards.stair_climb.weight  env.rewards.base_height_jump.weight  env.curriculum.terrain_levels.params.promote_steps  agent.algorithm.entropy_coef  agent.algorithm.learning_rate  env.curriculum.adaptive_reward.params.penalty_budget  env.curriculum.adaptive_reward.params.g_min  env.commands.stair_event.y_halfwidth  env.commands.stair_event.step_threshold  env.commands.stair_event.event_during_time  env.curriculum.weight_schedule.params.stages.1.set.jump_lin_vel_z  env.curriculum.weight_schedule.params.stages.2.set.jump_lin_vel_z  env.curriculum.weight_schedule.params.stages.2.set.stair_climb/growth  env.curriculum.weight_schedule.params.stages.2.set.landing_stability status   metric                                                                                                             log_dir
     2                            23.5                                -15.0                                                 3.0                      0.008431                          0.001                                                 0.572                                        0.595                               0.16468                                  0.04151                                     0.46799                                                           8.650889                                                          10.730024                                                               3.204761                                                              6.509448     ok 0.948171 /home/lch/Isaac-RL-Two-wheel-Legged-Bot/logs/co_rl/Flamingo_Light_Rough_Stair_Jump/ppo/2026-07-21_20-09-32_sweep002
     0                            23.5                                -15.0                                                 3.0                      0.008431                          0.001                                                 0.572                                        0.595                               0.16468                                  0.04151                                     0.46799                                                           8.135329                                                          11.809002                                                               3.049426                                                             10.548455     ok 0.843955 /home/lch/Isaac-RL-Two-wheel-Legged-Bot/logs/co_rl/Flamingo_Light_Rough_Stair_Jump/ppo/2026-07-21_14-28-28_sweep000
     1                            23.5                                -15.0                                                 3.0                      0.008431                          0.001                                                 0.572                                        0.595                               0.16468                                  0.04151                                     0.46799                                                           6.252308                                                          13.623424                                                               2.925719                                                              8.645203     ok 0.725557 /home/lch/Isaac-RL-Two-wheel-Legged-Bot/logs/co_rl/Flamingo_Light_Rough_Stair_Jump/ppo/2026-07-21_17-19-19_sweep001
[sweep] trial 3: {'env.rewards.stair_climb.weight': 23.5, 'env.rewards.base_height_jump.weight': -15.0, 'env.curriculum.terrain_levels.params.promote_steps': 3.0, 'agent.algorithm.entropy_coef': 0.008431, 'agent.algorithm.learning_rate': 0.001, 'env.curriculum.adaptive_reward.params.penalty_budget': 0.572, 'env.curriculum.adaptive_reward.params.g_min': 0.595, 'env.commands.stair_event.y_halfwidth': 0.16468, 'env.commands.stair_event.step_threshold': 0.04151, 'env.commands.stair_event.event_during_time': 0.46799, 'env.curriculum.weight_schedule.params.stages.1.set.jump_lin_vel_z': 6.70539916426215, 'env.curriculum.weight_schedule.params.stages.2.set.jump_lin_vel_z': 12.474301758163232, 'env.curriculum.weight_schedule.params.stages.2.set.stair_climb/growth': 3.420248837366474, 'env.curriculum.weight_schedule.params.stages.2.set.landing_stability': 7.941994961404023}
[sweep]   $ /home/lch/miniconda3/envs/env_isaaclab/bin/python scripts/co_rl/train.py --task Isaac-Velocity-Rough-Flamingo-Light-Stair-Jump-v1-ppo --algo ppo --max_iterations 5000 --run_name sweep003 --param_overrides /home/lch/Isaac-RL-Two-wheel-Legged-Bot/logs/co_rl/Flamingo_Light_Rough_Stair_Jump/ppo/_sweeps/stair_jump_stage_sched_2026-07-21_14-28-18/sweep003_overrides.json --headless --num_envs 8192 --adaptive_reward --weight_schedule --warmstart_ckpt /home/lch/Isaac-RL-Two-wheel-Legged-Bot/logs/co_rl/Flamingo_Light_Flat_Stand_Drive/ppo/2026-07-02_12-12-49/model_1499.pt
[sweep]   metric=0.7593792365193367  status=ok

[sweep] top trials:
 trial  env.rewards.stair_climb.weight  env.rewards.base_height_jump.weight  env.curriculum.terrain_levels.params.promote_steps  agent.algorithm.entropy_coef  agent.algorithm.learning_rate  env.curriculum.adaptive_reward.params.penalty_budget  env.curriculum.adaptive_reward.params.g_min  env.commands.stair_event.y_halfwidth  env.commands.stair_event.step_threshold  env.commands.stair_event.event_during_time  env.curriculum.weight_schedule.params.stages.1.set.jump_lin_vel_z  env.curriculum.weight_schedule.params.stages.2.set.jump_lin_vel_z  env.curriculum.weight_schedule.params.stages.2.set.stair_climb/growth  env.curriculum.weight_schedule.params.stages.2.set.landing_stability status   metric                                                                                                             log_dir
     2                            23.5                                -15.0                                                 3.0                      0.008431                          0.001                                                 0.572                                        0.595                               0.16468                                  0.04151                                     0.46799                                                           8.650889                                                          10.730024                                                               3.204761                                                              6.509448     ok 0.948171 /home/lch/Isaac-RL-Two-wheel-Legged-Bot/logs/co_rl/Flamingo_Light_Rough_Stair_Jump/ppo/2026-07-21_20-09-32_sweep002
     0                            23.5                                -15.0                                                 3.0                      0.008431                          0.001                                                 0.572                                        0.595                               0.16468                                  0.04151                                     0.46799                                                           8.135329                                                          11.809002                                                               3.049426                                                             10.548455     ok 0.843955 /home/lch/Isaac-RL-Two-wheel-Legged-Bot/logs/co_rl/Flamingo_Light_Rough_Stair_Jump/ppo/2026-07-21_14-28-28_sweep000
     3                            23.5                                -15.0                                                 3.0                      0.008431                          0.001                                                 0.572                                        0.595                               0.16468                                  0.04151                                     0.46799                                                           6.705399                                                          12.474302                                                               3.420249                                                              7.941995     ok 0.759379 /home/lch/Isaac-RL-Two-wheel-Legged-Bot/logs/co_rl/Flamingo_Light_Rough_Stair_Jump/ppo/2026-07-21_22-58-57_sweep003
