[I 2026-07-18 04:21:28,537] Trial 10 finished with value: 0.6858747415542602 and parameters: {'env.rewards.stair_climb.weight': 23.5, 'env.rewards.stair_climb.params.growth': 2.5251, 'env.rewards.jump_lin_vel_z.weight': 4.3904, 'env.rewards.base_height_jump.weight': -15.0, 'env.curriculum.terrain_levels.params.promote_steps': 3.0, 'agent.algorithm.entropy_coef': 0.008431, 'agent.algorithm.learning_rate': 0.001, 'env.curriculum.adaptive_reward.params.penalty_budget': 0.572, 'env.curriculum.adaptive_reward.params.g_min': 0.595, 'env.commands.stair_event.y_halfwidth': 0.1232601003507543, 'env.commands.stair_event.step_threshold': 0.0339827709452018, 'env.commands.stair_event.event_during_time': 0.5218476761236304}. Best is trial 3 with value: 1.0574860179424286.
[sweep] method=optuna  task=Isaac-Velocity-Rough-Flamingo-Light-Stair-Jump-v1-ppo  max_iterations=5000  metric={'tag_contains': 'terrain_level', 'reduce': 'final_mean', 'tail_frac': 0.2, 'goal': 'max'}
[sweep] results dir: /home/lch/Isaac-RL-Two-wheel-Legged-Bot/logs/co_rl/Flamingo_Light_Rough_Stair_Jump/ppo/_sweeps/stair_jump_timing_2026-07-15_10-43-58
[sweep] optuna: 8 finished trial(s) in store, running 4 more (target 12).
[sweep] trial 9: {'env.rewards.stair_climb.weight': 23.5, 'env.rewards.stair_climb.params.growth': 2.5251, 'env.rewards.jump_lin_vel_z.weight': 4.3904, 'env.rewards.base_height_jump.weight': -15.0, 'env.curriculum.terrain_levels.params.promote_steps': 3.0, 'agent.algorithm.entropy_coef': 0.008431, 'agent.algorithm.learning_rate': 0.001, 'env.curriculum.adaptive_reward.params.penalty_budget': 0.572, 'env.curriculum.adaptive_reward.params.g_min': 0.595, 'env.commands.stair_event.y_halfwidth': 0.18018105783987792, 'env.commands.stair_event.step_threshold': 0.027619902609246745, 'env.commands.stair_event.event_during_time': 0.5489280963359036}
[sweep]   $ /home/lch/miniconda3/envs/env_isaaclab/bin/python scripts/co_rl/train.py --task Isaac-Velocity-Rough-Flamingo-Light-Stair-Jump-v1-ppo --algo ppo --max_iterations 5000 --run_name sweep009 --param_overrides /home/lch/Isaac-RL-Two-wheel-Legged-Bot/logs/co_rl/Flamingo_Light_Rough_Stair_Jump/ppo/_sweeps/stair_jump_timing_2026-07-15_10-43-58/sweep009_overrides.json --headless --num_envs 8192 --adaptive_reward --warmstart_ckpt /home/lch/Isaac-RL-Two-wheel-Legged-Bot/logs/co_rl/Flamingo_Light_Flat_Stand_Drive/ppo/2026-07-02_12-12-49/model_1499.pt
[sweep]   metric=0.9543535459637642  status=ok

[sweep] top trials:
 trial  env.rewards.stair_climb.weight  env.rewards.stair_climb.params.growth  env.rewards.jump_lin_vel_z.weight  env.rewards.base_height_jump.weight  env.curriculum.terrain_levels.params.promote_steps  agent.algorithm.entropy_coef  agent.algorithm.learning_rate  env.curriculum.adaptive_reward.params.penalty_budget  env.curriculum.adaptive_reward.params.g_min  env.commands.stair_event.y_halfwidth  env.commands.stair_event.step_threshold  env.commands.stair_event.event_during_time status   metric                                                                                                             log_dir
     9                            23.5                                 2.5251                             4.3904                                -15.0                                                 3.0                      0.008431                          0.001                                                 0.572                                        0.595                              0.180181                                  0.02762                                    0.548928     ok 0.954354 /home/lch/Isaac-RL-Two-wheel-Legged-Bot/logs/co_rl/Flamingo_Light_Rough_Stair_Jump/ppo/2026-07-17_22-43-18_sweep009
[sweep] trial 10: {'env.rewards.stair_climb.weight': 23.5, 'env.rewards.stair_climb.params.growth': 2.5251, 'env.rewards.jump_lin_vel_z.weight': 4.3904, 'env.rewards.base_height_jump.weight': -15.0, 'env.curriculum.terrain_levels.params.promote_steps': 3.0, 'agent.algorithm.entropy_coef': 0.008431, 'agent.algorithm.learning_rate': 0.001, 'env.curriculum.adaptive_reward.params.penalty_budget': 0.572, 'env.curriculum.adaptive_reward.params.g_min': 0.595, 'env.commands.stair_event.y_halfwidth': 0.1232601003507543, 'env.commands.stair_event.step_threshold': 0.0339827709452018, 'env.commands.stair_event.event_during_time': 0.5218476761236304}
[sweep]   $ /home/lch/miniconda3/envs/env_isaaclab/bin/python scripts/co_rl/train.py --task Isaac-Velocity-Rough-Flamingo-Light-Stair-Jump-v1-ppo --algo ppo --max_iterations 5000 --run_name sweep010 --param_overrides /home/lch/Isaac-RL-Two-wheel-Legged-Bot/logs/co_rl/Flamingo_Light_Rough_Stair_Jump/ppo/_sweeps/stair_jump_timing_2026-07-15_10-43-58/sweep010_overrides.json --headless --num_envs 8192 --adaptive_reward --warmstart_ckpt /home/lch/Isaac-RL-Two-wheel-Legged-Bot/logs/co_rl/Flamingo_Light_Flat_Stand_Drive/ppo/2026-07-02_12-12-49/model_1499.pt
[sweep]   metric=0.6858747415542602  status=ok

[sweep] top trials:
 trial  env.rewards.stair_climb.weight  env.rewards.stair_climb.params.growth  env.rewards.jump_lin_vel_z.weight  env.rewards.base_height_jump.weight  env.curriculum.terrain_levels.params.promote_steps  agent.algorithm.entropy_coef  agent.algorithm.learning_rate  env.curriculum.adaptive_reward.params.penalty_budget  env.curriculum.adaptive_reward.params.g_min  env.commands.stair_event.y_halfwidth  env.commands.stair_event.step_threshold  env.commands.stair_event.event_during_time status   metric                                                                                                             log_dir
     9                            23.5                                 2.5251                             4.3904                                -15.0                                                 3.0                      0.008431                          0.001                                                 0.572                                        0.595                              0.180181                                 0.027620                                    0.548928     ok 0.954354 /home/lch/Isaac-RL-Two-wheel-Legged-Bot/logs/co_rl/Flamingo_Light_Rough_Stair_Jump/ppo/2026-07-17_22-43-18_sweep009
    10                            23.5                                 2.5251                             4.3904                                -15.0                                                 3.0                      0.008431                          0.001                                                 0.572                                        0.595                              0.123260                                 0.033983                                    0.521848     ok 0.685875 /home/lch/Isaac-RL-Two-wheel-Legged-Bot/logs/co_rl/Flamingo_Light_Rough_Stair_Jump/ppo/2026-07-18_01-33-09_sweep010
[sweep] trial 11: {'env.rewards.stair_climb.weight': 23.5, 'env.rewards.stair_climb.params.growth': 2.5251, 'env.rewards.jump_lin_vel_z.weight': 4.3904, 'env.rewards.base_height_jump.weight': -15.0, 'env.curriculum.terrain_levels.params.promote_steps': 3.0, 'agent.algorithm.entropy_coef': 0.008431, 'agent.algorithm.learning_rate': 0.001, 'env.curriculum.adaptive_reward.params.penalty_budget': 0.572, 'env.curriculum.adaptive_reward.params.g_min': 0.595, 'env.commands.stair_event.y_halfwidth': 0.08757182383916576, 'env.commands.stair_event.step_threshold': 0.048522945251531675, 'env.commands.stair_event.event_during_time': 0.4264622725006685}
[sweep]   $ /home/lch/miniconda3/envs/env_isaaclab/bin/python scripts/co_rl/train.py --task Isaac-Velocity-Rough-Flamingo-Light-Stair-Jump-v1-ppo --algo ppo --max_iterations 5000 --run_name sweep011 --param_overrides /home/lch/Isaac-RL-Two-wheel-Legged-Bot/logs/co_rl/Flamingo_Light_Rough_Stair_Jump/ppo/_sweeps/stair_jump_timing_2026-07-15_10-43-58/sweep011_overrides.json --headless --num_envs 8192 --adaptive_reward --warmstart_ckpt /home/lch/Isaac-RL-Two-wheel-Legged-Bot/logs/co_rl/Flamingo_Light_Flat_Stand_Drive/ppo/2026-07-02_12-12-49/model_1499.pt
[sweep]   metric=0.6903801417946815  status=ok

[sweep] top trials:
 trial  env.rewards.stair_climb.weight  env.rewards.stair_climb.params.growth  env.rewards.jump_lin_vel_z.weight  env.rewards.base_height_jump.weight  env.curriculum.terrain_levels.params.promote_steps  agent.algorithm.entropy_coef  agent.algorithm.learning_rate  env.curriculum.adaptive_reward.params.penalty_budget  env.curriculum.adaptive_reward.params.g_min  env.commands.stair_event.y_halfwidth  env.commands.stair_event.step_threshold  env.commands.stair_event.event_during_time status   metric                                                                                                             log_dir
     9                            23.5                                 2.5251                             4.3904                                -15.0                                                 3.0                      0.008431                          0.001                                                 0.572                                        0.595                              0.180181                                 0.027620                                    0.548928     ok 0.954354 /home/lch/Isaac-RL-Two-wheel-Legged-Bot/logs/co_rl/Flamingo_Light_Rough_Stair_Jump/ppo/2026-07-17_22-43-18_sweep009
    11                            23.5                                 2.5251                             4.3904                                -15.0                                                 3.0                      0.008431                          0.001                                                 0.572                                        0.595                              0.087572                                 0.048523                                    0.426462     ok 0.690380 /home/lch/Isaac-RL-Two-wheel-Legged-Bot/logs/co_rl/Flamingo_Light_Rough_Stair_Jump/ppo/2026-07-18_04-21-39_sweep011
    10                            23.5                                 2.5251                             4.3904                                -15.0                                                 3.0                      0.008431                          0.001                                                 0.572                                        0.595                              0.123260                                 0.033983                                    0.521848     ok 0.685875 /home/lch/Isaac-RL-Two-wheel-Legged-Bot/logs/co_rl/Flamingo_Light_Rough_Stair_Jump/ppo/2026-07-18_01-33-09_sweep010[I 2026-07-18 07:11:11,989] Trial 11 finished with value: 0.6903801417946815 and parameters: {'env.rewards.stair_climb.weight': 23.5, 'env.rewards.stair_climb.params.growth': 2.5251, 'env.rewards.jump_lin_vel_z.weight': 4.3904, 'env.rewards.base_height_jump.weight': -15.0, 'env.curriculum.terrain_levels.params.promote_steps': 3.0, 'agent.algorithm.entropy_coef': 0.008431, 'agent.algorithm.learning_rate': 0.001, 'env.curriculum.adaptive_reward.params.penalty_budget': 0.572, 'env.curriculum.adaptive_reward.params.g_min': 0.595, 'env.commands.stair_event.y_halfwidth': 0.08757182383916576, 'env.commands.stair_event.step_threshold': 0.048522945251531675, 'env.commands.stair_event.event_during_time': 0.4264622725006685}. Best is trial 3 with value: 1.0574860179424286.
[I 2026-07-18 10:01:43,967] Trial 12 finished with value: 1.3443277109861373 and parameters: {'env.rewards.stair_climb.weight': 23.5, 'env.rewards.stair_climb.params.growth': 2.5251, 'env.rewards.jump_lin_vel_z.weight': 4.3904, 'env.rewards.base_height_jump.weight': -15.0, 'env.curriculum.terrain_levels.params.promote_steps': 3.0, 'agent.algorithm.entropy_coef': 0.008431, 'agent.algorithm.learning_rate': 0.001, 'env.curriculum.adaptive_reward.params.penalty_budget': 0.572, 'env.curriculum.adaptive_reward.params.g_min': 0.595, 'env.commands.stair_event.y_halfwidth': 0.16467576835757058, 'env.commands.stair_event.step_threshold': 0.041511286630781796, 'env.commands.stair_event.event_during_time': 0.4679925632356595}. Best is trial 12 with value: 1.3443277109861373.

[sweep] trial 12: {'env.rewards.stair_climb.weight': 23.5, 'env.rewards.stair_climb.params.growth': 2.5251, 'env.rewards.jump_lin_vel_z.weight': 4.3904, 'env.rewards.base_height_jump.weight': -15.0, 'env.curriculum.terrain_levels.params.promote_steps': 3.0, 'agent.algorithm.entropy_coef': 0.008431, 'agent.algorithm.learning_rate': 0.001, 'env.curriculum.adaptive_reward.params.penalty_budget': 0.572, 'env.curriculum.adaptive_reward.params.g_min': 0.595, 'env.commands.stair_event.y_halfwidth': 0.16467576835757058, 'env.commands.stair_event.step_threshold': 0.041511286630781796, 'env.commands.stair_event.event_during_time': 0.4679925632356595}
[sweep]   $ /home/lch/miniconda3/envs/env_isaaclab/bin/python scripts/co_rl/train.py --task Isaac-Velocity-Rough-Flamingo-Light-Stair-Jump-v1-ppo --algo ppo --max_iterations 5000 --run_name sweep012 --param_overrides /home/lch/Isaac-RL-Two-wheel-Legged-Bot/logs/co_rl/Flamingo_Light_Rough_Stair_Jump/ppo/_sweeps/stair_jump_timing_2026-07-15_10-43-58/sweep012_overrides.json --headless --num_envs 8192 --adaptive_reward --warmstart_ckpt /home/lch/Isaac-RL-Two-wheel-Legged-Bot/logs/co_rl/Flamingo_Light_Flat_Stand_Drive/ppo/2026-07-02_12-12-49/model_1499.pt
[sweep]   metric=1.3443277109861373  status=ok

[sweep] top trials:
 trial  env.rewards.stair_climb.weight  env.rewards.stair_climb.params.growth  env.rewards.jump_lin_vel_z.weight  env.rewards.base_height_jump.weight  env.curriculum.terrain_levels.params.promote_steps  agent.algorithm.entropy_coef  agent.algorithm.learning_rate  env.curriculum.adaptive_reward.params.penalty_budget  env.curriculum.adaptive_reward.params.g_min  env.commands.stair_event.y_halfwidth  env.commands.stair_event.step_threshold  env.commands.stair_event.event_during_time status   metric                                                                                                             log_dir
    12                            23.5                                 2.5251                             4.3904                                -15.0                                                 3.0                      0.008431                          0.001                                                 0.572                                        0.595                              0.164676                                 0.041511                                    0.467993     ok 1.344328 /home/lch/Isaac-RL-Two-wheel-Legged-Bot/logs/co_rl/Flamingo_Light_Rough_Stair_Jump/ppo/2026-07-18_07-11-27_sweep012
     9                            23.5                                 2.5251                             4.3904                                -15.0                                                 3.0                      0.008431                          0.001                                                 0.572                                        0.595                              0.180181                                 0.027620                                    0.548928     ok 0.954354 /home/lch/Isaac-RL-Two-wheel-Legged-Bot/logs/co_rl/Flamingo_Light_Rough_Stair_Jump/ppo/2026-07-17_22-43-18_sweep009
    11                            23.5                                 2.5251                             4.3904                                -15.0                                                 3.0                      0.008431                          0.001                                                 0.572                                        0.595                              0.087572                                 0.048523                                    0.426462     ok 0.690380 /home/lch/Isaac-RL-Two-wheel-Legged-Bot/logs/co_rl/Flamingo_Light_Rough_Stair_Jump/ppo/2026-07-18_04-21-39_sweep011
    10                            23.5                                 2.5251                             4.3904                                -15.0                                                 3.0                      0.008431                          0.001                                                 0.572                                        0.595                              0.123260                                 0.033983                                    0.521848     ok 0.685875 /home/lch/Isaac-RL-Two-wheel-Legged-Bot/logs/co_rl/Flamingo_Light_Rough_Stair_Jump/ppo/2026-07-18_01-33-09_sweep010

[sweep] optuna best value=1.3443277109861373
[sweep] optuna best params={'env.rewards.stair_climb.weight': 23.5, 'env.rewards.stair_climb.params.growth': 2.5251, 'env.rewards.jump_lin_vel_z.weight': 4.3904, 'env.rewards.base_height_jump.weight': -15.0, 'env.curriculum.terrain_levels.params.promote_steps': 3.0, 'agent.algorithm.entropy_coef': 0.008431, 'agent.algorithm.learning_rate': 0.001, 'env.curriculum.adaptive_reward.params.penalty_budget': 0.572, 'env.curriculum.adaptive_reward.params.g_min': 0.595, 'env.commands.stair_event.y_halfwidth': 0.16467576835757058, 'env.commands.stair_event.step_threshold': 0.041511286630781796, 'env.commands.stair_event.event_during_time': 0.4679925632356595}
[sweep] resume/inspect: optuna-dashboard sqlite:////home/lch/Isaac-RL-Two-wheel-Legged-Bot/logs/co_rl/Flamingo_Light_Rough_Stair_Jump/ppo/_sweeps/stair_jump_timing_2026-07-15_10-43-58/study.db
